2012-09-17 11:18:18.604+0000: Creating new db @ C:\Users\Julian\Documents\NetBeansProjects\Kompetenzmanager\gwt\KompetenzManager\war\database\store\store3\neostore
2012-09-17 11:18:19.150+0000: Opened [C:\Users\Julian\Documents\NetBeansProjects\Kompetenzmanager\gwt\KompetenzManager\war\database\store\store3\nioneo_logical.log.1] clean empty log, version=0, lastTxId=1
2012-09-17 11:18:19.212+0000: TM new log: tm_tx_log.1
2012-09-17 11:18:19.259+0000: Opened [C:\Users\Julian\Documents\NetBeansProjects\Kompetenzmanager\gwt\KompetenzManager\war\database\store\store3\index\lucene.log.1] clean empty log, version=0, lastTxId=1
2012-09-17 11:18:19.275+0000: --- STARTUP diagnostics START ---
2012-09-17 11:18:19.275+0000: Neo4j Kernel properties:
    store_dir=C:\Users\Julian\Documents\NetBeansProjects\Kompetenzmanager\gwt\KompetenzManager\war\database\store\store3
    remote_logging_host=127.0.0.1
    read_only=false
    neo4j.ext.udc.host=udc.neo4j.org
    logical_log=C:\Users\Julian\Documents\NetBeansProjects\Kompetenzmanager\gwt\KompetenzManager\war\database\store\store3\nioneo_logical.log
    remote_logging_port=4560
    gc_monitor_threshold=200ms
    load_kernel_extensions=true
    array_block_size=120
    intercept_committing_transactions=false
    node_auto_indexing=false
    neostore.relationshipstore.db.mapped_memory=34M
    remote_shell_name=shell
    dump_configuration=false
    gc_monitor_wait_time=100ms
    cache_type=soft
    intercept_deserialized_transactions=false
    neostore.nodestore.db.mapped_memory=7M
    neo4j.ext.udc.first_delay=600000
    remote_shell_enabled=false
    neo4j.ext.udc.reg=unreg
    remote_shell_port=1337
    lucene_searcher_cache_size=2147483647
    neo4j.ext.udc.interval=86400000
    use_memory_mapped_buffers=false
    rebuild_idgenerators_fast=true
    ephemeral=false
    neostore.propertystore.db.index.keys.mapped_memory=1M
    neostore.propertystore.db.arrays.mapped_memory=27M
    neostore.propertystore.db.strings.mapped_memory=23M
    neo_store=C:\Users\Julian\Documents\NetBeansProjects\Kompetenzmanager\gwt\KompetenzManager\war\database\store\store3\neostore
    neostore.propertystore.db.index.mapped_memory=1M
    backup_slave=false
    neostore.propertystore.db.mapped_memory=27M
    gcr_cache_min_log_interval=60s
    relationship_auto_indexing=false
    relationship_grab_size=100
    string_block_size=120
    remote_shell_read_only=false
    grab_file_lock=true
    node_cache_array_fraction=1.0
    remote_logging_enabled=false
    allow_store_upgrade=false
    execution_guard_enabled=false
    neo4j.ext.udc.enabled=true
    relationship_cache_array_fraction=1.0
2012-09-17 11:18:19.275+0000: Diagnostics providers:
    org.neo4j.kernel.configuration.Config
    org.neo4j.kernel.info.DiagnosticsManager
    SYSTEM_MEMORY
    JAVA_MEMORY
    OPERATING_SYSTEM
    JAVA_VIRTUAL_MACHINE
    CLASSPATH
    LIBRARY_PATH
    SYSTEM_PROPERTIES
2012-09-17 11:18:19.290+0000: System memory information:
    Total Physical memory: 3,80 GB
    Free Physical memory: 706,82 MB
    Committed virtual memory: 466,00 MB
    Total swap space: 7,60 GB
    Free swap space: 2,40 GB
2012-09-17 11:18:19.290+0000: JVM memory information:
    Free  memory: 124,60 MB
    Total memory: 253,69 MB
    Max   memory: 455,13 MB
    Garbage Collector: PS Scavenge: [PS Eden Space, PS Survivor Space]
    Garbage Collector: PS MarkSweep: [PS Eden Space, PS Survivor Space, PS Old Gen, PS Perm Gen]
    Memory Pool: Code Cache (Non-heap memory): committed=6,44 MB, used=5,91 MB, max=48,00 MB, threshold=0,00 B
    Memory Pool: PS Eden Space (Heap memory): committed=66,38 MB, used=31,21 MB, max=84,25 MB, threshold=?
    Memory Pool: PS Survivor Space (Heap memory): committed=33,44 MB, used=33,41 MB, max=33,44 MB, threshold=?
    Memory Pool: PS Old Gen (Heap memory): committed=153,88 MB, used=64,48 MB, max=341,38 MB, threshold=0,00 B
    Memory Pool: PS Perm Gen (Non-heap memory): committed=39,69 MB, used=37,17 MB, max=82,00 MB, threshold=0,00 B
2012-09-17 11:18:19.290+0000: Operating system information:
    Operating System: Windows 7; version: 6.1; arch: amd64; cpus: 4
    Process id: 9564@Julian-THINK
    Byte order: LITTLE_ENDIAN
2012-09-17 11:18:19.368+0000: JVM information:
    VM Name: Java HotSpot(TM) 64-Bit Server VM
    VM Vendor: Sun Microsystems Inc.
    VM Version: 19.1-b02
    JIT compiler: HotSpot 64-Bit Server Compiler
    VM Arguments: [-Xmx512m, -Dfile.encoding=Cp1252]
2012-09-17 11:18:19.368+0000: Java classpath:
     [classpath] C:\Users\Julian\Documents\NetBeansProjects\Kompetenzmanager\gwt\KompetenzManager\lib\gwt-ent-0.7\gwtent-orm.jar
     [classpath] C:\Users\Julian\Documents\NetBeansProjects\Kompetenzmanager\gwt\KompetenzManager\src
     [classpath + loader.0] file:/C:/Users/Julian/Documents/NetBeansProjects/Kompetenzmanager/gwt/KompetenzManager/war/WEB-INF/lib/gwt-incubator-20101117-r1766.jar
     [classpath + loader.0] file:/C:/Users/Julian/Documents/NetBeansProjects/Kompetenzmanager/gwt/KompetenzManager/war/WEB-INF/classes/
     [loader.0] file:/C:/Users/Julian/Documents/NetBeansProjects/Kompetenzmanager/gwt/KompetenzManager/war/WEB-INF/lib/appengine-jsr107cache-1.5.0.jar
     [classpath] C:\Users\Julian\Documents\NetBeansProjects\Kompetenzmanager\gwt\KompetenzManager\lib\gwt-ent-0.7\gwtent.jar
     [loader.0] file:/C:/Users/Julian/Documents/NetBeansProjects/Kompetenzmanager/gwt/KompetenzManager/war/WEB-INF/lib/datanucleus-appengine-1.0.8.final.jar
     [bootstrap] C:\Program Files\Java\jdk1.6.0_24\jre\classes
     [bootstrap] C:\Program Files\Java\jdk1.6.0_24\jre\lib\resources.jar
     [classpath] C:\Users\Julian\Documents\NetBeansProjects\Kompetenzmanager\gwt\KompetenzManager\lib\gwt-ent-0.7\gwtent-gwt15patch.jar
     [loader.0] file:/C:/Users/Julian/Documents/NetBeansProjects/Kompetenzmanager/gwt/KompetenzManager/war/WEB-INF/lib/appengine-api-1.0-sdk-1.5.0.jar
     [loader.0] file:/C:/Users/Julian/Documents/NetBeansProjects/Kompetenzmanager/gwt/KompetenzManager/war/WEB-INF/lib/jdo2-api-2.3-eb.jar
     [classpath] C:\Program Files\eclipse\eclipse\plugins\com.google.gwt.eclipse.sdkbundle_2.3.0.r36v201104261928\gwt-2.3.0\gwt-dev.jar
     [loader.0] file:/C:/Users/Julian/Documents/NetBeansProjects/Kompetenzmanager/gwt/KompetenzManager/war/WEB-INF/lib/geronimo-jpa_3.0_spec-1.1.1.jar
     [bootstrap] C:\Program Files\Java\jdk1.6.0_24\jre\lib\rt.jar
     [loader.0] file:/C:/Users/Julian/Documents/NetBeansProjects/Kompetenzmanager/gwt/KompetenzManager/war/WEB-INF/lib/datanucleus-jpa-1.1.5.jar
     [classpath + loader.0] file:/C:/Users/Julian/Documents/NetBeansProjects/Kompetenzmanager/gwt/KompetenzManager/war/WEB-INF/lib/neo4j-shell-1.7.2.jar
     [loader.0] file:/C:/Users/Julian/Documents/NetBeansProjects/Kompetenzmanager/gwt/KompetenzManager/war/WEB-INF/lib/datanucleus-core-1.1.5.jar
     [bootstrap] C:\Program Files\Java\jdk1.6.0_24\jre\lib\jsse.jar
     [bootstrap] C:\Program Files\Java\jdk1.6.0_24\jre\lib\charsets.jar
     [loader.0] file:/C:/Users/Julian/Documents/NetBeansProjects/Kompetenzmanager/gwt/KompetenzManager/war/WEB-INF/lib/gwt-servlet.jar
     [classpath + loader.0] file:/C:/Users/Julian/Documents/NetBeansProjects/Kompetenzmanager/gwt/KompetenzManager/war/WEB-INF/lib/raphaelgwt-1.0.0.jar
     [loader.0] file:/C:/Users/Julian/Documents/NetBeansProjects/Kompetenzmanager/gwt/KompetenzManager/war/WEB-INF/lib/appengine-api-labs-1.5.0.jar
     [classpath] C:\Users\Julian\Documents\NetBeansProjects\Kompetenzmanager\gwt\KompetenzManager\test-classes
     [loader.0] file:/C:/Users/Julian/Documents/NetBeansProjects/Kompetenzmanager/gwt/KompetenzManager/war/WEB-INF/lib/jsr107cache-1.1.jar
     [classpath + loader.0] file:/C:/Users/Julian/Documents/NetBeansProjects/Kompetenzmanager/gwt/KompetenzManager/war/WEB-INF/lib/neo4j-kernel-1.7.2.jar
     [classpath + loader.0] file:/C:/Users/Julian/Documents/NetBeansProjects/Kompetenzmanager/gwt/KompetenzManager/war/WEB-INF/lib/neo4j-lucene-index-1.7.2.jar
     [classpath + loader.0] file:/C:/Users/Julian/Documents/NetBeansProjects/Kompetenzmanager/gwt/KompetenzManager/war/WEB-INF/lib/neo4j-cypher-1.7.2.jar
     [classpath + loader.0] file:/C:/Users/Julian/Documents/NetBeansProjects/Kompetenzmanager/gwt/KompetenzManager/war/WEB-INF/lib/scala-library-2.9.0-1.jar
     [classpath] C:\Users\Julian\Documents\NetBeansProjects\Kompetenzmanager\gwt\KompetenzManager\lib\neo4j-community-1.7.2\lib\geronimo-jta_1.1_spec-1.1.1.jar
     [classpath] C:\Program Files\eclipse\eclipse\plugins\com.google.gwt.eclipse.sdkbundle_2.3.0.r36v201104261928\gwt-2.3.0\gwt-user.jar
     [classpath] C:\Program Files\eclipse\eclipse\plugins\org.junit_4.8.1.v4_8_1_v20100427-1100\junit.jar
     [classpath + loader.0] file:/C:/Users/Julian/Documents/NetBeansProjects/Kompetenzmanager/gwt/KompetenzManager/war/WEB-INF/lib/neo4j-graph-algo-1.7.2.jar
     [classpath] C:\Users\Julian\Documents\NetBeansProjects\Kompetenzmanager\gwt\KompetenzManager\lib\gwt-ent-0.7\gwtent-spring.jar
     [classpath + loader.0] file:/C:/Users/Julian/Documents/NetBeansProjects/Kompetenzmanager/gwt/KompetenzManager/war/WEB-INF/lib/neo4j-udc-1.7.2.jar
     [classpath] C:\Program Files\eclipse\eclipse\plugins\com.google.gwt.eclipse.sdkbundle_2.3.0.r36v201104261928\gwt-2.3.0\validation-api-1.0.0.GA-sources.jar
     [bootstrap] C:\Program Files\Java\jdk1.6.0_24\jre\lib\sunrsasign.jar
     [bootstrap] C:\Program Files\Java\jdk1.6.0_24\jre\lib\jce.jar
     [classpath + loader.0] file:/C:/Users/Julian/Documents/NetBeansProjects/Kompetenzmanager/gwt/KompetenzManager/war/WEB-INF/lib/rapahel4gwt-0.34.jar
     [classpath + loader.0] file:/C:/Users/Julian/Documents/NetBeansProjects/Kompetenzmanager/gwt/KompetenzManager/war/WEB-INF/lib/lucene-core-3.5.0.jar
     [classpath + loader.0] file:/C:/Users/Julian/Documents/NetBeansProjects/Kompetenzmanager/gwt/KompetenzManager/war/WEB-INF/lib/neo4j-graph-matching-1.7.2.jar
     [classpath + loader.0] file:/C:/Users/Julian/Documents/NetBeansProjects/Kompetenzmanager/gwt/KompetenzManager/war/WEB-INF/lib/neo4j-jmx-1.7.2.jar
     [classpath] C:\Users\Julian\Documents\NetBeansProjects\Kompetenzmanager\gwt\KompetenzManager\lib\gwt-ent-0.7\gwtent-gxt.jar
     [classpath + loader.0] file:/C:/Users/Julian/Documents/NetBeansProjects/Kompetenzmanager/gwt/KompetenzManager/war/WEB-INF/lib/server-api-1.7.2.jar
     [classpath + loader.0] file:/C:/Users/Julian/Documents/NetBeansProjects/Kompetenzmanager/gwt/KompetenzManager/war/WEB-INF/lib/geronimo-jta_1.1_spec-1.1.1.jar
     [classpath + loader.0] file:/C:/Users/Julian/Documents/NetBeansProjects/Kompetenzmanager/gwt/KompetenzManager/war/WEB-INF/lib/neo4j-community-1.7.2.jar
     [classpath] C:\Program Files\eclipse\eclipse\plugins\com.google.gwt.eclipse.sdkbundle_2.3.0.r36v201104261928\gwt-2.3.0\validation-api-1.0.0.GA.jar
     [classpath] C:\Program Files\eclipse\eclipse\plugins\org.hamcrest.core_1.1.0.v20090501071000.jar
     [bootstrap] C:\Program Files\Java\jdk1.6.0_24\jre\lib\modules\jdk.boot.jar
2012-09-17 11:18:19.384+0000: Library path:
    C:\Program Files\Java\jdk1.6.0_24\bin
    C:\Users\Julian\Documents\NetBeansProjects\Kompetenzmanager\gwt\KompetenzManager\war
    C:\Windows\Sun\Java\bin
    C:\Windows\System32
    C:\Windows
    C:\Program Files (x86)\MiKTeX 2.8\miktex\bin
    C:\Program Files\Common Files\Microsoft Shared\Windows Live
    C:\Program Files (x86)\Common Files\microsoft shared\Windows Live
    C:\Windows\System32
    C:\Windows
    C:\Windows\System32\wbem
    C:\Windows\System32\WindowsPowerShell\v1.0
    C:\Program Files\ThinkPad\Bluetooth Software
    C:\Program Files\ThinkPad\Bluetooth Software\syswow64
    C:\Program Files\Intel\WiFi\bin
    C:\Program Files\Common Files\Intel\WirelessCommon
    C:\Program Files (x86)\Common Files\Lenovo
    C:\Program Files (x86)\Lenovo\Access Connections
    C:\Program Files (x86)\Windows Live\Shared
    C:\Program Files\Common Files\Lenovo
    C:\Program Files (x86)\Lenovo\Client Security Solution
    C:\Program Files\Lenovo\Client Security Solution
    C:\Program Files (x86)\Subversion\bin
    C:\Program Files\MySQL\MySQL Server 5.5\bin
    C:\Program Files\Java\jdk1.6.0_24\bin
    C:\Program Files\Java\jre6\bin
    C:\Program Files (x86)\Microsoft SQL Server\100\Tools\Binn
    C:\Program Files\Microsoft SQL Server\100\Tools\Binn
    C:\Program Files\Microsoft SQL Server\100\DTS\Binn
    C:\Program Files\Java\jdk1.6.0_24\bin
    C:\Program Files (x86)\Git\cmd
    C:\Program Files (x86)\Git\bin
    C:\Program Files\TortoiseSVN\bin
    C:\Program Files\TortoiseHg
    C:\Users\Julian\.netbeans\7.0\maven\bin
    C:\Users\Julian\Software\scala-2.9.1.final\scala-2.9.1.final\bin
    C:\Users\Julian\Software\apache-ant-1.8.2\bin
    C:\Program Files (x86)\Android\android-sdk\platform-tools
    C:\Ruby187\bin
    C:\Program Files (x86)\glassfish-3.1.1\glassfish\bin
    C:\Users\Julian\Software\xampp\php
2012-09-17 11:18:19.415+0000: System.properties:
    sun.boot.library.path = C:\Program Files\Java\jdk1.6.0_24\jre\bin
    path.separator = ;
    file.encoding.pkg = sun.io
    sun.java.launcher = SUN_STANDARD
    user.country = DE
    sun.os.patch.level = Service Pack 1
    user.dir = C:\Users\Julian\Documents\NetBeansProjects\Kompetenzmanager\gwt\KompetenzManager\war
    org.mortbay.log.class = com.google.gwt.dev.shell.jetty.JettyNullLogger
    user.variant = 
    sun.jnu.encoding = Cp1252
    sun.management.compiler = HotSpot 64-Bit Server Compiler
    user.home = C:\Users\Julian
    user.timezone = Europe/Berlin
    file.encoding = Cp1252
    org.mortbay.xml.XmlParser.Validating = false
    build.compiler = org.eclipse.jdt.core.JDTCompilerAdapter
    user.name = Julian
    sun.arch.data.model = 64
    user.language = de
    awt.toolkit = sun.awt.windows.WToolkit
    file.separator = \
    sun.io.unicode.encoding = UnicodeLittle
    sun.cpu.endian = little
    sun.desktop = windows
    sun.cpu.isalist = amd64
2012-09-17 11:18:19.415+0000: --- STARTUP diagnostics END ---
2012-09-17 11:18:19.524+0000: Extension org.neo4j.kernel.KernelExtension[kernel jmx] loaded ok
2012-09-17 11:18:19.524+0000: Extension org.neo4j.kernel.KernelExtension[shell] loaded ok
2012-09-17 11:18:19.555+0000: Extension org.neo4j.kernel.KernelExtension[kernel udc] loaded ok
2012-09-17 11:18:19.571+0000: --- STARTUP diagnostics for KernelDiagnostics:Versions START ---
2012-09-17 11:18:19.571+0000: Graph Database: org.neo4j.kernel.EmbeddedGraphDatabase StoreId[time:1347880698604, id:4230156788471535349, store version: 13561656364791302]
2012-09-17 11:18:19.571+0000: Kernel version: Neo4j - Graph Database Kernel 1.7.2
2012-09-17 11:18:19.571+0000: Neo4j component versions:
2012-09-17 11:18:19.571+0000:   Neo4j - Graph Database Kernel 1.7.2
2012-09-17 11:18:19.571+0000: --- STARTUP diagnostics for KernelDiagnostics:Versions END ---
2012-09-17 11:18:19.571+0000: --- STARTUP diagnostics for NEO_STORE_VERSIONS START ---
2012-09-17 11:18:19.571+0000: Store versions:
    Store versions:
      NeoStore v0.A.0
      NodeStore v0.A.0
      RelationshipStore v0.A.0
      RelationshipTypeStore v0.A.0
      PropertyStore v0.A.0
      PropertyIndexStore v0.A.0
      StringPropertyStore v0.A.0
      ArrayPropertyStore v0.A.0
2012-09-17 11:18:19.571+0000: --- STARTUP diagnostics for NEO_STORE_VERSIONS END ---
2012-09-17 11:18:19.571+0000: --- STARTUP diagnostics for NEO_STORE_ID_USAGE START ---
2012-09-17 11:18:19.571+0000: Id usage:
    Id usage:
      NodeStore: used=1 high=0
      RelationshipStore: used=0 high=-1
      RelationshipTypeStore: used=0 high=-1
      PropertyStore: used=0 high=-1
      PropertyIndexStore: used=0 high=-1
      StringPropertyStore: used=1 high=0
      ArrayPropertyStore: used=1 high=0
2012-09-17 11:18:19.571+0000: --- STARTUP diagnostics for NEO_STORE_ID_USAGE END ---
2012-09-17 11:18:19.571+0000: --- STARTUP diagnostics for KernelDiagnostics:StoreFiles START ---
2012-09-17 11:18:19.571+0000: Storage files:
    active_tx_log: 11,00 B
    index:
      lucene-store.db: 40,00 B
      lucene.log.1: 16,00 B
      lucene.log.active: 4,00 B
    - Total: 60,00 B
    lock: 0,00 B
    messages.log: 15,56 kB
    neostore: 54,00 B
    neostore.id: 9,00 B
    neostore.nodestore.db: 9,00 B
    neostore.nodestore.db.id: 9,00 B
    neostore.propertystore.db: 0,00 B
    neostore.propertystore.db.arrays: 128,00 B
    neostore.propertystore.db.arrays.id: 9,00 B
    neostore.propertystore.db.id: 9,00 B
    neostore.propertystore.db.index: 0,00 B
    neostore.propertystore.db.index.id: 9,00 B
    neostore.propertystore.db.index.keys: 38,00 B
    neostore.propertystore.db.index.keys.id: 9,00 B
    neostore.propertystore.db.strings: 128,00 B
    neostore.propertystore.db.strings.id: 9,00 B
    neostore.relationshipstore.db: 0,00 B
    neostore.relationshipstore.db.id: 9,00 B
    neostore.relationshiptypestore.db: 0,00 B
    neostore.relationshiptypestore.db.id: 9,00 B
    neostore.relationshiptypestore.db.names: 38,00 B
    neostore.relationshiptypestore.db.names.id: 9,00 B
    nioneo_logical.log.1: 16,00 B
    nioneo_logical.log.active: 4,00 B
    tm_tx_log.1: 0,00 B
2012-09-17 11:45:46.983+0000: C:\Users\Julian\Documents\NetBeansProjects\Kompetenzmanager\gwt\KompetenzManager\war\database\store\store3\neostore.relationshiptypestore.db.names non clean shutdown detected
2012-09-17 11:45:47.001+0000: C:\Users\Julian\Documents\NetBeansProjects\Kompetenzmanager\gwt\KompetenzManager\war\database\store\store3\neostore.relationshiptypestore.db non clean shutdown detected
2012-09-17 11:45:47.012+0000: C:\Users\Julian\Documents\NetBeansProjects\Kompetenzmanager\gwt\KompetenzManager\war\database\store\store3\neostore.propertystore.db.strings non clean shutdown detected
2012-09-17 11:45:47.023+0000: C:\Users\Julian\Documents\NetBeansProjects\Kompetenzmanager\gwt\KompetenzManager\war\database\store\store3\neostore.propertystore.db.index.keys non clean shutdown detected
2012-09-17 11:45:47.031+0000: C:\Users\Julian\Documents\NetBeansProjects\Kompetenzmanager\gwt\KompetenzManager\war\database\store\store3\neostore.propertystore.db.index non clean shutdown detected
2012-09-17 11:45:47.043+0000: C:\Users\Julian\Documents\NetBeansProjects\Kompetenzmanager\gwt\KompetenzManager\war\database\store\store3\neostore.propertystore.db.arrays non clean shutdown detected
2012-09-17 11:45:47.056+0000: C:\Users\Julian\Documents\NetBeansProjects\Kompetenzmanager\gwt\KompetenzManager\war\database\store\store3\neostore.propertystore.db non clean shutdown detected
2012-09-17 11:45:47.064+0000: C:\Users\Julian\Documents\NetBeansProjects\Kompetenzmanager\gwt\KompetenzManager\war\database\store\store3\neostore.relationshipstore.db non clean shutdown detected
2012-09-17 11:45:47.071+0000: C:\Users\Julian\Documents\NetBeansProjects\Kompetenzmanager\gwt\KompetenzManager\war\database\store\store3\neostore.nodestore.db non clean shutdown detected
2012-09-17 11:46:41.185+0000: C:\Users\Julian\Documents\NetBeansProjects\Kompetenzmanager\gwt\KompetenzManager\war\database\store\store3\neostore.relationshiptypestore.db.names non clean shutdown detected
2012-09-17 11:46:41.200+0000: C:\Users\Julian\Documents\NetBeansProjects\Kompetenzmanager\gwt\KompetenzManager\war\database\store\store3\neostore.relationshiptypestore.db non clean shutdown detected
2012-09-17 11:46:41.201+0000: C:\Users\Julian\Documents\NetBeansProjects\Kompetenzmanager\gwt\KompetenzManager\war\database\store\store3\neostore.propertystore.db.strings non clean shutdown detected
2012-09-17 11:46:41.202+0000: C:\Users\Julian\Documents\NetBeansProjects\Kompetenzmanager\gwt\KompetenzManager\war\database\store\store3\neostore.propertystore.db.index.keys non clean shutdown detected
2012-09-17 11:46:41.206+0000: C:\Users\Julian\Documents\NetBeansProjects\Kompetenzmanager\gwt\KompetenzManager\war\database\store\store3\neostore.propertystore.db.index non clean shutdown detected
2012-09-17 11:46:41.208+0000: C:\Users\Julian\Documents\NetBeansProjects\Kompetenzmanager\gwt\KompetenzManager\war\database\store\store3\neostore.propertystore.db.arrays non clean shutdown detected
2012-09-17 11:46:41.221+0000: C:\Users\Julian\Documents\NetBeansProjects\Kompetenzmanager\gwt\KompetenzManager\war\database\store\store3\neostore.propertystore.db non clean shutdown detected
2012-09-17 11:46:41.225+0000: C:\Users\Julian\Documents\NetBeansProjects\Kompetenzmanager\gwt\KompetenzManager\war\database\store\store3\neostore.relationshipstore.db non clean shutdown detected
2012-09-17 11:46:41.228+0000: C:\Users\Julian\Documents\NetBeansProjects\Kompetenzmanager\gwt\KompetenzManager\war\database\store\store3\neostore.nodestore.db non clean shutdown detected
2012-09-17 11:46:41.235+0000: C:\Users\Julian\Documents\NetBeansProjects\Kompetenzmanager\gwt\KompetenzManager\war\database\store\store3\neostore non clean shutdown detected
2012-09-17 11:46:41.261+0000: Non clean shutdown detected on log [C:\Users\Julian\Documents\NetBeansProjects\Kompetenzmanager\gwt\KompetenzManager\war\database\store\store3\nioneo_logical.log.1]. Recovery started ...
2012-09-17 11:46:41.266+0000: [C:\Users\Julian\Documents\NetBeansProjects\Kompetenzmanager\gwt\KompetenzManager\war\database\store\store3\nioneo_logical.log.1] logVersion=0 with committed tx=1
2012-09-17 11:46:41.307+0000: [C:\Users\Julian\Documents\NetBeansProjects\Kompetenzmanager\gwt\KompetenzManager\war\database\store\store3\nioneo_logical.log.1] entries found=75 lastEntryPos=4656
2012-09-17 11:46:41.308+0000: Internal recovery completed, scanned 75 log entries. Recovered 5 transactions. Last tx recovered: 6
2012-09-17 11:46:41.308+0000: XaResourceManager[C:\Users\Julian\Documents\NetBeansProjects\Kompetenzmanager\gwt\KompetenzManager\war\database\store\store3\nioneo_logical.log] sorting 1 xids
2012-09-17 11:46:41.382+0000: XaResourceManager[C:\Users\Julian\Documents\NetBeansProjects\Kompetenzmanager\gwt\KompetenzManager\war\database\store\store3\nioneo_logical.log] checkRecoveryComplete 0 xids
2012-09-17 11:46:41.572+0000: C:\Users\Julian\Documents\NetBeansProjects\Kompetenzmanager\gwt\KompetenzManager\war\database\store\store3\neostore.relationshiptypestore.db.names rebuild id generator, highId=2 defragged count=0
2012-09-17 11:46:41.665+0000: C:\Users\Julian\Documents\NetBeansProjects\Kompetenzmanager\gwt\KompetenzManager\war\database\store\store3\neostore.propertystore.db.index.keys rebuild id generator, highId=17 defragged count=0
2012-09-17 11:46:41.712+0000: C:\Users\Julian\Documents\NetBeansProjects\Kompetenzmanager\gwt\KompetenzManager\war\database\store\store3\neostore.propertystore.db.index rebuild id generator, highId=12 defragged count=0
2012-09-17 11:46:41.790+0000: C:\Users\Julian\Documents\NetBeansProjects\Kompetenzmanager\gwt\KompetenzManager\war\database\store\store3\neostore.propertystore.db.strings rebuild id generator, highId=9 defragged count=0
2012-09-17 11:46:41.806+0000: C:\Users\Julian\Documents\NetBeansProjects\Kompetenzmanager\gwt\KompetenzManager\war\database\store\store3\neostore.propertystore.db.arrays rebuild id generator, highId=1 defragged count=0
2012-09-17 11:46:42.149+0000: C:\Users\Julian\Documents\NetBeansProjects\Kompetenzmanager\gwt\KompetenzManager\war\database\store\store3\neostore.propertystore.db rebuild id generator, highId=16 defragged count=0
2012-09-17 11:46:42.305+0000: C:\Users\Julian\Documents\NetBeansProjects\Kompetenzmanager\gwt\KompetenzManager\war\database\store\store3\neostore.relationshipstore.db rebuild id generator, highId=4 defragged count=0
2012-09-17 11:46:42.430+0000: C:\Users\Julian\Documents\NetBeansProjects\Kompetenzmanager\gwt\KompetenzManager\war\database\store\store3\neostore.nodestore.db rebuild id generator, highId=7 defragged count=0
2012-09-17 11:46:42.477+0000: C:\Users\Julian\Documents\NetBeansProjects\Kompetenzmanager\gwt\KompetenzManager\war\database\store\store3\neostore rebuild id generator, highId=6 defragged count=0
2012-09-17 11:46:42.492+0000: XaResourceManager[C:\Users\Julian\Documents\NetBeansProjects\Kompetenzmanager\gwt\KompetenzManager\war\database\store\store3\nioneo_logical.log] recovery completed.
2012-09-17 11:46:42.492+0000: Recovery on log [C:\Users\Julian\Documents\NetBeansProjects\Kompetenzmanager\gwt\KompetenzManager\war\database\store\store3\nioneo_logical.log.1] completed.
2012-09-17 11:46:42.508+0000: TM opening log: C:\Users\Julian\Documents\NetBeansProjects\Kompetenzmanager\gwt\KompetenzManager\war\database\store\store3\tm_tx_log.1
2012-09-17 11:46:42.570+0000: Non clean shutdown detected on log [C:\Users\Julian\Documents\NetBeansProjects\Kompetenzmanager\gwt\KompetenzManager\war\database\store\store3\index\lucene.log.1]. Recovery started ...
2012-09-17 11:46:42.570+0000: [C:\Users\Julian\Documents\NetBeansProjects\Kompetenzmanager\gwt\KompetenzManager\war\database\store\store3\index\lucene.log.1] logVersion=0 with committed tx=1
2012-09-17 11:46:43.200+0000: [C:\Users\Julian\Documents\NetBeansProjects\Kompetenzmanager\gwt\KompetenzManager\war\database\store\store3\index\lucene.log.1] entries found=33 lastEntryPos=1831
2012-09-17 11:46:43.200+0000: Internal recovery completed, scanned 33 log entries. Recovered 6 transactions. Last tx recovered: 7
2012-09-17 11:46:43.200+0000: XaResourceManager[C:\Users\Julian\Documents\NetBeansProjects\Kompetenzmanager\gwt\KompetenzManager\war\database\store\store3\index\lucene.log] sorting 1 xids
2012-09-17 11:46:43.201+0000: XaResourceManager[C:\Users\Julian\Documents\NetBeansProjects\Kompetenzmanager\gwt\KompetenzManager\war\database\store\store3\index\lucene.log] checkRecoveryComplete 0 xids
2012-09-17 11:46:43.202+0000: XaResourceManager[C:\Users\Julian\Documents\NetBeansProjects\Kompetenzmanager\gwt\KompetenzManager\war\database\store\store3\index\lucene.log] recovery completed.
2012-09-17 11:46:43.202+0000: Recovery on log [C:\Users\Julian\Documents\NetBeansProjects\Kompetenzmanager\gwt\KompetenzManager\war\database\store\store3\index\lucene.log.1] completed.
2012-09-17 11:46:43.204+0000: --- STARTUP diagnostics START ---
2012-09-17 11:46:43.205+0000: Neo4j Kernel properties:
    store_dir=C:\Users\Julian\Documents\NetBeansProjects\Kompetenzmanager\gwt\KompetenzManager\war\database\store\store3
    remote_logging_host=127.0.0.1
    read_only=false
    neo4j.ext.udc.host=udc.neo4j.org
    logical_log=C:\Users\Julian\Documents\NetBeansProjects\Kompetenzmanager\gwt\KompetenzManager\war\database\store\store3\nioneo_logical.log
    remote_logging_port=4560
    gc_monitor_threshold=200ms
    load_kernel_extensions=true
    array_block_size=120
    intercept_committing_transactions=false
    node_auto_indexing=false
    neostore.relationshipstore.db.mapped_memory=34M
    remote_shell_name=shell
    dump_configuration=false
    gc_monitor_wait_time=100ms
    cache_type=soft
    intercept_deserialized_transactions=false
    neostore.nodestore.db.mapped_memory=7M
    neo4j.ext.udc.first_delay=600000
    remote_shell_enabled=false
    neo4j.ext.udc.reg=unreg
    remote_shell_port=1337
    lucene_searcher_cache_size=2147483647
    neo4j.ext.udc.interval=86400000
    use_memory_mapped_buffers=false
    rebuild_idgenerators_fast=true
    ephemeral=false
    neostore.propertystore.db.index.keys.mapped_memory=1M
    neostore.propertystore.db.arrays.mapped_memory=27M
    neostore.propertystore.db.strings.mapped_memory=23M
    neo_store=C:\Users\Julian\Documents\NetBeansProjects\Kompetenzmanager\gwt\KompetenzManager\war\database\store\store3\neostore
    neostore.propertystore.db.index.mapped_memory=1M
    backup_slave=false
    neostore.propertystore.db.mapped_memory=27M
    gcr_cache_min_log_interval=60s
    relationship_auto_indexing=false
    relationship_grab_size=100
    string_block_size=120
    remote_shell_read_only=false
    grab_file_lock=true
    node_cache_array_fraction=1.0
    remote_logging_enabled=false
    allow_store_upgrade=false
    execution_guard_enabled=false
    neo4j.ext.udc.enabled=true
    relationship_cache_array_fraction=1.0
2012-09-17 11:46:43.209+0000: Diagnostics providers:
    org.neo4j.kernel.configuration.Config
    org.neo4j.kernel.info.DiagnosticsManager
    SYSTEM_MEMORY
    JAVA_MEMORY
    OPERATING_SYSTEM
    JAVA_VIRTUAL_MACHINE
    CLASSPATH
    LIBRARY_PATH
    SYSTEM_PROPERTIES
2012-09-17 11:46:43.210+0000: System memory information:
    Total Physical memory: 3,80 GB
    Free Physical memory: 1002,18 MB
    Committed virtual memory: 475,91 MB
    Total swap space: 7,60 GB
    Free swap space: 2,34 GB
2012-09-17 11:46:43.213+0000: JVM memory information:
    Free  memory: 178,37 MB
    Total memory: 298,81 MB
    Max   memory: 455,13 MB
    Garbage Collector: PS Scavenge: [PS Eden Space, PS Survivor Space]
    Garbage Collector: PS MarkSweep: [PS Eden Space, PS Survivor Space, PS Old Gen, PS Perm Gen]
    Memory Pool: Code Cache (Non-heap memory): committed=6,13 MB, used=6,04 MB, max=48,00 MB, threshold=0,00 B
    Memory Pool: PS Eden Space (Heap memory): committed=63,81 MB, used=11,28 MB, max=72,31 MB, threshold=?
    Memory Pool: PS Survivor Space (Heap memory): committed=49,38 MB, used=12,09 MB, max=49,38 MB, threshold=?
    Memory Pool: PS Old Gen (Heap memory): committed=185,63 MB, used=97,08 MB, max=341,38 MB, threshold=0,00 B
    Memory Pool: PS Perm Gen (Non-heap memory): committed=39,81 MB, used=39,66 MB, max=82,00 MB, threshold=0,00 B
2012-09-17 11:46:43.217+0000: Operating system information:
    Operating System: Windows 7; version: 6.1; arch: amd64; cpus: 4
    Process id: 10656@Julian-THINK
    Byte order: LITTLE_ENDIAN
2012-09-17 11:46:43.220+0000: JVM information:
    VM Name: Java HotSpot(TM) 64-Bit Server VM
    VM Vendor: Sun Microsystems Inc.
    VM Version: 19.1-b02
    JIT compiler: HotSpot 64-Bit Server Compiler
    VM Arguments: [-Xmx512m, -Dfile.encoding=Cp1252]
2012-09-17 11:46:43.221+0000: Java classpath:
     [classpath] C:\Users\Julian\Documents\NetBeansProjects\Kompetenzmanager\gwt\KompetenzManager\lib\gwt-ent-0.7\gwtent-orm.jar
     [classpath] C:\Users\Julian\Documents\NetBeansProjects\Kompetenzmanager\gwt\KompetenzManager\src
     [classpath + loader.0] file:/C:/Users/Julian/Documents/NetBeansProjects/Kompetenzmanager/gwt/KompetenzManager/war/WEB-INF/lib/gwt-incubator-20101117-r1766.jar
     [classpath + loader.0] file:/C:/Users/Julian/Documents/NetBeansProjects/Kompetenzmanager/gwt/KompetenzManager/war/WEB-INF/classes/
     [loader.0] file:/C:/Users/Julian/Documents/NetBeansProjects/Kompetenzmanager/gwt/KompetenzManager/war/WEB-INF/lib/appengine-jsr107cache-1.5.0.jar
     [classpath] C:\Users\Julian\Documents\NetBeansProjects\Kompetenzmanager\gwt\KompetenzManager\lib\gwt-ent-0.7\gwtent.jar
     [loader.0] file:/C:/Users/Julian/Documents/NetBeansProjects/Kompetenzmanager/gwt/KompetenzManager/war/WEB-INF/lib/datanucleus-appengine-1.0.8.final.jar
     [bootstrap] C:\Program Files\Java\jdk1.6.0_24\jre\classes
     [bootstrap] C:\Program Files\Java\jdk1.6.0_24\jre\lib\resources.jar
     [classpath] C:\Users\Julian\Documents\NetBeansProjects\Kompetenzmanager\gwt\KompetenzManager\lib\gwt-ent-0.7\gwtent-gwt15patch.jar
     [loader.0] file:/C:/Users/Julian/Documents/NetBeansProjects/Kompetenzmanager/gwt/KompetenzManager/war/WEB-INF/lib/appengine-api-1.0-sdk-1.5.0.jar
     [loader.0] file:/C:/Users/Julian/Documents/NetBeansProjects/Kompetenzmanager/gwt/KompetenzManager/war/WEB-INF/lib/jdo2-api-2.3-eb.jar
     [classpath] C:\Program Files\eclipse\eclipse\plugins\com.google.gwt.eclipse.sdkbundle_2.3.0.r36v201104261928\gwt-2.3.0\gwt-dev.jar
     [loader.0] file:/C:/Users/Julian/Documents/NetBeansProjects/Kompetenzmanager/gwt/KompetenzManager/war/WEB-INF/lib/geronimo-jpa_3.0_spec-1.1.1.jar
     [bootstrap] C:\Program Files\Java\jdk1.6.0_24\jre\lib\rt.jar
     [loader.0] file:/C:/Users/Julian/Documents/NetBeansProjects/Kompetenzmanager/gwt/KompetenzManager/war/WEB-INF/lib/datanucleus-jpa-1.1.5.jar
     [classpath + loader.0] file:/C:/Users/Julian/Documents/NetBeansProjects/Kompetenzmanager/gwt/KompetenzManager/war/WEB-INF/lib/neo4j-shell-1.7.2.jar
     [loader.0] file:/C:/Users/Julian/Documents/NetBeansProjects/Kompetenzmanager/gwt/KompetenzManager/war/WEB-INF/lib/datanucleus-core-1.1.5.jar
     [bootstrap] C:\Program Files\Java\jdk1.6.0_24\jre\lib\jsse.jar
     [bootstrap] C:\Program Files\Java\jdk1.6.0_24\jre\lib\charsets.jar
     [loader.0] file:/C:/Users/Julian/Documents/NetBeansProjects/Kompetenzmanager/gwt/KompetenzManager/war/WEB-INF/lib/gwt-servlet.jar
     [classpath + loader.0] file:/C:/Users/Julian/Documents/NetBeansProjects/Kompetenzmanager/gwt/KompetenzManager/war/WEB-INF/lib/raphaelgwt-1.0.0.jar
     [loader.0] file:/C:/Users/Julian/Documents/NetBeansProjects/Kompetenzmanager/gwt/KompetenzManager/war/WEB-INF/lib/appengine-api-labs-1.5.0.jar
     [classpath] C:\Users\Julian\Documents\NetBeansProjects\Kompetenzmanager\gwt\KompetenzManager\test-classes
     [loader.0] file:/C:/Users/Julian/Documents/NetBeansProjects/Kompetenzmanager/gwt/KompetenzManager/war/WEB-INF/lib/jsr107cache-1.1.jar
     [classpath + loader.0] file:/C:/Users/Julian/Documents/NetBeansProjects/Kompetenzmanager/gwt/KompetenzManager/war/WEB-INF/lib/neo4j-kernel-1.7.2.jar
     [classpath + loader.0] file:/C:/Users/Julian/Documents/NetBeansProjects/Kompetenzmanager/gwt/KompetenzManager/war/WEB-INF/lib/neo4j-lucene-index-1.7.2.jar
     [classpath + loader.0] file:/C:/Users/Julian/Documents/NetBeansProjects/Kompetenzmanager/gwt/KompetenzManager/war/WEB-INF/lib/neo4j-cypher-1.7.2.jar
     [classpath + loader.0] file:/C:/Users/Julian/Documents/NetBeansProjects/Kompetenzmanager/gwt/KompetenzManager/war/WEB-INF/lib/scala-library-2.9.0-1.jar
     [classpath] C:\Users\Julian\Documents\NetBeansProjects\Kompetenzmanager\gwt\KompetenzManager\lib\neo4j-community-1.7.2\lib\geronimo-jta_1.1_spec-1.1.1.jar
     [classpath] C:\Program Files\eclipse\eclipse\plugins\com.google.gwt.eclipse.sdkbundle_2.3.0.r36v201104261928\gwt-2.3.0\gwt-user.jar
     [classpath] C:\Program Files\eclipse\eclipse\plugins\org.junit_4.8.1.v4_8_1_v20100427-1100\junit.jar
     [classpath + loader.0] file:/C:/Users/Julian/Documents/NetBeansProjects/Kompetenzmanager/gwt/KompetenzManager/war/WEB-INF/lib/neo4j-graph-algo-1.7.2.jar
     [classpath] C:\Users\Julian\Documents\NetBeansProjects\Kompetenzmanager\gwt\KompetenzManager\lib\gwt-ent-0.7\gwtent-spring.jar
     [classpath + loader.0] file:/C:/Users/Julian/Documents/NetBeansProjects/Kompetenzmanager/gwt/KompetenzManager/war/WEB-INF/lib/neo4j-udc-1.7.2.jar
     [classpath] C:\Program Files\eclipse\eclipse\plugins\com.google.gwt.eclipse.sdkbundle_2.3.0.r36v201104261928\gwt-2.3.0\validation-api-1.0.0.GA-sources.jar
     [bootstrap] C:\Program Files\Java\jdk1.6.0_24\jre\lib\sunrsasign.jar
     [bootstrap] C:\Program Files\Java\jdk1.6.0_24\jre\lib\jce.jar
     [classpath + loader.0] file:/C:/Users/Julian/Documents/NetBeansProjects/Kompetenzmanager/gwt/KompetenzManager/war/WEB-INF/lib/rapahel4gwt-0.34.jar
     [classpath + loader.0] file:/C:/Users/Julian/Documents/NetBeansProjects/Kompetenzmanager/gwt/KompetenzManager/war/WEB-INF/lib/lucene-core-3.5.0.jar
     [classpath + loader.0] file:/C:/Users/Julian/Documents/NetBeansProjects/Kompetenzmanager/gwt/KompetenzManager/war/WEB-INF/lib/neo4j-graph-matching-1.7.2.jar
     [classpath + loader.0] file:/C:/Users/Julian/Documents/NetBeansProjects/Kompetenzmanager/gwt/KompetenzManager/war/WEB-INF/lib/neo4j-jmx-1.7.2.jar
     [classpath] C:\Users\Julian\Documents\NetBeansProjects\Kompetenzmanager\gwt\KompetenzManager\lib\gwt-ent-0.7\gwtent-gxt.jar
     [classpath + loader.0] file:/C:/Users/Julian/Documents/NetBeansProjects/Kompetenzmanager/gwt/KompetenzManager/war/WEB-INF/lib/server-api-1.7.2.jar
     [classpath + loader.0] file:/C:/Users/Julian/Documents/NetBeansProjects/Kompetenzmanager/gwt/KompetenzManager/war/WEB-INF/lib/geronimo-jta_1.1_spec-1.1.1.jar
     [classpath + loader.0] file:/C:/Users/Julian/Documents/NetBeansProjects/Kompetenzmanager/gwt/KompetenzManager/war/WEB-INF/lib/neo4j-community-1.7.2.jar
     [classpath] C:\Program Files\eclipse\eclipse\plugins\com.google.gwt.eclipse.sdkbundle_2.3.0.r36v201104261928\gwt-2.3.0\validation-api-1.0.0.GA.jar
     [classpath] C:\Program Files\eclipse\eclipse\plugins\org.hamcrest.core_1.1.0.v20090501071000.jar
     [bootstrap] C:\Program Files\Java\jdk1.6.0_24\jre\lib\modules\jdk.boot.jar
2012-09-17 11:46:43.236+0000: Library path:
    C:\Program Files\Java\jdk1.6.0_24\bin
    C:\Users\Julian\Documents\NetBeansProjects\Kompetenzmanager\gwt\KompetenzManager\war
    C:\Windows\Sun\Java\bin
    C:\Windows\System32
    C:\Windows
    C:\Program Files (x86)\MiKTeX 2.8\miktex\bin
    C:\Program Files\Common Files\Microsoft Shared\Windows Live
    C:\Program Files (x86)\Common Files\microsoft shared\Windows Live
    C:\Windows\System32
    C:\Windows
    C:\Windows\System32\wbem
    C:\Windows\System32\WindowsPowerShell\v1.0
    C:\Program Files\ThinkPad\Bluetooth Software
    C:\Program Files\ThinkPad\Bluetooth Software\syswow64
    C:\Program Files\Intel\WiFi\bin
    C:\Program Files\Common Files\Intel\WirelessCommon
    C:\Program Files (x86)\Common Files\Lenovo
    C:\Program Files (x86)\Lenovo\Access Connections
    C:\Program Files (x86)\Windows Live\Shared
    C:\Program Files\Common Files\Lenovo
    C:\Program Files (x86)\Lenovo\Client Security Solution
    C:\Program Files\Lenovo\Client Security Solution
    C:\Program Files (x86)\Subversion\bin
    C:\Program Files\MySQL\MySQL Server 5.5\bin
    C:\Program Files\Java\jdk1.6.0_24\bin
    C:\Program Files\Java\jre6\bin
    C:\Program Files (x86)\Microsoft SQL Server\100\Tools\Binn
    C:\Program Files\Microsoft SQL Server\100\Tools\Binn
    C:\Program Files\Microsoft SQL Server\100\DTS\Binn
    C:\Program Files\Java\jdk1.6.0_24\bin
    C:\Program Files (x86)\Git\cmd
    C:\Program Files (x86)\Git\bin
    C:\Program Files\TortoiseSVN\bin
    C:\Program Files\TortoiseHg
    C:\Users\Julian\.netbeans\7.0\maven\bin
    C:\Users\Julian\Software\scala-2.9.1.final\scala-2.9.1.final\bin
    C:\Users\Julian\Software\apache-ant-1.8.2\bin
    C:\Program Files (x86)\Android\android-sdk\platform-tools
    C:\Ruby187\bin
    C:\Program Files (x86)\glassfish-3.1.1\glassfish\bin
    C:\Users\Julian\Software\xampp\php
2012-09-17 11:46:43.256+0000: System.properties:
    sun.boot.library.path = C:\Program Files\Java\jdk1.6.0_24\jre\bin
    path.separator = ;
    file.encoding.pkg = sun.io
    sun.java.launcher = SUN_STANDARD
    user.country = DE
    sun.os.patch.level = Service Pack 1
    user.dir = C:\Users\Julian\Documents\NetBeansProjects\Kompetenzmanager\gwt\KompetenzManager\war
    org.mortbay.log.class = com.google.gwt.dev.shell.jetty.JettyNullLogger
    user.variant = 
    sun.jnu.encoding = Cp1252
    sun.management.compiler = HotSpot 64-Bit Server Compiler
    user.home = C:\Users\Julian
    user.timezone = Europe/Berlin
    file.encoding = Cp1252
    org.mortbay.xml.XmlParser.Validating = false
    build.compiler = org.eclipse.jdt.core.JDTCompilerAdapter
    user.name = Julian
    sun.arch.data.model = 64
    user.language = de
    awt.toolkit = sun.awt.windows.WToolkit
    file.separator = \
    sun.io.unicode.encoding = UnicodeLittle
    sun.cpu.endian = little
    sun.desktop = windows
    sun.cpu.isalist = amd64
2012-09-17 11:46:43.256+0000: --- STARTUP diagnostics END ---
2012-09-17 11:46:43.258+0000: TM non resolved transactions found in C:\Users\Julian\Documents\NetBeansProjects\Kompetenzmanager\gwt\KompetenzManager\war\database\store\store3\tm_tx_log.1
2012-09-17 11:46:43.684+0000: Rotating [C:\Users\Julian\Documents\NetBeansProjects\Kompetenzmanager\gwt\KompetenzManager\war\database\store\store3\index\lucene.log.1] @ version=0 to C:\Users\Julian\Documents\NetBeansProjects\Kompetenzmanager\gwt\KompetenzManager\war\database\store\store3\index\lucene.log.2 from position 1836
2012-09-17 11:46:43.705+0000: Rotate: old log scanned, newLog @ pos=16
2012-09-17 11:46:43.944+0000: Log rotated, newLog @ pos=16, version 1 and last tx 7
2012-09-17 11:46:44.444+0000: Rotating [C:\Users\Julian\Documents\NetBeansProjects\Kompetenzmanager\gwt\KompetenzManager\war\database\store\store3\nioneo_logical.log.1] @ version=0 to C:\Users\Julian\Documents\NetBeansProjects\Kompetenzmanager\gwt\KompetenzManager\war\database\store\store3\nioneo_logical.log.2 from position 4661
2012-09-17 11:46:44.480+0000: Rotate: old log scanned, newLog @ pos=16
2012-09-17 11:46:44.528+0000: Log rotated, newLog @ pos=16, version 1 and last tx 6
2012-09-17 11:46:44.529+0000: Recovery completed, all transactions have been resolved to a consistent state.
2012-09-17 11:46:44.586+0000: Extension org.neo4j.kernel.KernelExtension[kernel jmx] loaded ok
2012-09-17 11:46:44.587+0000: Extension org.neo4j.kernel.KernelExtension[shell] loaded ok
2012-09-17 11:46:44.610+0000: Extension org.neo4j.kernel.KernelExtension[kernel udc] loaded ok
2012-09-17 11:46:44.616+0000: --- STARTUP diagnostics for KernelDiagnostics:Versions START ---
2012-09-17 11:46:44.616+0000: Graph Database: org.neo4j.kernel.EmbeddedGraphDatabase StoreId[time:1347880698604, id:4230156788471535349, store version: 13561656364791302]
2012-09-17 11:46:44.616+0000: Kernel version: Neo4j - Graph Database Kernel 1.7.2
2012-09-17 11:46:44.616+0000: Neo4j component versions:
2012-09-17 11:46:44.617+0000:   Neo4j - Graph Database Kernel 1.7.2
2012-09-17 11:46:44.617+0000: --- STARTUP diagnostics for KernelDiagnostics:Versions END ---
2012-09-17 11:46:44.619+0000: --- STARTUP diagnostics for NEO_STORE_VERSIONS START ---
2012-09-17 11:46:44.619+0000: Store versions:
    Store versions:
      NeoStore v0.A.0
      NodeStore v0.A.0
      RelationshipStore v0.A.0
      RelationshipTypeStore v0.A.0
      PropertyStore v0.A.0
      PropertyIndexStore v0.A.0
      StringPropertyStore v0.A.0
      ArrayPropertyStore v0.A.0
2012-09-17 11:46:44.619+0000: --- STARTUP diagnostics for NEO_STORE_VERSIONS END ---
2012-09-17 11:46:44.620+0000: --- STARTUP diagnostics for NEO_STORE_ID_USAGE START ---
2012-09-17 11:46:44.620+0000: Id usage:
    Id usage:
      NodeStore: used=7 high=6
      RelationshipStore: used=4 high=3
      RelationshipTypeStore: used=1 high=0
      PropertyStore: used=16 high=15
      PropertyIndexStore: used=12 high=11
      StringPropertyStore: used=9 high=8
      ArrayPropertyStore: used=1 high=0
2012-09-17 11:46:44.620+0000: --- STARTUP diagnostics for NEO_STORE_ID_USAGE END ---
2012-09-17 11:46:44.620+0000: --- STARTUP diagnostics for KernelDiagnostics:StoreFiles START ---
2012-09-17 11:46:44.621+0000: Storage files:
    active_tx_log: 11,00 B
    index:
      lucene:
        node:
          nodes:
            segments.gen: 20,00 B
            segments_1: 659,00 B
            write.lock: 0,00 B
            _0.fdt: 71,00 B
            _0.fdx: 36,00 B
            _0.fnm: 33,00 B
            _0.frq: 8,00 B
            _0.nrm: 16,00 B
            _0.prx: 8,00 B
            _0.tii: 35,00 B
            _0.tis: 111,00 B
            _1.fdt: 35,00 B
            _1.fdx: 12,00 B
            _1.fnm: 33,00 B
            _1.frq: 2,00 B
            _1.nrm: 7,00 B
            _1.prx: 2,00 B
            _1.tii: 35,00 B
            _1.tis: 60,00 B
            _2.fdt: 33,00 B
            _2.fdx: 12,00 B
            _2.fnm: 33,00 B
            _2.frq: 2,00 B
            _2.nrm: 7,00 B
            _2.prx: 2,00 B
            _2.tii: 35,00 B
            _2.tis: 58,00 B
          - Total: 1,33 kB
        - Total: 1,33 kB
        relationship:
          rels:
            segments.gen: 20,00 B
            segments_1: 868,00 B
            write.lock: 0,00 B
            _0.fdt: 65,00 B
            _0.fdx: 12,00 B
            _0.fnm: 53,00 B
            _0.frq: 4,00 B
            _0.nrm: 8,00 B
            _0.prx: 4,00 B
            _0.tii: 35,00 B
            _0.tis: 96,00 B
            _1.fdt: 63,00 B
            _1.fdx: 12,00 B
            _1.fnm: 53,00 B
            _1.frq: 4,00 B
            _1.nrm: 8,00 B
            _1.prx: 4,00 B
            _1.tii: 35,00 B
            _1.tis: 94,00 B
            _2.fdt: 61,00 B
            _2.fdx: 12,00 B
            _2.fnm: 53,00 B
            _2.frq: 4,00 B
            _2.nrm: 8,00 B
            _2.prx: 4,00 B
            _2.tii: 35,00 B
            _2.tis: 92,00 B
            _3.fdt: 62,00 B
            _3.fdx: 12,00 B
            _3.fnm: 53,00 B
            _3.frq: 4,00 B
            _3.nrm: 8,00 B
            _3.prx: 4,00 B
            _3.tii: 35,00 B
            _3.tis: 92,00 B
          - Total: 1,93 kB
        - Total: 1,93 kB
      - Total: 3,26 kB
      lucene-store.db: 40,00 B
      lucene.log.2: 16,00 B
      lucene.log.active: 4,00 B
    - Total: 3,32 kB
    index.db: 181,00 B
    lock: 0,00 B
    messages.log: 41,81 kB
    neostore: 54,00 B
    neostore.id: 9,00 B
    neostore.nodestore.db: 7,16 kB
    neostore.nodestore.db.id: 9,00 B
    neostore.propertystore.db: 276,47 kB
    neostore.propertystore.db.arrays: 128,00 B
    neostore.propertystore.db.arrays.id: 9,00 B
    neostore.propertystore.db.id: 9,00 B
    neostore.propertystore.db.index: 10,24 kB
    neostore.propertystore.db.index.id: 9,00 B
    neostore.propertystore.db.index.keys: 1,00 kB
    neostore.propertystore.db.index.keys.id: 9,00 B
    neostore.propertystore.db.strings: 23,50 kB
    neostore.propertystore.db.strings.id: 9,00 B
    neostore.relationshipstore.db: 348,14 kB
    neostore.relationshipstore.db.id: 9,00 B
    neostore.relationshiptypestore.db: 5,00 B
    neostore.relationshiptypestore.db.id: 9,00 B
    neostore.relationshiptypestore.db.names: 76,00 B
    neostore.relationshiptypestore.db.names.id: 9,00 B
    nioneo_logical.log.2: 16,00 B
    nioneo_logical.log.active: 4,00 B
    tm_tx_log.1: 0,00 B
