2012-09-10 09:50:20.163+0000: Creating new db @ C:\Users\Julian\Documents\NetBeansProjects\Kompetenzmanager\gwt\KompetenzManager\war\database\store\1\neostore
2012-09-10 09:50:20.777+0000: Opened [C:\Users\Julian\Documents\NetBeansProjects\Kompetenzmanager\gwt\KompetenzManager\war\database\store\1\nioneo_logical.log.1] clean empty log, version=0, lastTxId=1
2012-09-10 09:50:20.809+0000: TM new log: tm_tx_log.1
2012-09-10 09:50:20.893+0000: Opened [C:\Users\Julian\Documents\NetBeansProjects\Kompetenzmanager\gwt\KompetenzManager\war\database\store\1\index\lucene.log.1] clean empty log, version=0, lastTxId=1
2012-09-10 09:50:20.958+0000: --- STARTUP diagnostics START ---
2012-09-10 09:50:20.960+0000: Neo4j Kernel properties:
    store_dir=C:\Users\Julian\Documents\NetBeansProjects\Kompetenzmanager\gwt\KompetenzManager\war\database\store\1
    remote_logging_host=127.0.0.1
    read_only=false
    neo4j.ext.udc.host=udc.neo4j.org
    logical_log=C:\Users\Julian\Documents\NetBeansProjects\Kompetenzmanager\gwt\KompetenzManager\war\database\store\1\nioneo_logical.log
    remote_logging_port=4560
    gc_monitor_threshold=200ms
    load_kernel_extensions=true
    array_block_size=120
    intercept_committing_transactions=false
    node_auto_indexing=false
    neostore.relationshipstore.db.mapped_memory=34M
    remote_shell_name=shell
    dump_configuration=false
    gc_monitor_wait_time=100ms
    cache_type=soft
    intercept_deserialized_transactions=false
    neostore.nodestore.db.mapped_memory=7M
    neo4j.ext.udc.first_delay=600000
    remote_shell_enabled=false
    neo4j.ext.udc.reg=unreg
    remote_shell_port=1337
    lucene_searcher_cache_size=2147483647
    neo4j.ext.udc.interval=86400000
    use_memory_mapped_buffers=false
    rebuild_idgenerators_fast=true
    ephemeral=false
    neostore.propertystore.db.index.keys.mapped_memory=1M
    neostore.propertystore.db.arrays.mapped_memory=27M
    neostore.propertystore.db.strings.mapped_memory=23M
    neo_store=C:\Users\Julian\Documents\NetBeansProjects\Kompetenzmanager\gwt\KompetenzManager\war\database\store\1\neostore
    neostore.propertystore.db.index.mapped_memory=1M
    backup_slave=false
    neostore.propertystore.db.mapped_memory=27M
    gcr_cache_min_log_interval=60s
    relationship_auto_indexing=false
    relationship_grab_size=100
    string_block_size=120
    remote_shell_read_only=false
    grab_file_lock=true
    node_cache_array_fraction=1.0
    remote_logging_enabled=false
    allow_store_upgrade=false
    execution_guard_enabled=false
    neo4j.ext.udc.enabled=true
    relationship_cache_array_fraction=1.0
2012-09-10 09:50:20.967+0000: Diagnostics providers:
    org.neo4j.kernel.configuration.Config
    org.neo4j.kernel.info.DiagnosticsManager
    SYSTEM_MEMORY
    JAVA_MEMORY
    OPERATING_SYSTEM
    JAVA_VIRTUAL_MACHINE
    CLASSPATH
    LIBRARY_PATH
    SYSTEM_PROPERTIES
2012-09-10 09:50:20.968+0000: System memory information:
    Total Physical memory: 3,80 GB
    Free Physical memory: 1,28 GB
    Committed virtual memory: 446,77 MB
    Total swap space: 7,60 GB
    Free swap space: 3,46 GB
2012-09-10 09:50:20.972+0000: JVM memory information:
    Free  memory: 94,97 MB
    Total memory: 279,25 MB
    Max   memory: 455,13 MB
    Garbage Collector: PS Scavenge: [PS Eden Space, PS Survivor Space]
    Garbage Collector: PS MarkSweep: [PS Eden Space, PS Survivor Space, PS Old Gen, PS Perm Gen]
    Memory Pool: Code Cache (Non-heap memory): committed=6,69 MB, used=6,59 MB, max=48,00 MB, threshold=0,00 B
    Memory Pool: PS Eden Space (Heap memory): committed=60,19 MB, used=43,20 MB, max=64,31 MB, threshold=?
    Memory Pool: PS Survivor Space (Heap memory): committed=54,69 MB, used=14,93 MB, max=54,69 MB, threshold=?
    Memory Pool: PS Old Gen (Heap memory): committed=164,38 MB, used=126,31 MB, max=341,38 MB, threshold=0,00 B
    Memory Pool: PS Perm Gen (Non-heap memory): committed=41,13 MB, used=41,10 MB, max=82,00 MB, threshold=0,00 B
2012-09-10 09:50:20.977+0000: Operating system information:
    Operating System: Windows 7; version: 6.1; arch: amd64; cpus: 4
    Process id: 5904@Julian-THINK
    Byte order: LITTLE_ENDIAN
2012-09-10 09:50:20.979+0000: JVM information:
    VM Name: Java HotSpot(TM) 64-Bit Server VM
    VM Vendor: Sun Microsystems Inc.
    VM Version: 19.1-b02
    JIT compiler: HotSpot 64-Bit Server Compiler
    VM Arguments: [-Xmx512m, -Dfile.encoding=Cp1252]
2012-09-10 09:50:20.980+0000: Java classpath:
     [classpath] C:\Program Files\eclipse\eclipse\plugins\com.google.appengine.eclipse.sdkbundle_1.5.0.r36v201105092302\appengine-java-sdk-1.5.0\lib\user\orm\datanucleus-jpa-1.1.5.jar
     [classpath] C:\Program Files\eclipse\eclipse\plugins\com.google.appengine.eclipse.sdkbundle_1.5.0.r36v201105092302\appengine-java-sdk-1.5.0\lib\user\orm\datanucleus-appengine-1.0.8.final.jar
     [classpath] C:\Program Files\eclipse\eclipse\plugins\com.google.appengine.eclipse.sdkbundle_1.5.0.r36v201105092302\appengine-java-sdk-1.5.0\lib\user\jsr107cache-1.1.jar
     [classpath] C:\Program Files\eclipse\eclipse\plugins\com.google.appengine.eclipse.sdkbundle_1.5.0.r36v201105092302\appengine-java-sdk-1.5.0\lib\shared\jsp\repackaged-appengine-ant-launcher-1.7.1.jar
     [classpath] C:\Users\Julian\Documents\NetBeansProjects\Kompetenzmanager\gwt\KompetenzManager\src
     [classpath] C:\Program Files\eclipse\eclipse\plugins\com.google.appengine.eclipse.sdkbundle_1.5.0.r36v201105092302\appengine-java-sdk-1.5.0\lib\user\orm\datanucleus-core-1.1.5.jar
     [classpath + loader.0] file:/C:/Users/Julian/Documents/NetBeansProjects/Kompetenzmanager/gwt/KompetenzManager/war/WEB-INF/lib/gwt-incubator-20101117-r1766.jar
     [loader.0] file:/C:/Users/Julian/Documents/NetBeansProjects/Kompetenzmanager/gwt/KompetenzManager/war/WEB-INF/lib/appengine-jsr107cache-1.5.0.jar
     [classpath + loader.0] file:/C:/Users/Julian/Documents/NetBeansProjects/Kompetenzmanager/gwt/KompetenzManager/war/WEB-INF/classes/
     [classpath] C:\Program Files\eclipse\eclipse\plugins\com.google.appengine.eclipse.sdkbundle_1.5.0.r36v201105092302\appengine-java-sdk-1.5.0\lib\shared\el-api.jar
     [loader.0] file:/C:/Users/Julian/Documents/NetBeansProjects/Kompetenzmanager/gwt/KompetenzManager/war/WEB-INF/lib/datanucleus-appengine-1.0.8.final.jar
     [bootstrap] C:\Program Files\Java\jdk1.6.0_24\jre\classes
     [bootstrap] C:\Program Files\Java\jdk1.6.0_24\jre\lib\resources.jar
     [loader.0] file:/C:/Users/Julian/Documents/NetBeansProjects/Kompetenzmanager/gwt/KompetenzManager/war/WEB-INF/lib/appengine-api-1.0-sdk-1.5.0.jar
     [loader.0] file:/C:/Users/Julian/Documents/NetBeansProjects/Kompetenzmanager/gwt/KompetenzManager/war/WEB-INF/lib/jdo2-api-2.3-eb.jar
     [loader.0] file:/C:/Users/Julian/Documents/NetBeansProjects/Kompetenzmanager/gwt/KompetenzManager/war/WEB-INF/lib/geronimo-jpa_3.0_spec-1.1.1.jar
     [classpath] C:\Program Files\eclipse\eclipse\plugins\com.google.gwt.eclipse.sdkbundle_2.3.0.r36v201104261928\gwt-2.3.0\gwt-dev.jar
     [bootstrap] C:\Program Files\Java\jdk1.6.0_24\jre\lib\rt.jar
     [loader.0] file:/C:/Users/Julian/Documents/NetBeansProjects/Kompetenzmanager/gwt/KompetenzManager/war/WEB-INF/lib/datanucleus-jpa-1.1.5.jar
     [classpath + loader.0] file:/C:/Users/Julian/Documents/NetBeansProjects/Kompetenzmanager/gwt/KompetenzManager/war/WEB-INF/lib/neo4j-shell-1.7.2.jar
     [loader.0] file:/C:/Users/Julian/Documents/NetBeansProjects/Kompetenzmanager/gwt/KompetenzManager/war/WEB-INF/lib/datanucleus-core-1.1.5.jar
     [loader.0] file:/C:/Users/Julian/Documents/NetBeansProjects/Kompetenzmanager/gwt/KompetenzManager/war/WEB-INF/lib/gwt-servlet.jar
     [bootstrap] C:\Program Files\Java\jdk1.6.0_24\jre\lib\jsse.jar
     [bootstrap] C:\Program Files\Java\jdk1.6.0_24\jre\lib\charsets.jar
     [classpath] C:\Program Files\eclipse\eclipse\plugins\com.google.appengine.eclipse.sdkbundle_1.5.0.r36v201105092302\appengine-java-sdk-1.5.0\lib\user\orm\geronimo-jta_1.1_spec-1.1.1.jar
     [classpath] C:\Program Files\eclipse\eclipse\plugins\com.google.appengine.eclipse.sdkbundle_1.5.0.r36v201105092302\appengine-java-sdk-1.5.0\lib\shared\jsp\repackaged-appengine-ant-1.7.1.jar
     [classpath + loader.0] file:/C:/Users/Julian/Documents/NetBeansProjects/Kompetenzmanager/gwt/KompetenzManager/war/WEB-INF/lib/raphaelgwt-1.0.0.jar
     [loader.0] file:/C:/Users/Julian/Documents/NetBeansProjects/Kompetenzmanager/gwt/KompetenzManager/war/WEB-INF/lib/appengine-api-labs-1.5.0.jar
     [loader.0] file:/C:/Users/Julian/Documents/NetBeansProjects/Kompetenzmanager/gwt/KompetenzManager/war/WEB-INF/lib/jsr107cache-1.1.jar
     [classpath] C:\Users\Julian\Documents\NetBeansProjects\Kompetenzmanager\gwt\KompetenzManager\test-classes
     [classpath + loader.0] file:/C:/Users/Julian/Documents/NetBeansProjects/Kompetenzmanager/gwt/KompetenzManager/war/WEB-INF/lib/neo4j-kernel-1.7.2.jar
     [classpath + loader.0] file:/C:/Users/Julian/Documents/NetBeansProjects/Kompetenzmanager/gwt/KompetenzManager/war/WEB-INF/lib/neo4j-lucene-index-1.7.2.jar
     [classpath + loader.0] file:/C:/Users/Julian/Documents/NetBeansProjects/Kompetenzmanager/gwt/KompetenzManager/war/WEB-INF/lib/neo4j-cypher-1.7.2.jar
     [classpath] C:\Program Files\eclipse\eclipse\plugins\com.google.appengine.eclipse.sdkbundle_1.5.0.r36v201105092302\appengine-java-sdk-1.5.0\lib\shared\jsp\repackaged-appengine-tomcat-juli-6.0.29.jar
     [classpath + loader.0] file:/C:/Users/Julian/Documents/NetBeansProjects/Kompetenzmanager/gwt/KompetenzManager/war/WEB-INF/lib/scala-library-2.9.0-1.jar
     [classpath] C:\Users\Julian\Documents\NetBeansProjects\Kompetenzmanager\gwt\KompetenzManager\lib\neo4j-community-1.7.2\lib\geronimo-jta_1.1_spec-1.1.1.jar
     [classpath] C:\Program Files\eclipse\eclipse\plugins\com.google.gwt.eclipse.sdkbundle_2.3.0.r36v201104261928\gwt-2.3.0\gwt-user.jar
     [classpath] C:\Program Files\eclipse\eclipse\plugins\com.google.appengine.eclipse.sdkbundle_1.5.0.r36v201105092302\appengine-java-sdk-1.5.0\lib\shared\jsp\repackaged-appengine-jasper-el-6.0.29.jar
     [classpath] C:\Program Files\eclipse\eclipse\plugins\org.junit_4.8.1.v4_8_1_v20100427-1100\junit.jar
     [classpath] C:\Program Files\eclipse\eclipse\plugins\com.google.appengine.eclipse.sdkbundle_1.5.0.r36v201105092302\appengine-java-sdk-1.5.0\lib\shared\servlet-api.jar
     [classpath] C:\Program Files\eclipse\eclipse\plugins\com.google.appengine.eclipse.sdkbundle_1.5.0.r36v201105092302\appengine-java-sdk-1.5.0\lib\shared\jsp\repackaged-appengine-jasper-6.0.29.jar
     [classpath + loader.0] file:/C:/Users/Julian/Documents/NetBeansProjects/Kompetenzmanager/gwt/KompetenzManager/war/WEB-INF/lib/neo4j-graph-algo-1.7.2.jar
     [classpath + loader.0] file:/C:/Users/Julian/Documents/NetBeansProjects/Kompetenzmanager/gwt/KompetenzManager/war/WEB-INF/lib/neo4j-udc-1.7.2.jar
     [classpath] C:\Program Files\eclipse\eclipse\plugins\com.google.appengine.eclipse.sdkbundle_1.5.0.r36v201105092302\appengine-java-sdk-1.5.0\lib\user\orm\jdo2-api-2.3-eb.jar
     [classpath] C:\Program Files\eclipse\eclipse\plugins\com.google.appengine.eclipse.sdkbundle_1.5.0.r36v201105092302\appengine-java-sdk-1.5.0\lib\user\orm\geronimo-jpa_3.0_spec-1.1.1.jar
     [classpath] C:\Program Files\eclipse\eclipse\plugins\com.google.gwt.eclipse.sdkbundle_2.3.0.r36v201104261928\gwt-2.3.0\validation-api-1.0.0.GA-sources.jar
     [bootstrap] C:\Program Files\Java\jdk1.6.0_24\jre\lib\sunrsasign.jar
     [bootstrap] C:\Program Files\Java\jdk1.6.0_24\jre\lib\jce.jar
     [classpath + loader.0] file:/C:/Users/Julian/Documents/NetBeansProjects/Kompetenzmanager/gwt/KompetenzManager/war/WEB-INF/lib/rapahel4gwt-0.34.jar
     [classpath + loader.0] file:/C:/Users/Julian/Documents/NetBeansProjects/Kompetenzmanager/gwt/KompetenzManager/war/WEB-INF/lib/lucene-core-3.5.0.jar
     [classpath] C:\Program Files\eclipse\eclipse\plugins\com.google.appengine.eclipse.sdkbundle_1.5.0.r36v201105092302\appengine-java-sdk-1.5.0\lib\shared\jsp-api.jar
     [classpath + loader.0] file:/C:/Users/Julian/Documents/NetBeansProjects/Kompetenzmanager/gwt/KompetenzManager/war/WEB-INF/lib/neo4j-graph-matching-1.7.2.jar
     [classpath + loader.0] file:/C:/Users/Julian/Documents/NetBeansProjects/Kompetenzmanager/gwt/KompetenzManager/war/WEB-INF/lib/neo4j-jmx-1.7.2.jar
     [classpath + loader.0] file:/C:/Users/Julian/Documents/NetBeansProjects/Kompetenzmanager/gwt/KompetenzManager/war/WEB-INF/lib/server-api-1.7.2.jar
     [classpath + loader.0] file:/C:/Users/Julian/Documents/NetBeansProjects/Kompetenzmanager/gwt/KompetenzManager/war/WEB-INF/lib/geronimo-jta_1.1_spec-1.1.1.jar
     [classpath + loader.0] file:/C:/Users/Julian/Documents/NetBeansProjects/Kompetenzmanager/gwt/KompetenzManager/war/WEB-INF/lib/neo4j-community-1.7.2.jar
     [classpath] C:\Program Files\eclipse\eclipse\plugins\com.google.gwt.eclipse.sdkbundle_2.3.0.r36v201104261928\gwt-2.3.0\validation-api-1.0.0.GA.jar
     [classpath] C:\Program Files\eclipse\eclipse\plugins\org.hamcrest.core_1.1.0.v20090501071000.jar
     [bootstrap] C:\Program Files\Java\jdk1.6.0_24\jre\lib\modules\jdk.boot.jar
2012-09-10 09:50:21.002+0000: Library path:
    C:\Program Files\Java\jdk1.6.0_24\bin
    C:\Users\Julian\Documents\NetBeansProjects\Kompetenzmanager\gwt\KompetenzManager\war
    C:\Windows\Sun\Java\bin
    C:\Windows\System32
    C:\Windows
    C:\Program Files (x86)\MiKTeX 2.8\miktex\bin
    C:\Program Files\Common Files\Microsoft Shared\Windows Live
    C:\Program Files (x86)\Common Files\microsoft shared\Windows Live
    C:\Windows\System32
    C:\Windows
    C:\Windows\System32\wbem
    C:\Windows\System32\WindowsPowerShell\v1.0
    C:\Program Files\ThinkPad\Bluetooth Software
    C:\Program Files\ThinkPad\Bluetooth Software\syswow64
    C:\Program Files\Intel\WiFi\bin
    C:\Program Files\Common Files\Intel\WirelessCommon
    C:\Program Files (x86)\Common Files\Lenovo
    C:\Program Files (x86)\Lenovo\Access Connections
    C:\Program Files (x86)\Windows Live\Shared
    C:\Program Files\Common Files\Lenovo
    C:\Program Files (x86)\Lenovo\Client Security Solution
    C:\Program Files\Lenovo\Client Security Solution
    C:\Program Files (x86)\Subversion\bin
    C:\Program Files\MySQL\MySQL Server 5.5\bin
    C:\Program Files\Java\jdk1.6.0_24\bin
    C:\Program Files\Java\jre6\bin
    C:\Program Files (x86)\Microsoft SQL Server\100\Tools\Binn
    C:\Program Files\Microsoft SQL Server\100\Tools\Binn
    C:\Program Files\Microsoft SQL Server\100\DTS\Binn
    C:\Program Files\Java\jdk1.6.0_24\bin
    C:\Program Files (x86)\Git\cmd
    C:\Program Files (x86)\Git\bin
    C:\Program Files\TortoiseSVN\bin
    C:\Program Files\TortoiseHg
    C:\Users\Julian\.netbeans\7.0\maven\bin
    C:\Users\Julian\Software\scala-2.9.1.final\scala-2.9.1.final\bin
    C:\Users\Julian\Software\apache-ant-1.8.2\bin
    C:\Program Files (x86)\Android\android-sdk\platform-tools
    C:\Ruby187\bin
    C:\Program Files (x86)\glassfish-3.1.1\glassfish\bin
    C:\Users\Julian\Software\xampp\php
2012-09-10 09:50:21.021+0000: System.properties:
    sun.boot.library.path = C:\Program Files\Java\jdk1.6.0_24\jre\bin
    path.separator = ;
    file.encoding.pkg = sun.io
    sun.java.launcher = SUN_STANDARD
    user.country = DE
    sun.os.patch.level = Service Pack 1
    user.dir = C:\Users\Julian\Documents\NetBeansProjects\Kompetenzmanager\gwt\KompetenzManager\war
    org.mortbay.log.class = com.google.gwt.dev.shell.jetty.JettyNullLogger
    user.variant = 
    sun.jnu.encoding = Cp1252
    sun.management.compiler = HotSpot 64-Bit Server Compiler
    user.home = C:\Users\Julian
    user.timezone = Europe/Berlin
    file.encoding = Cp1252
    org.mortbay.xml.XmlParser.Validating = false
    build.compiler = org.eclipse.jdt.core.JDTCompilerAdapter
    user.name = Julian
    sun.arch.data.model = 64
    user.language = de
    awt.toolkit = sun.awt.windows.WToolkit
    file.separator = \
    sun.io.unicode.encoding = UnicodeLittle
    sun.cpu.endian = little
    sun.desktop = windows
    sun.cpu.isalist = amd64
2012-09-10 09:50:21.022+0000: --- STARTUP diagnostics END ---
2012-09-10 09:50:21.055+0000: Extension org.neo4j.kernel.KernelExtension[kernel jmx] loaded ok
2012-09-10 09:50:21.056+0000: Extension org.neo4j.kernel.KernelExtension[shell] loaded ok
2012-09-10 09:50:21.074+0000: Extension org.neo4j.kernel.KernelExtension[kernel udc] loaded ok
2012-09-10 09:50:21.077+0000: --- STARTUP diagnostics for KernelDiagnostics:Versions START ---
2012-09-10 09:50:21.077+0000: Graph Database: org.neo4j.kernel.EmbeddedGraphDatabase StoreId[time:1347270620164, id:1184078506407667494, store version: 13561656364791302]
2012-09-10 09:50:21.077+0000: Kernel version: Neo4j - Graph Database Kernel 1.7.2
2012-09-10 09:50:21.077+0000: Neo4j component versions:
2012-09-10 09:50:21.078+0000:   Neo4j - Graph Database Kernel 1.7.2
2012-09-10 09:50:21.078+0000: --- STARTUP diagnostics for KernelDiagnostics:Versions END ---
2012-09-10 09:50:21.080+0000: --- STARTUP diagnostics for NEO_STORE_VERSIONS START ---
2012-09-10 09:50:21.081+0000: Store versions:
    Store versions:
      NeoStore v0.A.0
      NodeStore v0.A.0
      RelationshipStore v0.A.0
      RelationshipTypeStore v0.A.0
      PropertyStore v0.A.0
      PropertyIndexStore v0.A.0
      StringPropertyStore v0.A.0
      ArrayPropertyStore v0.A.0
2012-09-10 09:50:21.081+0000: --- STARTUP diagnostics for NEO_STORE_VERSIONS END ---
2012-09-10 09:50:21.081+0000: --- STARTUP diagnostics for NEO_STORE_ID_USAGE START ---
2012-09-10 09:50:21.081+0000: Id usage:
    Id usage:
      NodeStore: used=1 high=0
      RelationshipStore: used=0 high=-1
      RelationshipTypeStore: used=0 high=-1
      PropertyStore: used=0 high=-1
      PropertyIndexStore: used=0 high=-1
      StringPropertyStore: used=1 high=0
      ArrayPropertyStore: used=1 high=0
2012-09-10 09:50:21.082+0000: --- STARTUP diagnostics for NEO_STORE_ID_USAGE END ---
2012-09-10 09:50:21.082+0000: --- STARTUP diagnostics for KernelDiagnostics:StoreFiles START ---
2012-09-10 09:50:21.082+0000: Storage files:
    active_tx_log: 11,00 B
    index:
      lucene-store.db: 40,00 B
      lucene.log.1: 16,00 B
      lucene.log.active: 4,00 B
    - Total: 60,00 B
    lock: 0,00 B
    messages.log: 17,65 kB
    neostore: 54,00 B
    neostore.id: 9,00 B
    neostore.nodestore.db: 9,00 B
    neostore.nodestore.db.id: 9,00 B
    neostore.propertystore.db: 0,00 B
    neostore.propertystore.db.arrays: 128,00 B
    neostore.propertystore.db.arrays.id: 9,00 B
    neostore.propertystore.db.id: 9,00 B
    neostore.propertystore.db.index: 0,00 B
    neostore.propertystore.db.index.id: 9,00 B
    neostore.propertystore.db.index.keys: 38,00 B
    neostore.propertystore.db.index.keys.id: 9,00 B
    neostore.propertystore.db.strings: 128,00 B
    neostore.propertystore.db.strings.id: 9,00 B
    neostore.relationshipstore.db: 0,00 B
    neostore.relationshipstore.db.id: 9,00 B
    neostore.relationshiptypestore.db: 0,00 B
    neostore.relationshiptypestore.db.id: 9,00 B
    neostore.relationshiptypestore.db.names: 38,00 B
    neostore.relationshiptypestore.db.names.id: 9,00 B
    nioneo_logical.log.1: 16,00 B
    nioneo_logical.log.active: 4,00 B
    tm_tx_log.1: 0,00 B
