2012-09-10 09:14:29.856+0000: Creating new db @ C:\Users\Julian\Documents\NetBeansProjects\Kompetenzmanager\gwt\KompetenzManager\war\neostore
2012-09-10 09:14:29.856+0000: Creating new db @ C:\Users\Julian\Documents\NetBeansProjects\Kompetenzmanager\gwt\KompetenzManager\war\neostore
2012-09-10 09:14:30.442+0000: Opened [C:\Users\Julian\Documents\NetBeansProjects\Kompetenzmanager\gwt\KompetenzManager\war\nioneo_logical.log.1] clean empty log, version=0, lastTxId=1
2012-09-10 09:14:30.482+0000: TM new log: tm_tx_log.1
2012-09-10 09:14:30.512+0000: Opened [C:\Users\Julian\Documents\NetBeansProjects\Kompetenzmanager\gwt\KompetenzManager\war\index\lucene.log.1] clean empty log, version=0, lastTxId=1
2012-09-10 09:14:30.522+0000: --- STARTUP diagnostics START ---
2012-09-10 09:14:30.522+0000: Neo4j Kernel properties:
    store_dir=C:\Users\Julian\Documents\NetBeansProjects\Kompetenzmanager\gwt\KompetenzManager\war
    remote_logging_host=127.0.0.1
    read_only=false
    neo4j.ext.udc.host=udc.neo4j.org
    logical_log=C:\Users\Julian\Documents\NetBeansProjects\Kompetenzmanager\gwt\KompetenzManager\war\nioneo_logical.log
    remote_logging_port=4560
    gc_monitor_threshold=200ms
    load_kernel_extensions=true
    array_block_size=120
    intercept_committing_transactions=false
    node_auto_indexing=false
    neostore.relationshipstore.db.mapped_memory=34M
    remote_shell_name=shell
    dump_configuration=false
    gc_monitor_wait_time=100ms
    cache_type=soft
    intercept_deserialized_transactions=false
    neostore.nodestore.db.mapped_memory=7M
    neo4j.ext.udc.first_delay=600000
    remote_shell_enabled=false
    neo4j.ext.udc.reg=unreg
    remote_shell_port=1337
    lucene_searcher_cache_size=2147483647
    neo4j.ext.udc.interval=86400000
    use_memory_mapped_buffers=false
    rebuild_idgenerators_fast=true
    ephemeral=false
    neostore.propertystore.db.index.keys.mapped_memory=1M
    neostore.propertystore.db.arrays.mapped_memory=27M
    neostore.propertystore.db.strings.mapped_memory=23M
    neo_store=C:\Users\Julian\Documents\NetBeansProjects\Kompetenzmanager\gwt\KompetenzManager\war\neostore
    neostore.propertystore.db.index.mapped_memory=1M
    backup_slave=false
    neostore.propertystore.db.mapped_memory=27M
    gcr_cache_min_log_interval=60s
    relationship_auto_indexing=false
    relationship_grab_size=100
    string_block_size=120
    remote_shell_read_only=false
    grab_file_lock=true
    node_cache_array_fraction=1.0
    remote_logging_enabled=false
    allow_store_upgrade=false
    execution_guard_enabled=false
    neo4j.ext.udc.enabled=true
    relationship_cache_array_fraction=1.0
2012-09-10 09:14:30.522+0000: Diagnostics providers:
    org.neo4j.kernel.configuration.Config
    org.neo4j.kernel.info.DiagnosticsManager
    SYSTEM_MEMORY
    JAVA_MEMORY
    OPERATING_SYSTEM
    JAVA_VIRTUAL_MACHINE
    CLASSPATH
    LIBRARY_PATH
    SYSTEM_PROPERTIES
2012-09-10 09:14:30.522+0000: System memory information:
    Total Physical memory: 3,80 GB
    Free Physical memory: 986,68 MB
    Committed virtual memory: 460,95 MB
    Total swap space: 7,60 GB
    Free swap space: 3,73 GB
2012-09-10 09:14:30.522+0000: JVM memory information:
    Free  memory: 144,15 MB
    Total memory: 266,31 MB
    Max   memory: 455,13 MB
    Garbage Collector: PS Scavenge: [PS Eden Space, PS Survivor Space]
    Garbage Collector: PS MarkSweep: [PS Eden Space, PS Survivor Space, PS Old Gen, PS Perm Gen]
    Memory Pool: Code Cache (Non-heap memory): committed=6,13 MB, used=5,71 MB, max=48,00 MB, threshold=0,00 B
    Memory Pool: PS Eden Space (Heap memory): committed=56,88 MB, used=12,89 MB, max=56,88 MB, threshold=?
    Memory Pool: PS Survivor Space (Heap memory): committed=56,88 MB, used=867,19 kB, max=56,88 MB, threshold=?
    Memory Pool: PS Old Gen (Heap memory): committed=152,56 MB, used=108,64 MB, max=341,38 MB, threshold=0,00 B
    Memory Pool: PS Perm Gen (Non-heap memory): committed=39,63 MB, used=33,45 MB, max=82,00 MB, threshold=0,00 B
2012-09-10 09:14:30.532+0000: Operating system information:
    Operating System: Windows 7; version: 6.1; arch: amd64; cpus: 4
    Process id: 7584@Julian-THINK
    Byte order: LITTLE_ENDIAN
2012-09-10 09:14:30.532+0000: JVM information:
    VM Name: Java HotSpot(TM) 64-Bit Server VM
    VM Vendor: Sun Microsystems Inc.
    VM Version: 19.1-b02
    JIT compiler: HotSpot 64-Bit Server Compiler
    VM Arguments: [-Xmx512m, -Dfile.encoding=Cp1252]
2012-09-10 09:14:30.532+0000: Java classpath:
     [classpath] C:\Program Files\eclipse\eclipse\plugins\com.google.appengine.eclipse.sdkbundle_1.5.0.r36v201105092302\appengine-java-sdk-1.5.0\lib\user\orm\datanucleus-jpa-1.1.5.jar
     [classpath] C:\Program Files\eclipse\eclipse\plugins\com.google.appengine.eclipse.sdkbundle_1.5.0.r36v201105092302\appengine-java-sdk-1.5.0\lib\user\orm\datanucleus-appengine-1.0.8.final.jar
     [classpath] C:\Program Files\eclipse\eclipse\plugins\com.google.appengine.eclipse.sdkbundle_1.5.0.r36v201105092302\appengine-java-sdk-1.5.0\lib\user\jsr107cache-1.1.jar
     [classpath] C:\Program Files\eclipse\eclipse\plugins\com.google.appengine.eclipse.sdkbundle_1.5.0.r36v201105092302\appengine-java-sdk-1.5.0\lib\shared\jsp\repackaged-appengine-ant-launcher-1.7.1.jar
     [classpath] C:\Users\Julian\Documents\NetBeansProjects\Kompetenzmanager\gwt\KompetenzManager\src
     [classpath] C:\Program Files\eclipse\eclipse\plugins\com.google.appengine.eclipse.sdkbundle_1.5.0.r36v201105092302\appengine-java-sdk-1.5.0\lib\user\orm\datanucleus-core-1.1.5.jar
     [classpath + loader.0] file:/C:/Users/Julian/Documents/NetBeansProjects/Kompetenzmanager/gwt/KompetenzManager/war/WEB-INF/lib/gwt-incubator-20101117-r1766.jar
     [loader.0] file:/C:/Users/Julian/Documents/NetBeansProjects/Kompetenzmanager/gwt/KompetenzManager/war/WEB-INF/lib/appengine-jsr107cache-1.5.0.jar
     [classpath + loader.0] file:/C:/Users/Julian/Documents/NetBeansProjects/Kompetenzmanager/gwt/KompetenzManager/war/WEB-INF/classes/
     [classpath] C:\Program Files\eclipse\eclipse\plugins\com.google.appengine.eclipse.sdkbundle_1.5.0.r36v201105092302\appengine-java-sdk-1.5.0\lib\shared\el-api.jar
     [loader.0] file:/C:/Users/Julian/Documents/NetBeansProjects/Kompetenzmanager/gwt/KompetenzManager/war/WEB-INF/lib/datanucleus-appengine-1.0.8.final.jar
     [bootstrap] C:\Program Files\Java\jdk1.6.0_24\jre\classes
     [bootstrap] C:\Program Files\Java\jdk1.6.0_24\jre\lib\resources.jar
     [loader.0] file:/C:/Users/Julian/Documents/NetBeansProjects/Kompetenzmanager/gwt/KompetenzManager/war/WEB-INF/lib/appengine-api-1.0-sdk-1.5.0.jar
     [loader.0] file:/C:/Users/Julian/Documents/NetBeansProjects/Kompetenzmanager/gwt/KompetenzManager/war/WEB-INF/lib/jdo2-api-2.3-eb.jar
     [loader.0] file:/C:/Users/Julian/Documents/NetBeansProjects/Kompetenzmanager/gwt/KompetenzManager/war/WEB-INF/lib/geronimo-jpa_3.0_spec-1.1.1.jar
     [classpath] C:\Program Files\eclipse\eclipse\plugins\com.google.gwt.eclipse.sdkbundle_2.3.0.r36v201104261928\gwt-2.3.0\gwt-dev.jar
     [bootstrap] C:\Program Files\Java\jdk1.6.0_24\jre\lib\rt.jar
     [loader.0] file:/C:/Users/Julian/Documents/NetBeansProjects/Kompetenzmanager/gwt/KompetenzManager/war/WEB-INF/lib/datanucleus-jpa-1.1.5.jar
     [classpath + loader.0] file:/C:/Users/Julian/Documents/NetBeansProjects/Kompetenzmanager/gwt/KompetenzManager/war/WEB-INF/lib/neo4j-shell-1.7.2.jar
     [loader.0] file:/C:/Users/Julian/Documents/NetBeansProjects/Kompetenzmanager/gwt/KompetenzManager/war/WEB-INF/lib/datanucleus-core-1.1.5.jar
     [loader.0] file:/C:/Users/Julian/Documents/NetBeansProjects/Kompetenzmanager/gwt/KompetenzManager/war/WEB-INF/lib/gwt-servlet.jar
     [bootstrap] C:\Program Files\Java\jdk1.6.0_24\jre\lib\jsse.jar
     [bootstrap] C:\Program Files\Java\jdk1.6.0_24\jre\lib\charsets.jar
     [classpath] C:\Program Files\eclipse\eclipse\plugins\com.google.appengine.eclipse.sdkbundle_1.5.0.r36v201105092302\appengine-java-sdk-1.5.0\lib\user\orm\geronimo-jta_1.1_spec-1.1.1.jar
     [classpath] C:\Program Files\eclipse\eclipse\plugins\com.google.appengine.eclipse.sdkbundle_1.5.0.r36v201105092302\appengine-java-sdk-1.5.0\lib\shared\jsp\repackaged-appengine-ant-1.7.1.jar
     [classpath + loader.0] file:/C:/Users/Julian/Documents/NetBeansProjects/Kompetenzmanager/gwt/KompetenzManager/war/WEB-INF/lib/raphaelgwt-1.0.0.jar
     [loader.0] file:/C:/Users/Julian/Documents/NetBeansProjects/Kompetenzmanager/gwt/KompetenzManager/war/WEB-INF/lib/appengine-api-labs-1.5.0.jar
     [loader.0] file:/C:/Users/Julian/Documents/NetBeansProjects/Kompetenzmanager/gwt/KompetenzManager/war/WEB-INF/lib/jsr107cache-1.1.jar
     [classpath] C:\Users\Julian\Documents\NetBeansProjects\Kompetenzmanager\gwt\KompetenzManager\test-classes
     [classpath + loader.0] file:/C:/Users/Julian/Documents/NetBeansProjects/Kompetenzmanager/gwt/KompetenzManager/war/WEB-INF/lib/neo4j-kernel-1.7.2.jar
     [classpath + loader.0] file:/C:/Users/Julian/Documents/NetBeansProjects/Kompetenzmanager/gwt/KompetenzManager/war/WEB-INF/lib/neo4j-lucene-index-1.7.2.jar
     [classpath + loader.0] file:/C:/Users/Julian/Documents/NetBeansProjects/Kompetenzmanager/gwt/KompetenzManager/war/WEB-INF/lib/neo4j-cypher-1.7.2.jar
     [classpath] C:\Program Files\eclipse\eclipse\plugins\com.google.appengine.eclipse.sdkbundle_1.5.0.r36v201105092302\appengine-java-sdk-1.5.0\lib\shared\jsp\repackaged-appengine-tomcat-juli-6.0.29.jar
     [classpath + loader.0] file:/C:/Users/Julian/Documents/NetBeansProjects/Kompetenzmanager/gwt/KompetenzManager/war/WEB-INF/lib/scala-library-2.9.0-1.jar
     [classpath] C:\Users\Julian\Documents\NetBeansProjects\Kompetenzmanager\gwt\KompetenzManager\lib\neo4j-community-1.7.2\lib\geronimo-jta_1.1_spec-1.1.1.jar
     [classpath] C:\Program Files\eclipse\eclipse\plugins\com.google.gwt.eclipse.sdkbundle_2.3.0.r36v201104261928\gwt-2.3.0\gwt-user.jar
     [classpath] C:\Program Files\eclipse\eclipse\plugins\com.google.appengine.eclipse.sdkbundle_1.5.0.r36v201105092302\appengine-java-sdk-1.5.0\lib\shared\jsp\repackaged-appengine-jasper-el-6.0.29.jar
     [classpath] C:\Program Files\eclipse\eclipse\plugins\org.junit_4.8.1.v4_8_1_v20100427-1100\junit.jar
     [classpath] C:\Program Files\eclipse\eclipse\plugins\com.google.appengine.eclipse.sdkbundle_1.5.0.r36v201105092302\appengine-java-sdk-1.5.0\lib\shared\servlet-api.jar
     [classpath] C:\Program Files\eclipse\eclipse\plugins\com.google.appengine.eclipse.sdkbundle_1.5.0.r36v201105092302\appengine-java-sdk-1.5.0\lib\shared\jsp\repackaged-appengine-jasper-6.0.29.jar
     [classpath + loader.0] file:/C:/Users/Julian/Documents/NetBeansProjects/Kompetenzmanager/gwt/KompetenzManager/war/WEB-INF/lib/neo4j-graph-algo-1.7.2.jar
     [classpath + loader.0] file:/C:/Users/Julian/Documents/NetBeansProjects/Kompetenzmanager/gwt/KompetenzManager/war/WEB-INF/lib/neo4j-udc-1.7.2.jar
     [classpath] C:\Program Files\eclipse\eclipse\plugins\com.google.appengine.eclipse.sdkbundle_1.5.0.r36v201105092302\appengine-java-sdk-1.5.0\lib\user\orm\jdo2-api-2.3-eb.jar
     [classpath] C:\Program Files\eclipse\eclipse\plugins\com.google.appengine.eclipse.sdkbundle_1.5.0.r36v201105092302\appengine-java-sdk-1.5.0\lib\user\orm\geronimo-jpa_3.0_spec-1.1.1.jar
     [classpath] C:\Program Files\eclipse\eclipse\plugins\com.google.gwt.eclipse.sdkbundle_2.3.0.r36v201104261928\gwt-2.3.0\validation-api-1.0.0.GA-sources.jar
     [bootstrap] C:\Program Files\Java\jdk1.6.0_24\jre\lib\sunrsasign.jar
     [bootstrap] C:\Program Files\Java\jdk1.6.0_24\jre\lib\jce.jar
     [classpath + loader.0] file:/C:/Users/Julian/Documents/NetBeansProjects/Kompetenzmanager/gwt/KompetenzManager/war/WEB-INF/lib/rapahel4gwt-0.34.jar
     [classpath + loader.0] file:/C:/Users/Julian/Documents/NetBeansProjects/Kompetenzmanager/gwt/KompetenzManager/war/WEB-INF/lib/lucene-core-3.5.0.jar
     [classpath] C:\Program Files\eclipse\eclipse\plugins\com.google.appengine.eclipse.sdkbundle_1.5.0.r36v201105092302\appengine-java-sdk-1.5.0\lib\shared\jsp-api.jar
     [classpath + loader.0] file:/C:/Users/Julian/Documents/NetBeansProjects/Kompetenzmanager/gwt/KompetenzManager/war/WEB-INF/lib/neo4j-graph-matching-1.7.2.jar
     [classpath + loader.0] file:/C:/Users/Julian/Documents/NetBeansProjects/Kompetenzmanager/gwt/KompetenzManager/war/WEB-INF/lib/neo4j-jmx-1.7.2.jar
     [classpath + loader.0] file:/C:/Users/Julian/Documents/NetBeansProjects/Kompetenzmanager/gwt/KompetenzManager/war/WEB-INF/lib/server-api-1.7.2.jar
     [classpath + loader.0] file:/C:/Users/Julian/Documents/NetBeansProjects/Kompetenzmanager/gwt/KompetenzManager/war/WEB-INF/lib/geronimo-jta_1.1_spec-1.1.1.jar
     [classpath + loader.0] file:/C:/Users/Julian/Documents/NetBeansProjects/Kompetenzmanager/gwt/KompetenzManager/war/WEB-INF/lib/neo4j-community-1.7.2.jar
     [classpath] C:\Program Files\eclipse\eclipse\plugins\com.google.gwt.eclipse.sdkbundle_2.3.0.r36v201104261928\gwt-2.3.0\validation-api-1.0.0.GA.jar
     [classpath] C:\Program Files\eclipse\eclipse\plugins\org.hamcrest.core_1.1.0.v20090501071000.jar
     [bootstrap] C:\Program Files\Java\jdk1.6.0_24\jre\lib\modules\jdk.boot.jar
2012-09-10 09:14:30.542+0000: Library path:
    C:\Program Files\Java\jdk1.6.0_24\bin
    C:\Users\Julian\Documents\NetBeansProjects\Kompetenzmanager\gwt\KompetenzManager\war
    C:\Windows\Sun\Java\bin
    C:\Windows\System32
    C:\Windows
    C:\Program Files (x86)\MiKTeX 2.8\miktex\bin
    C:\Program Files\Common Files\Microsoft Shared\Windows Live
    C:\Program Files (x86)\Common Files\microsoft shared\Windows Live
    C:\Windows\System32
    C:\Windows
    C:\Windows\System32\wbem
    C:\Windows\System32\WindowsPowerShell\v1.0
    C:\Program Files\ThinkPad\Bluetooth Software
    C:\Program Files\ThinkPad\Bluetooth Software\syswow64
    C:\Program Files\Intel\WiFi\bin
    C:\Program Files\Common Files\Intel\WirelessCommon
    C:\Program Files (x86)\Common Files\Lenovo
    C:\Program Files (x86)\Lenovo\Access Connections
    C:\Program Files (x86)\Windows Live\Shared
    C:\Program Files\Common Files\Lenovo
    C:\Program Files (x86)\Lenovo\Client Security Solution
    C:\Program Files\Lenovo\Client Security Solution
    C:\Program Files (x86)\Subversion\bin
    C:\Program Files\MySQL\MySQL Server 5.5\bin
    C:\Program Files\Java\jdk1.6.0_24\bin
    C:\Program Files\Java\jre6\bin
    C:\Program Files (x86)\Microsoft SQL Server\100\Tools\Binn
    C:\Program Files\Microsoft SQL Server\100\Tools\Binn
    C:\Program Files\Microsoft SQL Server\100\DTS\Binn
    C:\Program Files\Java\jdk1.6.0_24\bin
    C:\Program Files (x86)\Git\cmd
    C:\Program Files (x86)\Git\bin
    C:\Program Files\TortoiseSVN\bin
    C:\Program Files\TortoiseHg
    C:\Users\Julian\.netbeans\7.0\maven\bin
    C:\Users\Julian\Software\scala-2.9.1.final\scala-2.9.1.final\bin
    C:\Users\Julian\Software\apache-ant-1.8.2\bin
    C:\Program Files (x86)\Android\android-sdk\platform-tools
    C:\Ruby187\bin
    C:\Program Files (x86)\glassfish-3.1.1\glassfish\bin
    C:\Users\Julian\Software\xampp\php
2012-09-10 09:14:30.562+0000: System.properties:
    sun.boot.library.path = C:\Program Files\Java\jdk1.6.0_24\jre\bin
    path.separator = ;
    file.encoding.pkg = sun.io
    sun.java.launcher = SUN_STANDARD
    user.country = DE
    sun.os.patch.level = Service Pack 1
    user.dir = C:\Users\Julian\Documents\NetBeansProjects\Kompetenzmanager\gwt\KompetenzManager\war
    org.mortbay.log.class = com.google.gwt.dev.shell.jetty.JettyNullLogger
    user.variant = 
    sun.jnu.encoding = Cp1252
    sun.management.compiler = HotSpot 64-Bit Server Compiler
    user.home = C:\Users\Julian
    user.timezone = Europe/Berlin
    file.encoding = Cp1252
    org.mortbay.xml.XmlParser.Validating = false
    build.compiler = org.eclipse.jdt.core.JDTCompilerAdapter
    user.name = Julian
    sun.arch.data.model = 64
    user.language = de
    awt.toolkit = sun.awt.windows.WToolkit
    file.separator = \
    sun.io.unicode.encoding = UnicodeLittle
    sun.cpu.endian = little
    sun.desktop = windows
    sun.cpu.isalist = amd64
2012-09-10 09:14:30.562+0000: --- STARTUP diagnostics END ---
2012-09-10 09:14:30.612+0000: Extension org.neo4j.kernel.KernelExtension[kernel jmx] loaded ok
2012-09-10 09:14:30.612+0000: Extension org.neo4j.kernel.KernelExtension[shell] loaded ok
2012-09-10 09:14:30.642+0000: Extension org.neo4j.kernel.KernelExtension[kernel udc] loaded ok
2012-09-10 09:14:30.652+0000: --- STARTUP diagnostics for KernelDiagnostics:Versions START ---
2012-09-10 09:14:30.652+0000: Graph Database: org.neo4j.kernel.EmbeddedGraphDatabase StoreId[time:1347268469866, id:3978149212815153624, store version: 13561656364791302]
2012-09-10 09:14:30.652+0000: Kernel version: Neo4j - Graph Database Kernel 1.7.2
2012-09-10 09:14:30.652+0000: Neo4j component versions:
2012-09-10 09:14:30.652+0000:   Neo4j - Graph Database Kernel 1.7.2
2012-09-10 09:14:30.652+0000: --- STARTUP diagnostics for KernelDiagnostics:Versions END ---
2012-09-10 09:14:30.652+0000: --- STARTUP diagnostics for NEO_STORE_VERSIONS START ---
2012-09-10 09:14:30.652+0000: Store versions:
    Store versions:
      NeoStore v0.A.0
      NodeStore v0.A.0
      RelationshipStore v0.A.0
      RelationshipTypeStore v0.A.0
      PropertyStore v0.A.0
      PropertyIndexStore v0.A.0
      StringPropertyStore v0.A.0
      ArrayPropertyStore v0.A.0
2012-09-10 09:14:30.652+0000: --- STARTUP diagnostics for NEO_STORE_VERSIONS END ---
2012-09-10 09:14:30.652+0000: --- STARTUP diagnostics for NEO_STORE_ID_USAGE START ---
2012-09-10 09:14:30.652+0000: Id usage:
    Id usage:
      NodeStore: used=1 high=0
      RelationshipStore: used=0 high=-1
      RelationshipTypeStore: used=0 high=-1
      PropertyStore: used=0 high=-1
      PropertyIndexStore: used=0 high=-1
      StringPropertyStore: used=1 high=0
      ArrayPropertyStore: used=1 high=0
2012-09-10 09:14:30.652+0000: --- STARTUP diagnostics for NEO_STORE_ID_USAGE END ---
2012-09-10 09:14:30.652+0000: --- STARTUP diagnostics for KernelDiagnostics:StoreFiles START ---
2012-09-10 09:14:30.652+0000: Storage files:
    active_tx_log: 11,00 B
    dracula:
      examples:
        algorithms.html: 932,00 B
        algorithms.js: 3,73 kB
        classes.html: 595,00 B
        classes.js: 845,00 B
        example.html: 665,00 B
        example.js: 3,76 kB
      - Total: 10,46 kB
      js:
        Curry-1.0.1.js: 715,00 B
        dracula_algorithms.js: 17,74 kB
        dracula_graffle.js: 5,40 kB
        dracula_graph.js: 17,28 kB
        jquery-1.4.2.min.js: 70,48 kB
        raphael-min.js: 56,17 kB
        seedrandom.js: 9,56 kB
      - Total: 177,32 kB
      README: 0,00 B
    - Total: 187,78 kB
    finde_kompetenz.html: 648,00 B
    finde_kompetenz.js: 2,00 B
    graphLayouter.js: 925,00 B
    index:
      lucene-store.db: 40,00 B
      lucene.log.1: 16,00 B
      lucene.log.active: 4,00 B
    - Total: 60,00 B
    jquery-1.7.1.js: 251,47 kB
    kompetenzmanager:
      0A9476898799A150D840F0B1C3672921.cache.png: 291,00 B
      2F243F4CB80E4934399755D94296A2E7.cache.html: 100,31 kB
      30271B02217F15A7EE615AA118BBB317.gwt.rpc: 1,58 kB
      396F806CD63ABD414BFBB9D57429F05B.cache.png: 90,00 B
      453B23FB6BCFBDB2B81694E60331E359.cache.html: 96,89 kB
      5894745FB9F8B9B14859C35BE7962C8B.gwt.rpc: 7,04 kB
      CDC913BF43A7F69AE7DB5EB931C34583.cache.html: 100,99 kB
      clear.cache.gif: 43,00 B
      D03B69175A44F766B3C1DB2E357172A6.cache.html: 99,72 kB
      D34C07FB1545F7860BFB6151E13F1C0B.cache.html: 100,56 kB
      DE5C330468074C16DA567B9936E69A4F.cache.html: 104,53 kB
      DF7764EEC1903CD03C9545B354D8D8E4.cache.png: 92,00 B
      E44767377485D18D6B6864F65BA8EF73.cache.png: 295,00 B
      EDC7827FEEA59EE44AD790B1C6430C45.cache.png: 273,00 B
      gwt:
        clean:
          clean.css: 28,62 kB
          clean_rtl.css: 28,65 kB
          images:
            circles.png: 1,46 kB
            circles_ie6.png: 432,00 B
            corner.png: 1,11 kB
            corner_ie6.png: 412,00 B
            hborder.png: 1,95 kB
            hborder_ie6.png: 706,00 B
            thumb_horz.png: 222,00 B
            thumb_vertical.png: 231,00 B
            vborder.png: 298,00 B
            vborder_ie6.png: 189,00 B
          - Total: 6,95 kB
        - Total: 64,22 kB
      - Total: 64,22 kB
      hosted.html: 11,21 kB
      kompetenzmanager.nocache.js: 5,84 kB
      scrollTableLoading.gif: 1,81 kB
    - Total: 695,74 kB
    KompetenzManager.css: 640,00 B
    KompetenzManager.html: 1,22 kB
    lock: 0,00 B
    messages.log: 17,69 kB
    nbproject:
      private:
        private.properties: 126,00 B
        private.xml: 211,00 B
      - Total: 337,00 B
      project.properties: 139,00 B
      project.xml: 319,00 B
    - Total: 795,00 B
    neostore: 54,00 B
    neostore.id: 9,00 B
    neostore.nodestore.db: 9,00 B
    neostore.nodestore.db.id: 9,00 B
    neostore.propertystore.db: 0,00 B
    neostore.propertystore.db.arrays: 128,00 B
    neostore.propertystore.db.arrays.id: 9,00 B
    neostore.propertystore.db.id: 9,00 B
    neostore.propertystore.db.index: 0,00 B
    neostore.propertystore.db.index.id: 9,00 B
    neostore.propertystore.db.index.keys: 38,00 B
    neostore.propertystore.db.index.keys.id: 9,00 B
    neostore.propertystore.db.strings: 128,00 B
    neostore.propertystore.db.strings.id: 9,00 B
    neostore.relationshipstore.db: 0,00 B
    neostore.relationshipstore.db.id: 9,00 B
    neostore.relationshiptypestore.db: 0,00 B
    neostore.relationshiptypestore.db.id: 9,00 B
    neostore.relationshiptypestore.db.names: 38,00 B
    neostore.relationshiptypestore.db.names.id: 9,00 B
    nioneo_logical.log.1: 16,00 B
    nioneo_logical.log.active: 4,00 B
    svg_jquery:
      blank.svg: 207,00 B
      jquery.svg.css: 443,00 B
      jquery.svg.js: 56,79 kB
      jquery.svg.min.js: 19,66 kB
      jquery.svg.pack.js: 15,16 kB
      jquery.svganim.js: 16,88 kB
      jquery.svganim.min.js: 10,39 kB
      jquery.svganim.pack.js: 9,71 kB
      jquery.svgdom.js: 11,72 kB
      jquery.svgdom.min.js: 4,79 kB
      jquery.svgdom.pack.js: 4,00 kB
      jquery.svgfilter.js: 20,39 kB
      jquery.svgfilter.min.js: 6,50 kB
      jquery.svgfilter.pack.js: 5,11 kB
      jquery.svggraph.js: 57,85 kB
      jquery.svggraph.min.js: 24,87 kB
      jquery.svggraph.pack.js: 15,86 kB
      jquery.svgplot.js: 31,01 kB
      jquery.svgplot.min.js: 12,11 kB
      jquery.svgplot.pack.js: 7,83 kB
      lion.svg: 17,87 kB
      svgBasic.html: 3,02 kB
    - Total: 352,15 kB
    TestData.json: 410,00 B
    tm_tx_log.1: 0,00 B
    WEB-INF:
      appengine-web.xml: 663,00 B
      classes:
        de:
          unipotsdam:
            kompetenzmanager:
              client:
                ClickMenu$ClickMenuUiBinder.class: 477,00 B
                ClickMenu.class: 3,51 kB
                ClickMenu.ui.xml: 609,00 B
                ElementEntryField$ElementEntryFieldUiBinder.class: 525,00 B
                ElementEntryField.class: 3,10 kB
                ElementEntryField.ui.xml: 1,24 kB
                GraphBackend.class: 789,00 B
                GraphBackendAsync.class: 1,23 kB
                GraphBackendImpl.class: 2,96 kB
                GraphUpdater.class: 2,37 kB
                GreetingService.class: 449,00 B
                GreetingServiceAsync.class: 424,00 B
                JavascriptUtil.class: 2,46 kB
                KompetenzManager.class: 1,42 kB
                ShowCompetenceBinder2$ShowCompetenceBinder2UiBinder.class: 549,00 B
                ShowCompetenceBinder2.class: 6,50 kB
                ShowCompetenceBinder2.ui.xml: 1,09 kB
              - Total: 29,63 kB
              KompetenzManager.gwt.xml: 1,86 kB
              server:
                DummyBackendImpl.class: 1,71 kB
                GraphBackendFactory.class: 566,00 B
                GraphBackendImpl.class: 1,57 kB
                GreetingServiceImpl.class: 1,83 kB
                neo4j:
                  Do.class: 194,00 B
                  DoAddNode.class: 2,42 kB
                  DoAddRootNode.class: 1,00 kB
                  DoFullGraph$1.class: 1023,00 B
                  DoFullGraph$2.class: 919,00 B
                  DoFullGraph.class: 4,03 kB
                  DoNeo.class: 1,80 kB
                  Neo4JStarter.class: 2,53 kB
                  RelTypes.class: 1,22 kB
                - Total: 15,08 kB
                Neo4JGraphBackendImpl.class: 2,28 kB
              - Total: 23,02 kB
              shared:
                FieldVerifier.class: 561,00 B
                GeometryUtil.class: 814,00 B
                Graph.class: 2,08 kB
                GraphNode.class: 1016,00 B
                GraphTriple.class: 1,41 kB
              - Total: 5,82 kB
            - Total: 60,33 kB
          - Total: 60,33 kB
        - Total: 60,33 kB
        log4j.properties: 1,04 kB
        META-INF:
          jdoconfig.xml: 887,00 B
        - Total: 887,00 B
      - Total: 62,24 kB
      deploy:
        kompetenzmanager:
          rpcPolicyManifest:
            manifest.txt: 79,00 B
            manifests:
              116A5903DF2B8518170C871619BF8A3A.txt: 112,00 B
              D7FCB82BD6786EF4D70602D45FCF6B88.txt: 112,00 B
            - Total: 224,00 B
          - Total: 303,00 B
          symbolMaps:
            2F243F4CB80E4934399755D94296A2E7.symbolMap: 829,20 kB
            453B23FB6BCFBDB2B81694E60331E359.symbolMap: 818,77 kB
            CDC913BF43A7F69AE7DB5EB931C34583.symbolMap: 831,60 kB
            D03B69175A44F766B3C1DB2E357172A6.symbolMap: 823,86 kB
            D34C07FB1545F7860BFB6151E13F1C0B.symbolMap: 831,84 kB
            DE5C330468074C16DA567B9936E69A4F.symbolMap: 833,10 kB
          - Total: 4,85 MB
        - Total: 4,85 MB
      - Total: 4,85 MB
      lib:
        appengine-api-1.0-sdk-1.5.0.jar: 16,78 MB
        appengine-api-labs-1.5.0.jar: 1,70 MB
        appengine-jsr107cache-1.5.0.jar: 688,00 B
        datanucleus-appengine-1.0.8.final.jar: 298,63 kB
        datanucleus-core-1.1.5.jar: 1,84 MB
        datanucleus-jpa-1.1.5.jar: 149,19 kB
        geronimo-jpa_3.0_spec-1.1.1.jar: 51,64 kB
        geronimo-jta_1.1_spec-1.1.1.jar: 15,65 kB
        gwt-incubator-20101117-r1766.jar: 2,27 MB
        gwt-servlet.jar: 4,77 MB
        jdo2-api-2.3-eb.jar: 188,18 kB
        jsr107cache-1.1.jar: 7,89 kB
        lucene-core-3.5.0.jar: 1,40 MB
        neo4j-community-1.7.2.jar: 22,11 kB
        neo4j-cypher-1.7.2.jar: 2,31 MB
        neo4j-graph-algo-1.7.2.jar: 150,11 kB
        neo4j-graph-matching-1.7.2.jar: 50,75 kB
        neo4j-jmx-1.7.2.jar: 45,36 kB
        neo4j-kernel-1.7.2.jar: 1,16 MB
        neo4j-lucene-index-1.7.2.jar: 150,69 kB
        neo4j-shell-1.7.2.jar: 220,48 kB
        neo4j-udc-1.7.2.jar: 29,12 kB
        rapahel4gwt-0.34.jar: 923,39 kB
        raphaelgwt-1.0.0.jar: 68,76 kB
        scala-library-2.9.0-1.jar: 8,45 MB
        server-api-1.7.2.jar: 116,03 kB
      - Total: 43,11 MB
      logging.properties: 457,00 B
      web.xml: 1,07 kB
    - Total: 48,03 MB
    zeige_kompetenz.js: 1,27 kB
2012-09-10 09:14:30.702+0000: --- STARTUP diagnostics for KernelDiagnostics:StoreFiles END ---
2012-09-10 09:14:30.702+0000: Started - database is now available
2012-09-10 09:14:30.702+0000: GC Monitor started. 
2012-09-10 09:19:28.195+0000: GC Monitor: Application threads blocked for an additional 120ms [total block time: 0.12s]
2012-09-10 09:19:28.505+0000: GC Monitor: Application threads blocked for an additional 110ms [total block time: 0.23s]
2012-09-10 09:19:28.895+0000: GC Monitor: Application threads blocked for an additional 190ms [total block time: 0.42s]
2012-09-10 09:19:29.245+0000: GC Monitor: Application threads blocked for an additional 150ms [total block time: 0.57s]
2012-09-10 09:20:27.172+0000: GC Monitor: Application threads blocked for an additional 191ms [total block time: 0.761s]
2012-09-10 09:22:22.904+0000: GC Monitor: Application threads blocked for an additional 326ms [total block time: 1.087s]
2012-09-10 09:31:14.268+0000: GC Monitor: Application threads blocked for an additional 134ms [total block time: 1.221s]
