#
# There is insufficient memory for the Java Runtime Environment to continue.
# Native memory allocation (malloc) failed to allocate 990928 bytes for Chunk::new
# Possible reasons:
#   The system is out of physical RAM or swap space
#   In 32 bit mode, the process size limit was hit
# Possible solutions:
#   Reduce memory load on the system
#   Increase physical memory or swap space
#   Check if swap backing store is full
#   Use 64 bit Java on a 64 bit OS
#   Decrease Java heap size (-Xmx/-Xms)
#   Decrease number of Java threads
#   Decrease Java thread stack sizes (-Xss)
#   Set larger code cache with -XX:ReservedCodeCacheSize=
# This output file may be truncated or incomplete.
#
#  Out of Memory Error (allocation.cpp:323), pid=10772, tid=6804
#
# JRE version: Java(TM) SE Runtime Environment (7.0_79-b15) (build 1.7.0_79-b15)
# Java VM: Java HotSpot(TM) 64-Bit Server VM (24.79-b02 mixed mode windows-amd64 compressed oops)
# Failed to write core dump. Minidumps are not enabled by default on client versions of Windows
#

---------------  T H R E A D  ---------------

Current thread (0x0000000008787000):  JavaThread "C2 CompilerThread1" daemon [_thread_in_native, id=6804, stack(0x0000000009e00000,0x0000000009f00000)]

Stack: [0x0000000009e00000,0x0000000009f00000]
[error occurred during error reporting (printing stack bounds), id 0xc0000005]


Current CompileTask:
C2:   1704  386             com.android.dx.merge.DexMerger::transformMethods (126 bytes)


---------------  P R O C E S S  ---------------

Java Threads: ( => current thread )
  0x000000000878c000 JavaThread "Service Thread" daemon [_thread_blocked, id=584, stack(0x0000000009f00000,0x000000000a000000)]
=>0x0000000008787000 JavaThread "C2 CompilerThread1" daemon [_thread_in_native, id=6804, stack(0x0000000009e00000,0x0000000009f00000)]
  0x0000000008785000 JavaThread "C2 CompilerThread0" daemon [_thread_in_native, id=10388, stack(0x0000000009d00000,0x0000000009e00000)]
  0x0000000008784000 JavaThread "Attach Listener" daemon [_thread_blocked, id=4928, stack(0x0000000009c00000,0x0000000009d00000)]
  0x0000000008781000 JavaThread "Signal Dispatcher" daemon [_thread_blocked, id=5944, stack(0x0000000009b00000,0x0000000009c00000)]
  0x000000000874f000 JavaThread "Finalizer" daemon [_thread_blocked, id=10940, stack(0x0000000009a00000,0x0000000009b00000)]
  0x0000000008746000 JavaThread "Reference Handler" daemon [_thread_blocked, id=10544, stack(0x0000000009900000,0x0000000009a00000)]
  0x00000000027ed800 JavaThread "main" [_thread_in_Java, id=11116, stack(0x0000000002680000,0x0000000002780000)]

Other Threads:
  0x0000000008741000 VMThread [stack: 0x0000000009800000,0x0000000009900000] [id=10936]
  0x00000000087b7000 WatcherThread [stack: 0x000000000a000000,0x000000000a100000] [id=8084]

VM state:not at safepoint (normal execution)

VM Mutex/Monitor currently owned by a thread: None

Heap
 PSYoungGen      total 35328K, used 6687K [0x00000000eaa80000, 0x00000000ecf80000, 0x0000000100000000)
  eden space 32768K, 20% used [0x00000000eaa80000,0x00000000eb107ec0,0x00000000eca80000)
  from space 2560K, 0% used [0x00000000eca80000,0x00000000eca80000,0x00000000ecd00000)
  to   space 2560K, 0% used [0x00000000ecd00000,0x00000000ecd00000,0x00000000ecf80000)
 ParOldGen       total 42496K, used 10959K [0x00000000c0000000, 0x00000000c2980000, 0x00000000eaa80000)
  object space 42496K, 25% used [0x00000000c0000000,0x00000000c0ab3d48,0x00000000c2980000)
 PSPermGen       total 21504K, used 6968K [0x00000000bae00000, 0x00000000bc300000, 0x00000000c0000000)
  object space 21504K, 32% used [0x00000000bae00000,0x00000000bb4ce2b0,0x00000000bc300000)

Card table byte_map: [0x00000000059b0000,0x0000000005be0000] byte_map_base: 0x00000000053d9000

Polling page: 0x0000000000ed0000

Code Cache  [0x00000000028f0000, 0x0000000002b60000, 0x00000000058f0000)
 total_blobs=663 nmethods=405 adapters=210 free_code_cache=48142Kb largest_free_block=49272640

Compilation events (10 events):
Event: 1.658 Thread 0x0000000008785000 nmethod 402 0x00000000029ea4d0 code [0x00000000029ea600, 0x00000000029ea658]
Event: 1.658 Thread 0x0000000008785000  403             com.android.dex.Dex$Section::writeTypeList (50 bytes)
Event: 1.666 Thread 0x0000000008785000 nmethod 403 0x00000000029edf90 code [0x00000000029ee120, 0x00000000029ee618]
Event: 1.666 Thread 0x0000000008785000  404             com.android.dx.merge.IndexMap::adjustTypeListOffset (18 bytes)
Event: 1.671 Thread 0x0000000008785000 nmethod 404 0x00000000029e9d90 code [0x00000000029e9f00, 0x00000000029ea198]
Event: 1.671 Thread 0x0000000008785000  405             com.android.dex.EncodedValueCodec::writeUnsignedIntegralValue (66 bytes)
Event: 1.684 Thread 0x0000000008785000 nmethod 405 0x00000000029efc50 code [0x00000000029efdc0, 0x00000000029f0558]
Event: 1.684 Thread 0x0000000008785000  406             java.util.Collections::sort (52 bytes)
Event: 1.695 Thread 0x0000000008785000 nmethod 406 0x00000000029ef0d0 code [0x00000000029ef240, 0x00000000029ef868]
Event: 1.695 Thread 0x0000000008785000  407             java.util.ComparableTimSort::binarySort (223 bytes)

GC Heap History (8 events):
Event: 0.737 GC heap before
{Heap before GC invocations=1 (full 0):
 PSYoungGen      total 18944K, used 16384K [0x00000000eaa80000, 0x00000000ebf80000, 0x0000000100000000)
  eden space 16384K, 100% used [0x00000000eaa80000,0x00000000eba80000,0x00000000eba80000)
  from space 2560K, 0% used [0x00000000ebd00000,0x00000000ebd00000,0x00000000ebf80000)
  to   space 2560K, 0% used [0x00000000eba80000,0x00000000eba80000,0x00000000ebd00000)
 ParOldGen       total 42496K, used 0K [0x00000000c0000000, 0x00000000c2980000, 0x00000000eaa80000)
  object space 42496K, 0% used [0x00000000c0000000,0x00000000c0000000,0x00000000c2980000)
 PSPermGen       total 21504K, used 4965K [0x00000000bae00000, 0x00000000bc300000, 0x00000000c0000000)
  object space 21504K, 23% used [0x00000000bae00000,0x00000000bb2d9708,0x00000000bc300000)
Event: 0.747 GC heap after
Heap after GC invocations=1 (full 0):
 PSYoungGen      total 18944K, used 2545K [0x00000000eaa80000, 0x00000000ecf80000, 0x0000000100000000)
  eden space 16384K, 0% used [0x00000000eaa80000,0x00000000eaa80000,0x00000000eba80000)
  from space 2560K, 99% used [0x00000000eba80000,0x00000000ebcfc6e0,0x00000000ebd00000)
  to   space 2560K, 0% used [0x00000000ecd00000,0x00000000ecd00000,0x00000000ecf80000)
 ParOldGen       total 42496K, used 2112K [0x00000000c0000000, 0x00000000c2980000, 0x00000000eaa80000)
  object space 42496K, 4% used [0x00000000c0000000,0x00000000c0210048,0x00000000c2980000)
 PSPermGen       total 21504K, used 4965K [0x00000000bae00000, 0x00000000bc300000, 0x00000000c0000000)
  object space 21504K, 23% used [0x00000000bae00000,0x00000000bb2d9708,0x00000000bc300000)
}
Event: 1.226 GC heap before
{Heap before GC invocations=2 (full 0):
 PSYoungGen      total 18944K, used 18929K [0x00000000eaa80000, 0x00000000ecf80000, 0x0000000100000000)
  eden space 16384K, 100% used [0x00000000eaa80000,0x00000000eba80000,0x00000000eba80000)
  from space 2560K, 99% used [0x00000000eba80000,0x00000000ebcfc6e0,0x00000000ebd00000)
  to   space 2560K, 0% used [0x00000000ecd00000,0x00000000ecd00000,0x00000000ecf80000)
 ParOldGen       total 42496K, used 2112K [0x00000000c0000000, 0x00000000c2980000, 0x00000000eaa80000)
  object space 42496K, 4% used [0x00000000c0000000,0x00000000c0210048,0x00000000c2980000)
 PSPermGen       total 21504K, used 6898K [0x00000000bae00000, 0x00000000bc300000, 0x00000000c0000000)
  object space 21504K, 32% used [0x00000000bae00000,0x00000000bb4bcab8,0x00000000bc300000)
Event: 1.233 GC heap after
Heap after GC invocations=2 (full 0):
 PSYoungGen      total 35328K, used 2545K [0x00000000eaa80000, 0x00000000ecf80000, 0x0000000100000000)
  eden space 32768K, 0% used [0x00000000eaa80000,0x00000000eaa80000,0x00000000eca80000)
  from space 2560K, 99% used [0x00000000ecd00000,0x00000000ecf7c530,0x00000000ecf80000)
  to   space 2560K, 0% used [0x00000000eca80000,0x00000000eca80000,0x00000000ecd00000)
 ParOldGen       total 42496K, used 5849K [0x00000000c0000000, 0x00000000c2980000, 0x00000000eaa80000)
  object space 42496K, 13% used [0x00000000c0000000,0x00000000c05b6770,0x00000000c2980000)
 PSPermGen       total 21504K, used 6898K [0x00000000bae00000, 0x00000000bc300000, 0x00000000c0000000)
  object space 21504K, 32% used [0x00000000bae00000,0x00000000bb4bcab8,0x00000000bc300000)
}
Event: 1.561 GC heap before
{Heap before GC invocations=3 (full 0):
 PSYoungGen      total 35328K, used 35313K [0x00000000eaa80000, 0x00000000ecf80000, 0x0000000100000000)
  eden space 32768K, 100% used [0x00000000eaa80000,0x00000000eca80000,0x00000000eca80000)
  from space 2560K, 99% used [0x00000000ecd00000,0x00000000ecf7c530,0x00000000ecf80000)
  to   space 2560K, 0% used [0x00000000eca80000,0x00000000eca80000,0x00000000ecd00000)
 ParOldGen       total 42496K, used 5849K [0x00000000c0000000, 0x00000000c2980000, 0x00000000eaa80000)
  object space 42496K, 13% used [0x00000000c0000000,0x00000000c05b6770,0x00000000c2980000)
 PSPermGen       total 21504K, used 6957K [0x00000000bae00000, 0x00000000bc300000, 0x00000000c0000000)
  object space 21504K, 32% used [0x00000000bae00000,0x00000000bb4cb600,0x00000000bc300000)
Event: 1.587 GC heap after
Heap after GC invocations=3 (full 0):
 PSYoungGen      total 35328K, used 2558K [0x00000000eaa80000, 0x00000000ecf80000, 0x0000000100000000)
  eden space 32768K, 0% used [0x00000000eaa80000,0x00000000eaa80000,0x00000000eca80000)
  from space 2560K, 99% used [0x00000000eca80000,0x00000000eccffb88,0x00000000ecd00000)
  to   space 2560K, 0% used [0x00000000ecd00000,0x00000000ecd00000,0x00000000ecf80000)
 ParOldGen       total 42496K, used 27381K [0x00000000c0000000, 0x00000000c2980000, 0x00000000eaa80000)
  object space 42496K, 64% used [0x00000000c0000000,0x00000000c1abd688,0x00000000c2980000)
 PSPermGen       total 21504K, used 6957K [0x00000000bae00000, 0x00000000bc300000, 0x00000000c0000000)
  object space 21504K, 32% used [0x00000000bae00000,0x00000000bb4cb600,0x00000000bc300000)
}
Event: 1.587 GC heap before
{Heap before GC invocations=4 (full 1):
 PSYoungGen      total 35328K, used 2558K [0x00000000eaa80000, 0x00000000ecf80000, 0x0000000100000000)
  eden space 32768K, 0% used [0x00000000eaa80000,0x00000000eaa80000,0x00000000eca80000)
  from space 2560K, 99% used [0x00000000eca80000,0x00000000eccffb88,0x00000000ecd00000)
  to   space 2560K, 0% used [0x00000000ecd00000,0x00000000ecd00000,0x00000000ecf80000)
 ParOldGen       total 42496K, used 27381K [0x00000000c0000000, 0x00000000c2980000, 0x00000000eaa80000)
  object space 42496K, 64% used [0x00000000c0000000,0x00000000c1abd688,0x00000000c2980000)
 PSPermGen       total 21504K, used 6957K [0x00000000bae00000, 0x00000000bc300000, 0x00000000c0000000)
  object space 21504K, 32% used [0x00000000bae00000,0x00000000bb4cb600,0x00000000bc300000)
Event: 1.641 GC heap after
Heap after GC invocations=4 (full 1):
 PSYoungGen      total 35328K, used 0K [0x00000000eaa80000, 0x00000000ecf80000, 0x0000000100000000)
  eden space 32768K, 0% used [0x00000000eaa80000,0x00000000eaa80000,0x00000000eca80000)
  from space 2560K, 0% used [0x00000000eca80000,0x00000000eca80000,0x00000000ecd00000)
  to   space 2560K, 0% used [0x00000000ecd00000,0x00000000ecd00000,0x00000000ecf80000)
 ParOldGen       total 42496K, used 10959K [0x00000000c0000000, 0x00000000c2980000, 0x00000000eaa80000)
  object space 42496K, 25% used [0x00000000c0000000,0x00000000c0ab3d48,0x00000000c2980000)
 PSPermGen       total 21504K, used 6954K [0x00000000bae00000, 0x00000000bc300000, 0x00000000c0000000)
  object space 21504K, 32% used [0x00000000bae00000,0x00000000bb4cabc0,0x00000000bc300000)
}

Deoptimization events (10 events):
Event: 1.076 Thread 0x00000000027ed800 Uncommon trap: reason=bimorphic action=maybe_recompile pc=0x00000000029855fc method=java.util.HashMap.put(Ljava/lang/Object;Ljava/lang/Object;)Ljava/lang/Object; @ 83
Event: 1.076 Thread 0x00000000027ed800 Uncommon trap: reason=bimorphic action=maybe_recompile pc=0x00000000029855fc method=java.util.HashMap.put(Ljava/lang/Object;Ljava/lang/Object;)Ljava/lang/Object; @ 83
Event: 1.076 Thread 0x00000000027ed800 Uncommon trap: reason=bimorphic action=maybe_recompile pc=0x00000000029855fc method=java.util.HashMap.put(Ljava/lang/Object;Ljava/lang/Object;)Ljava/lang/Object; @ 83
Event: 1.076 Thread 0x00000000027ed800 Uncommon trap: reason=bimorphic action=maybe_recompile pc=0x00000000029855fc method=java.util.HashMap.put(Ljava/lang/Object;Ljava/lang/Object;)Ljava/lang/Object; @ 83
Event: 1.125 Thread 0x00000000027ed800 Uncommon trap: reason=class_check action=maybe_recompile pc=0x000000000299c5e0 method=com.android.dex.Leb128.readUnsignedLeb128(Lcom/android/dex/util/ByteInput;)I @ 5
Event: 1.125 Thread 0x00000000027ed800 Uncommon trap: reason=class_check action=maybe_recompile pc=0x000000000299c5e0 method=com.android.dex.Leb128.readUnsignedLeb128(Lcom/android/dex/util/ByteInput;)I @ 5
Event: 1.125 Thread 0x00000000027ed800 Uncommon trap: reason=class_check action=maybe_recompile pc=0x000000000299c5e0 method=com.android.dex.Leb128.readUnsignedLeb128(Lcom/android/dex/util/ByteInput;)I @ 5
Event: 1.125 Thread 0x00000000027ed800 Uncommon trap: reason=class_check action=maybe_recompile pc=0x000000000299c5e0 method=com.android.dex.Leb128.readUnsignedLeb128(Lcom/android/dex/util/ByteInput;)I @ 5
Event: 1.196 Thread 0x00000000027ed800 Uncommon trap: reason=predicate action=maybe_recompile pc=0x00000000029a6908 method=com.android.dex.Leb128.readUnsignedLeb128(Lcom/android/dex/util/ByteInput;)I @ 41
Event: 1.557 Thread 0x00000000027ed800 Uncommon trap: reason=predicate action=maybe_recompile pc=0x00000000029eb4ec method=java.util.ComparableTimSort.binarySort([Ljava/lang/Object;III)V @ 37

Internal exceptions (10 events):
Event: 1.052 Thread 0x00000000027ed800 Threw 0x00000000eb543d50 at C:\re\jdk7u79\2331\hotspot\src\share\vm\prims\jvm.cpp:1304
Event: 1.052 Thread 0x00000000027ed800 Threw 0x00000000eb546d98 at C:\re\jdk7u79\2331\hotspot\src\share\vm\prims\jvm.cpp:1304
Event: 1.052 Thread 0x00000000027ed800 Threw 0x00000000eb54a208 at C:\re\jdk7u79\2331\hotspot\src\share\vm\prims\jvm.cpp:1304
Event: 1.055 Thread 0x00000000027ed800 Threw 0x00000000eb551720 at C:\re\jdk7u79\2331\hotspot\src\share\vm\prims\jvm.cpp:1304
Event: 1.055 Thread 0x00000000027ed800 Threw 0x00000000eb553918 at C:\re\jdk7u79\2331\hotspot\src\share\vm\prims\jvm.cpp:1304
Event: 1.080 Thread 0x00000000027ed800 Threw 0x00000000eb5e9390 at C:\re\jdk7u79\2331\hotspot\src\share\vm\prims\jvm.cpp:1304
Event: 1.080 Thread 0x00000000027ed800 Threw 0x00000000eb5e94b8 at C:\re\jdk7u79\2331\hotspot\src\share\vm\prims\jvm.cpp:1304
Event: 1.081 Thread 0x00000000027ed800 Threw 0x00000000eb5ed230 at C:\re\jdk7u79\2331\hotspot\src\share\vm\prims\jvm.cpp:1304
Event: 1.081 Thread 0x00000000027ed800 Threw 0x00000000eb5ed358 at C:\re\jdk7u79\2331\hotspot\src\share\vm\prims\jvm.cpp:1304
Event: 1.407 Thread 0x00000000027ed800 Threw 0x00000000eb406908 at C:\re\jdk7u79\2331\hotspot\src\share\vm\prims\jvm.cpp:1304

Events (10 events):
Event: 1.196 Thread 0x00000000027ed800 DEOPT UNPACKING pc=0x00000000029275a4 sp=0x000000000277ec08 mode 2
Event: 1.226 Executing VM operation: ParallelGCFailedAllocation
Event: 1.233 Executing VM operation: ParallelGCFailedAllocation done
Event: 1.407 loading class 0x000000000a2e9c00
Event: 1.407 loading class 0x000000000a2e9c00 done
Event: 1.557 Thread 0x00000000027ed800 Uncommon trap: trap_request=0xffffff86 fr.pc=0x00000000029eb4ec
Event: 1.557 Thread 0x00000000027ed800 DEOPT PACKING pc=0x00000000029eb4ec sp=0x000000000277eed0
Event: 1.557 Thread 0x00000000027ed800 DEOPT UNPACKING pc=0x00000000029275a4 sp=0x000000000277eeb0 mode 2
Event: 1.561 Executing VM operation: ParallelGCFailedAllocation
Event: 1.641 Executing VM operation: ParallelGCFailedAllocation done


Dynamic libraries:
0x00007ff6f77a0000 - 0x00007ff6f77d3000 	C:\Program Files\Java\jdk1.7.0_79\bin\java.exe
0x00007ff85a070000 - 0x00007ff85a21c000 	C:\WINDOWS\SYSTEM32\ntdll.dll
0x00007ff8587c0000 - 0x00007ff8588fe000 	C:\WINDOWS\system32\KERNEL32.DLL
0x00007ff857290000 - 0x00007ff8573a5000 	C:\WINDOWS\system32\KERNELBASE.dll
0x00007ff855910000 - 0x00007ff85599e000 	C:\WINDOWS\system32\apphelp.dll
0x00007ff841890000 - 0x00007ff8418e3000 	C:\WINDOWS\AppPatch\AppPatch64\AcGenral.DLL
0x00007ff8578e0000 - 0x00007ff85798a000 	C:\WINDOWS\system32\msvcrt.dll
0x00007ff856ff0000 - 0x00007ff85701e000 	C:\WINDOWS\SYSTEM32\SspiCli.dll
0x00007ff857fd0000 - 0x00007ff858024000 	C:\WINDOWS\system32\SHLWAPI.dll
0x00007ff858250000 - 0x00007ff8583c7000 	C:\WINDOWS\system32\USER32.dll
0x00007ff857a60000 - 0x00007ff857bf4000 	C:\WINDOWS\system32\ole32.dll
0x00007ff858b50000 - 0x00007ff85a068000 	C:\WINDOWS\system32\SHELL32.dll
0x00007ff856730000 - 0x00007ff856751000 	C:\WINDOWS\SYSTEM32\USERENV.dll
0x00007ff858710000 - 0x00007ff8587ba000 	C:\WINDOWS\system32\ADVAPI32.dll
0x00007ff848c10000 - 0x00007ff848c2e000 	C:\WINDOWS\SYSTEM32\MPR.dll
0x00007ff857e10000 - 0x00007ff857f51000 	C:\WINDOWS\system32\RPCRT4.dll
0x00007ff857880000 - 0x00007ff8578d9000 	C:\WINDOWS\SYSTEM32\sechost.dll
0x00007ff858030000 - 0x00007ff858241000 	C:\WINDOWS\SYSTEM32\combase.dll
0x00007ff857710000 - 0x00007ff857861000 	C:\WINDOWS\system32\GDI32.dll
0x00007ff8571c0000 - 0x00007ff8571d5000 	C:\WINDOWS\SYSTEM32\profapi.dll
0x00007ff855f40000 - 0x00007ff855ff2000 	C:\WINDOWS\SYSTEM32\SHCORE.dll
0x00007ff8586d0000 - 0x00007ff858706000 	C:\WINDOWS\system32\IMM32.DLL
0x00007ff8583d0000 - 0x00007ff858521000 	C:\WINDOWS\system32\MSCTF.dll
0x00007ff8561e0000 - 0x00007ff85645a000 	C:\WINDOWS\WinSxS\amd64_microsoft.windows.common-controls_6595b64144ccf1df_6.0.9600.17810_none_6240b9c7ecbd0bda\COMCTL32.dll
0x00000000719a0000 - 0x0000000071a72000 	C:\Program Files\Java\jdk1.7.0_79\jre\bin\msvcr100.dll
0x0000000070a20000 - 0x00000000711f5000 	C:\Program Files\Java\jdk1.7.0_79\jre\bin\server\jvm.dll
0x00007ff84d7b0000 - 0x00007ff84d7b9000 	C:\WINDOWS\SYSTEM32\WSOCK32.dll
0x00007ff850350000 - 0x00007ff850372000 	C:\WINDOWS\SYSTEM32\WINMM.dll
0x00007ff858b40000 - 0x00007ff858b47000 	C:\WINDOWS\system32\PSAPI.DLL
0x00007ff858ae0000 - 0x00007ff858b3a000 	C:\WINDOWS\system32\WS2_32.dll
0x00007ff850320000 - 0x00007ff85034a000 	C:\WINDOWS\SYSTEM32\WINMMBASE.dll
0x00007ff858530000 - 0x00007ff858539000 	C:\WINDOWS\system32\NSI.dll
0x00007ff857590000 - 0x00007ff8575df000 	C:\WINDOWS\SYSTEM32\cfgmgr32.dll
0x00007ff855b60000 - 0x00007ff855b88000 	C:\WINDOWS\SYSTEM32\DEVOBJ.dll
0x0000000072200000 - 0x000000007220f000 	C:\Program Files\Java\jdk1.7.0_79\jre\bin\verify.dll
0x00000000721d0000 - 0x00000000721f8000 	C:\Program Files\Java\jdk1.7.0_79\jre\bin\java.dll
0x00000000721b0000 - 0x00000000721c5000 	C:\Program Files\Java\jdk1.7.0_79\jre\bin\zip.dll
0x0000000072190000 - 0x00000000721aa000 	C:\Program Files\Java\jdk1.7.0_79\jre\bin\net.dll
0x00007ff8569a0000 - 0x00007ff8569f9000 	C:\WINDOWS\system32\mswsock.dll
0x0000000072170000 - 0x0000000072181000 	C:\Program Files\Java\jdk1.7.0_79\jre\bin\nio.dll

VM Arguments:
jvm_args: -Xmx1024M -Dfile.encoding=windows-1252 -Duser.country=DE -Duser.language=de -Duser.variant 
java_command: com.android.dx.command.Main --dex --output C:\Users\admin\AndroidStudioProjects\Competencetool\app\build\intermediates\dex\debug C:\Users\admin\AndroidStudioProjects\Competencetool\app\build\intermediates\classes\debug C:\Users\admin\AndroidStudioProjects\Competencetool\app\build\intermediates\pre-dexed\debug\support-annotations-22.2.0-5d1c2b736d5fe2c823bce873e8290db4bdb660bc.jar C:\Users\admin\AndroidStudioProjects\Competencetool\app\build\intermediates\pre-dexed\debug\android-async-http-1.4.4-cfb635f41e3fa9619ff537f6e20d7c48e0455e23.jar C:\Users\admin\AndroidStudioProjects\Competencetool\app\build\intermediates\pre-dexed\debug\gson-2.2.4-9a127535bb9d6922e5806200b1048d98a12d3efc.jar C:\Users\admin\AndroidStudioProjects\Competencetool\app\build\intermediates\pre-dexed\debug\internal_impl-22.2.0-a654b2ad04db575f70a0d320814d25f3961fed67.jar C:\Users\admin\AndroidStudioProjects\Competencetool\app\build\intermediates\pre-dexed\debug\classes-09c6ebf52eccd1c6df80c163135064fbc7a62e62.jar C:\Users\admin\AndroidStudioProjects\Competencetool\app\build\intermediates\pre-dexed\debug\classes-b10fdb2b3756ef9e4dfd66ffe964a41af740cb8e.jar
Launcher Type: SUN_STANDARD

Environment Variables:
PATH=C:\Program Files (x86)\Intel\iCLS Client\;C:\Program Files\Intel\iCLS Client\;C:\WINDOWS\system32;C:\WINDOWS;C:\WINDOWS\System32\Wbem;C:\WINDOWS\System32\WindowsPowerShell\v1.0\;C:\Program Files (x86)\Intel\OpenCL SDK\3.0\bin\x86;C:\Program Files (x86)\Intel\OpenCL SDK\3.0\bin\x64;C:\Program Files\Intel\Intel(R) Management Engine Components\DAL;C:\Program Files\Intel\Intel(R) Management Engine Components\IPT;C:\Program Files (x86)\Intel\Intel(R) Management Engine Components\DAL;C:\Program Files (x86)\Intel\Intel(R) Management Engine Components\IPT;C:\Program Files\Sony\VAIO Improvement;C:\Program Files (x86)\Sony\VAIO BIOS Data Transfer Utility\;C:\Program Files (x86)\Sony\VAIO Startup Setting Tool;C:\Program Files (x86)\Windows Live\Shared;C:\Program Files (x86)\QuickTime\QTSystem\;C:\Program Files\Intel\WiFi\bin\;C:\Program Files\Common Files\Intel\WirelessCommon\;C:\Program Files (x86)\Calibre2\;C:\Program Files\nodejs\;C:\Program Files\Intel\WiFi\bin\;C:\Program Files\Common Files\Intel\WirelessCommon\;C:\Users\admin\AppData\Roaming\npm
USERNAME=admin
OS=Windows_NT
PROCESSOR_IDENTIFIER=Intel64 Family 6 Model 69 Stepping 1, GenuineIntel



---------------  S Y S T E M  ---------------

OS: Windows 8.1 , 64 bit Build 9600 

CPU:total 4 (2 cores per cpu, 2 threads per core) family 6 model 69 stepping 1, cmov, cx8, fxsr, mmx, sse, sse2, sse3, ssse3, sse4.1, sse4.2, popcnt, avx, avx2, aes, erms, ht, tsc, tscinvbit

Memory: 4k page, physical 4098948k(228048k free), swap 7682312k(5300k free)

vm_info: Java HotSpot(TM) 64-Bit Server VM (24.79-b02) for windows-amd64 JRE (1.7.0_79-b15), built on Apr 10 2015 12:36:16 by "java_re" with unknown MS VC++:1600

time: Tue Jun 30 16:10:08 2015
elapsed time: 1 seconds

