#
# There is insufficient memory for the Java Runtime Environment to continue.
# Native memory allocation (malloc) failed to allocate 1048576 bytes for AllocateHeap
# Possible reasons:
#   The system is out of physical RAM or swap space
#   In 32 bit mode, the process size limit was hit
# Possible solutions:
#   Reduce memory load on the system
#   Increase physical memory or swap space
#   Check if swap backing store is full
#   Use 64 bit Java on a 64 bit OS
#   Decrease Java heap size (-Xmx/-Xms)
#   Decrease number of Java threads
#   Decrease Java thread stack sizes (-Xss)
#   Set larger code cache with -XX:ReservedCodeCacheSize=
# This output file may be truncated or incomplete.
#
#  Out of Memory Error (memory/allocation.inline.hpp:61), pid=9016, tid=2444
#
# JRE version:  (7.0_79-b15) (build )
# Java VM: Java HotSpot(TM) 64-Bit Server VM (24.79-b02 mixed mode windows-amd64 compressed oops)
# Failed to write core dump. Minidumps are not enabled by default on client versions of Windows
#

---------------  T H R E A D  ---------------

Current thread (0x0000000001d70800):  JavaThread "Unknown thread" [_thread_in_vm, id=2444, stack(0x0000000001c00000,0x0000000001d00000)]

Stack: [0x0000000001c00000,0x0000000001d00000]
[error occurred during error reporting (printing stack bounds), id 0xc0000005]


---------------  P R O C E S S  ---------------

Java Threads: ( => current thread )

Other Threads:

=>0x0000000001d70800 (exited) JavaThread "Unknown thread" [_thread_in_vm, id=2444, stack(0x0000000001c00000,0x0000000001d00000)]

VM state:not at safepoint (normal execution)

VM Mutex/Monitor currently owned by a thread: None

Heap
 PSYoungGen      total 18944K, used 327K [0x00000000eaa80000, 0x00000000ebf80000, 0x0000000100000000)
  eden space 16384K, 2% used [0x00000000eaa80000,0x00000000eaad1f10,0x00000000eba80000)
  from space 2560K, 0% used [0x00000000ebd00000,0x00000000ebd00000,0x00000000ebf80000)
  to   space 2560K, 0% used [0x00000000eba80000,0x00000000eba80000,0x00000000ebd00000)
 ParOldGen       total 42496K, used 0K [0x00000000c0000000, 0x00000000c2980000, 0x00000000eaa80000)
  object space 42496K, 0% used [0x00000000c0000000,0x00000000c0000000,0x00000000c2980000)
 PSPermGen       total 21504K, used 697K [0x00000000bae00000, 0x00000000bc300000, 0x00000000c0000000)
  object space 21504K, 3% used [0x00000000bae00000,0x00000000baeae588,0x00000000bc300000)

Card table byte_map: [0x0000000004e70000,0x00000000050a0000] byte_map_base: 0x0000000004899000

Polling page: 0x0000000000360000

Code Cache  [0x0000000001e70000, 0x00000000020e0000, 0x0000000004e70000)
 total_blobs=38 nmethods=0 adapters=20 free_code_cache=48889Kb largest_free_block=50062528

Compilation events (0 events):
No events

GC Heap History (0 events):
No events

Deoptimization events (0 events):
No events

Internal exceptions (0 events):
No events

Events (10 events):
Event: 0.066 loading class 0x0000000001db6a80
Event: 0.066 loading class 0x0000000001db6a80 done
Event: 0.066 loading class 0x0000000001db6ad0
Event: 0.067 loading class 0x0000000001db6ad0 done
Event: 0.067 loading class 0x0000000001db6b20
Event: 0.067 loading class 0x0000000001db6b20 done
Event: 0.068 loading class 0x0000000001db78a0
Event: 0.068 loading class 0x0000000001db78a0 done
Event: 0.068 loading class 0x0000000001db74c0
Event: 0.068 loading class 0x0000000001db74c0 done


Dynamic libraries:
0x00007ff6f77a0000 - 0x00007ff6f77d3000 	C:\Program Files\Java\jdk1.7.0_79\bin\java.exe
0x00007ff85a070000 - 0x00007ff85a21c000 	C:\WINDOWS\SYSTEM32\ntdll.dll
0x00007ff8587c0000 - 0x00007ff8588fe000 	C:\WINDOWS\system32\KERNEL32.DLL
0x00007ff857290000 - 0x00007ff8573a5000 	C:\WINDOWS\system32\KERNELBASE.dll
0x00007ff855910000 - 0x00007ff85599e000 	C:\WINDOWS\system32\apphelp.dll
0x00007ff841890000 - 0x00007ff8418e3000 	C:\WINDOWS\AppPatch\AppPatch64\AcGenral.DLL
0x00007ff8578e0000 - 0x00007ff85798a000 	C:\WINDOWS\system32\msvcrt.dll
0x00007ff856ff0000 - 0x00007ff85701e000 	C:\WINDOWS\SYSTEM32\SspiCli.dll
0x00007ff857fd0000 - 0x00007ff858024000 	C:\WINDOWS\system32\SHLWAPI.dll
0x00007ff858250000 - 0x00007ff8583c7000 	C:\WINDOWS\system32\USER32.dll
0x00007ff857a60000 - 0x00007ff857bf4000 	C:\WINDOWS\system32\ole32.dll
0x00007ff858b50000 - 0x00007ff85a068000 	C:\WINDOWS\system32\SHELL32.dll
0x00007ff856730000 - 0x00007ff856751000 	C:\WINDOWS\SYSTEM32\USERENV.dll
0x00007ff858710000 - 0x00007ff8587ba000 	C:\WINDOWS\system32\ADVAPI32.dll
0x00007ff848c10000 - 0x00007ff848c2e000 	C:\WINDOWS\SYSTEM32\MPR.dll
0x00007ff857e10000 - 0x00007ff857f51000 	C:\WINDOWS\system32\RPCRT4.dll
0x00007ff857880000 - 0x00007ff8578d9000 	C:\WINDOWS\SYSTEM32\sechost.dll
0x00007ff858030000 - 0x00007ff858241000 	C:\WINDOWS\SYSTEM32\combase.dll
0x00007ff857710000 - 0x00007ff857861000 	C:\WINDOWS\system32\GDI32.dll
0x00007ff8571c0000 - 0x00007ff8571d5000 	C:\WINDOWS\SYSTEM32\profapi.dll
0x00007ff855f40000 - 0x00007ff855ff2000 	C:\WINDOWS\SYSTEM32\SHCORE.dll
0x00007ff8586d0000 - 0x00007ff858706000 	C:\WINDOWS\system32\IMM32.DLL
0x00007ff8583d0000 - 0x00007ff858521000 	C:\WINDOWS\system32\MSCTF.dll
0x00007ff8561e0000 - 0x00007ff85645a000 	C:\WINDOWS\WinSxS\amd64_microsoft.windows.common-controls_6595b64144ccf1df_6.0.9600.17810_none_6240b9c7ecbd0bda\COMCTL32.dll
0x00000000719a0000 - 0x0000000071a72000 	C:\Program Files\Java\jdk1.7.0_79\jre\bin\msvcr100.dll
0x0000000070a20000 - 0x00000000711f5000 	C:\Program Files\Java\jdk1.7.0_79\jre\bin\server\jvm.dll
0x00007ff84d7b0000 - 0x00007ff84d7b9000 	C:\WINDOWS\SYSTEM32\WSOCK32.dll
0x00007ff850350000 - 0x00007ff850372000 	C:\WINDOWS\SYSTEM32\WINMM.dll
0x00007ff858b40000 - 0x00007ff858b47000 	C:\WINDOWS\system32\PSAPI.DLL
0x00007ff858ae0000 - 0x00007ff858b3a000 	C:\WINDOWS\system32\WS2_32.dll
0x00007ff850320000 - 0x00007ff85034a000 	C:\WINDOWS\SYSTEM32\WINMMBASE.dll
0x00007ff858530000 - 0x00007ff858539000 	C:\WINDOWS\system32\NSI.dll
0x00007ff857590000 - 0x00007ff8575df000 	C:\WINDOWS\SYSTEM32\cfgmgr32.dll
0x00007ff855b60000 - 0x00007ff855b88000 	C:\WINDOWS\SYSTEM32\DEVOBJ.dll
0x0000000072200000 - 0x000000007220f000 	C:\Program Files\Java\jdk1.7.0_79\jre\bin\verify.dll
0x00000000721d0000 - 0x00000000721f8000 	C:\Program Files\Java\jdk1.7.0_79\jre\bin\java.dll
0x00000000721b0000 - 0x00000000721c5000 	C:\Program Files\Java\jdk1.7.0_79\jre\bin\zip.dll

VM Arguments:
jvm_args: -Xmx1024M -Dfile.encoding=windows-1252 -Duser.country=DE -Duser.language=de -Duser.variant 
java_command: com.android.dx.command.Main --dex --output C:\Users\admin\AndroidStudioProjects\Competencetool\app\build\intermediates\pre-dexed\debug\android-async-http-1.4.4-cfb635f41e3fa9619ff537f6e20d7c48e0455e23.jar C:\Users\admin\.gradle\caches\modules-2\files-2.1\com.loopj.android\android-async-http\1.4.4\3bae85a076241828810bf8fbcc12e5891d5fc34c\android-async-http-1.4.4.jar
Launcher Type: SUN_STANDARD

Environment Variables:
PATH=C:\Program Files (x86)\Intel\iCLS Client\;C:\Program Files\Intel\iCLS Client\;C:\WINDOWS\system32;C:\WINDOWS;C:\WINDOWS\System32\Wbem;C:\WINDOWS\System32\WindowsPowerShell\v1.0\;C:\Program Files (x86)\Intel\OpenCL SDK\3.0\bin\x86;C:\Program Files (x86)\Intel\OpenCL SDK\3.0\bin\x64;C:\Program Files\Intel\Intel(R) Management Engine Components\DAL;C:\Program Files\Intel\Intel(R) Management Engine Components\IPT;C:\Program Files (x86)\Intel\Intel(R) Management Engine Components\DAL;C:\Program Files (x86)\Intel\Intel(R) Management Engine Components\IPT;C:\Program Files\Sony\VAIO Improvement;C:\Program Files (x86)\Sony\VAIO BIOS Data Transfer Utility\;C:\Program Files (x86)\Sony\VAIO Startup Setting Tool;C:\Program Files (x86)\Windows Live\Shared;C:\Program Files (x86)\QuickTime\QTSystem\;C:\Program Files\Intel\WiFi\bin\;C:\Program Files\Common Files\Intel\WirelessCommon\;C:\Program Files (x86)\Calibre2\;C:\Program Files\nodejs\;C:\Program Files\Intel\WiFi\bin\;C:\Program Files\Common Files\Intel\WirelessCommon\;C:\Users\admin\AppData\Roaming\npm
USERNAME=admin
OS=Windows_NT
PROCESSOR_IDENTIFIER=Intel64 Family 6 Model 69 Stepping 1, GenuineIntel



---------------  S Y S T E M  ---------------

OS: Windows 8.1 , 64 bit Build 9600 

CPU:total 4 (2 cores per cpu, 2 threads per core) family 6 model 69 stepping 1, cmov, cx8, fxsr, mmx, sse, sse2, sse3, ssse3, sse4.1, sse4.2, popcnt, avx, avx2, aes, erms, ht, tsc, tscinvbit

Memory: 4k page, physical 4098948k(357672k free), swap 7682312k(5556k free)

vm_info: Java HotSpot(TM) 64-Bit Server VM (24.79-b02) for windows-amd64 JRE (1.7.0_79-b15), built on Apr 10 2015 12:36:16 by "java_re" with unknown MS VC++:1600

time: Tue Jun 30 16:16:02 2015
elapsed time: 0 seconds

