#
# There is insufficient memory for the Java Runtime Environment to continue.
# Native memory allocation (malloc) failed to allocate 54224 bytes for Chunk::new
# Possible reasons:
#   The system is out of physical RAM or swap space
#   In 32 bit mode, the process size limit was hit
# Possible solutions:
#   Reduce memory load on the system
#   Increase physical memory or swap space
#   Check if swap backing store is full
#   Use 64 bit Java on a 64 bit OS
#   Decrease Java heap size (-Xmx/-Xms)
#   Decrease number of Java threads
#   Decrease Java thread stack sizes (-Xss)
#   Set larger code cache with -XX:ReservedCodeCacheSize=
# This output file may be truncated or incomplete.
#
#  Out of Memory Error (allocation.cpp:323), pid=1456, tid=7972
#
# JRE version: Java(TM) SE Runtime Environment (7.0_79-b15) (build 1.7.0_79-b15)
# Java VM: Java HotSpot(TM) 64-Bit Server VM (24.79-b02 mixed mode windows-amd64 compressed oops)
# Failed to write core dump. Minidumps are not enabled by default on client versions of Windows
#

---------------  T H R E A D  ---------------

Current thread (0x0000000008402000):  JavaThread "C2 CompilerThread1" daemon [_thread_in_native, id=7972, stack(0x0000000009a70000,0x0000000009b70000)]

Stack: [0x0000000009a70000,0x0000000009b70000]
[error occurred during error reporting (printing stack bounds), id 0xc0000005]


[error occurred during error reporting (printing native stack), id 0xc0000005]


Current CompileTask:
C2:   1547   12             sun.net.www.ParseUtil::encodePath (336 bytes)


---------------  P R O C E S S  ---------------

Java Threads: ( => current thread )
  0x0000000008408800 JavaThread "Service Thread" daemon [_thread_blocked, id=6880, stack(0x0000000009b70000,0x0000000009c70000)]
=>0x0000000008402000 JavaThread "C2 CompilerThread1" daemon [_thread_in_native, id=7972, stack(0x0000000009a70000,0x0000000009b70000)]
  0x0000000008400000 JavaThread "C2 CompilerThread0" daemon [_thread_blocked, id=9780, stack(0x0000000009970000,0x0000000009a70000)]
  0x00000000083fb800 JavaThread "Attach Listener" daemon [_thread_blocked, id=6904, stack(0x0000000009870000,0x0000000009970000)]
  0x00000000083f8800 JavaThread "Signal Dispatcher" daemon [_thread_blocked, id=7492, stack(0x0000000009770000,0x0000000009870000)]
  0x00000000083be800 JavaThread "Finalizer" daemon [_thread_blocked, id=7848, stack(0x0000000009670000,0x0000000009770000)]
  0x00000000083b5800 JavaThread "Reference Handler" daemon [_thread_blocked, id=9248, stack(0x0000000009570000,0x0000000009670000)]
  0x0000000002520800 JavaThread "main" [_thread_in_vm, id=3228, stack(0x00000000023b0000,0x00000000024b0000)]

Other Threads:
  0x00000000083b0800 VMThread [stack: 0x0000000009470000,0x0000000009570000] [id=4424]
  0x0000000008413000 WatcherThread [stack: 0x0000000009c70000,0x0000000009d70000] [id=6600]

VM state:not at safepoint (normal execution)

VM Mutex/Monitor currently owned by a thread: None

Heap
 PSYoungGen      total 18944K, used 5299K [0x00000000eaa80000, 0x00000000ebf80000, 0x0000000100000000)
  eden space 16384K, 32% used [0x00000000eaa80000,0x00000000eaface98,0x00000000eba80000)
  from space 2560K, 0% used [0x00000000ebd00000,0x00000000ebd00000,0x00000000ebf80000)
  to   space 2560K, 0% used [0x00000000eba80000,0x00000000eba80000,0x00000000ebd00000)
 ParOldGen       total 42496K, used 0K [0x00000000c0000000, 0x00000000c2980000, 0x00000000eaa80000)
  object space 42496K, 0% used [0x00000000c0000000,0x00000000c0000000,0x00000000c2980000)
 PSPermGen       total 21504K, used 4550K [0x00000000bae00000, 0x00000000bc300000, 0x00000000c0000000)
  object space 21504K, 21% used [0x00000000bae00000,0x00000000bb2719c0,0x00000000bc300000)

Card table byte_map: [0x0000000005620000,0x0000000005850000] byte_map_base: 0x0000000005049000

Polling page: 0x0000000000b70000

Code Cache  [0x0000000002620000, 0x0000000002890000, 0x0000000005620000)
 total_blobs=239 nmethods=11 adapters=181 free_code_cache=48725Kb largest_free_block=49880192

Compilation events (10 events):
Event: 1.157 Thread 0x0000000008400000 nmethod 7 0x0000000002684250 code [0x00000000026843a0, 0x0000000002684888]
Event: 1.254 Thread 0x0000000008402000    8             java.lang.String::equals (81 bytes)
Event: 1.266 Thread 0x0000000008402000 nmethod 8 0x0000000002688a50 code [0x0000000002688ba0, 0x0000000002688df8]
Event: 1.308 Thread 0x0000000008400000    9             java.lang.Object::<init> (1 bytes)
Event: 1.309 Thread 0x0000000008400000 nmethod 9 0x000000000268ae90 code [0x000000000268afc0, 0x000000000268b038]
Event: 1.350 Thread 0x0000000008402000   10             java.lang.String::charAt (29 bytes)
Event: 1.352 Thread 0x0000000008402000 nmethod 10 0x000000000268c850 code [0x000000000268c980, 0x000000000268ca18]
Event: 1.378 Thread 0x0000000008400000   11             java.lang.String::startsWith (72 bytes)
Event: 1.388 Thread 0x0000000008400000 nmethod 11 0x000000000268c450 code [0x000000000268c5a0, 0x000000000268c738]
Event: 1.511 Thread 0x0000000008402000   12             sun.net.www.ParseUtil::encodePath (336 bytes)

GC Heap History (0 events):
No events

Deoptimization events (0 events):
No events

Internal exceptions (10 events):
Event: 1.507 Thread 0x0000000002520800 Threw 0x00000000eaf487a8 at C:\re\jdk7u79\2331\hotspot\src\share\vm\prims\jvm.cpp:1304
Event: 1.511 Thread 0x0000000002520800 Threw 0x00000000eaf4d8a0 at C:\re\jdk7u79\2331\hotspot\src\share\vm\prims\jvm.cpp:1304
Event: 1.514 Thread 0x0000000002520800 Threw 0x00000000eaf527e0 at C:\re\jdk7u79\2331\hotspot\src\share\vm\prims\jvm.cpp:1304
Event: 1.518 Thread 0x0000000002520800 Threw 0x00000000eaf58320 at C:\re\jdk7u79\2331\hotspot\src\share\vm\prims\jvm.cpp:1304
Event: 1.521 Thread 0x0000000002520800 Threw 0x00000000eaf5d890 at C:\re\jdk7u79\2331\hotspot\src\share\vm\prims\jvm.cpp:1304
Event: 1.522 Thread 0x0000000002520800 Threw 0x00000000eaf5f768 at C:\re\jdk7u79\2331\hotspot\src\share\vm\prims\jvm.cpp:1304
Event: 1.533 Thread 0x0000000002520800 Threw 0x00000000eaf64b50 at C:\re\jdk7u79\2331\hotspot\src\share\vm\prims\jvm.cpp:1304
Event: 1.535 Thread 0x0000000002520800 Threw 0x00000000eaf668e0 at C:\re\jdk7u79\2331\hotspot\src\share\vm\prims\jvm.cpp:1304
Event: 1.537 Thread 0x0000000002520800 Threw 0x00000000eaf689c0 at C:\re\jdk7u79\2331\hotspot\src\share\vm\prims\jvm.cpp:1304
Event: 1.540 Thread 0x0000000002520800 Threw 0x00000000eaf6ba20 at C:\re\jdk7u79\2331\hotspot\src\share\vm\prims\jvm.cpp:1304

Events (10 events):
Event: 1.533 loading class 0x0000000009f651b0
Event: 1.533 loading class 0x0000000009f651b0 done
Event: 1.535 loading class 0x0000000009f65630
Event: 1.535 loading class 0x0000000009f65630 done
Event: 1.536 loading class 0x0000000009f656b0
Event: 1.537 loading class 0x0000000009f656b0 done
Event: 1.540 loading class 0x0000000009f6b270
Event: 1.540 loading class 0x0000000009f6b270 done
Event: 1.541 loading class 0x0000000009f5ac20
Event: 1.541 loading class 0x0000000009f5ac20 done


Dynamic libraries:
0x00007ff7b32f0000 - 0x00007ff7b3323000 	C:\Program Files\Java\jdk1.7.0_79\bin\java.exe
0x00007ff85a070000 - 0x00007ff85a21c000 	C:\WINDOWS\SYSTEM32\ntdll.dll
0x00007ff8587c0000 - 0x00007ff8588fe000 	C:\WINDOWS\system32\KERNEL32.DLL
0x00007ff857290000 - 0x00007ff8573a5000 	C:\WINDOWS\system32\KERNELBASE.dll
0x00007ff855910000 - 0x00007ff85599e000 	C:\WINDOWS\system32\apphelp.dll
0x00007ff846fe0000 - 0x00007ff847033000 	C:\WINDOWS\AppPatch\AppPatch64\AcGenral.DLL
0x00007ff8578e0000 - 0x00007ff85798a000 	C:\WINDOWS\system32\msvcrt.dll
0x00007ff856ff0000 - 0x00007ff85701e000 	C:\WINDOWS\SYSTEM32\SspiCli.dll
0x00007ff857fd0000 - 0x00007ff858024000 	C:\WINDOWS\system32\SHLWAPI.dll
0x00007ff858250000 - 0x00007ff8583c7000 	C:\WINDOWS\system32\USER32.dll
0x00007ff857a60000 - 0x00007ff857bf4000 	C:\WINDOWS\system32\ole32.dll
0x00007ff858b50000 - 0x00007ff85a068000 	C:\WINDOWS\system32\SHELL32.dll
0x00007ff856730000 - 0x00007ff856751000 	C:\WINDOWS\SYSTEM32\USERENV.dll
0x00007ff858710000 - 0x00007ff8587ba000 	C:\WINDOWS\system32\ADVAPI32.dll
0x00007ff848c10000 - 0x00007ff848c2e000 	C:\WINDOWS\SYSTEM32\MPR.dll
0x00007ff857e10000 - 0x00007ff857f51000 	C:\WINDOWS\system32\RPCRT4.dll
0x00007ff857880000 - 0x00007ff8578d9000 	C:\WINDOWS\SYSTEM32\sechost.dll
0x00007ff858030000 - 0x00007ff858241000 	C:\WINDOWS\SYSTEM32\combase.dll
0x00007ff857710000 - 0x00007ff857861000 	C:\WINDOWS\system32\GDI32.dll
0x00007ff8571c0000 - 0x00007ff8571d5000 	C:\WINDOWS\SYSTEM32\profapi.dll
0x00007ff855f40000 - 0x00007ff855ff2000 	C:\WINDOWS\SYSTEM32\SHCORE.dll
0x00007ff8586d0000 - 0x00007ff858706000 	C:\WINDOWS\system32\IMM32.DLL
0x00007ff8583d0000 - 0x00007ff858521000 	C:\WINDOWS\system32\MSCTF.dll
0x00007ff8561e0000 - 0x00007ff85645a000 	C:\WINDOWS\WinSxS\amd64_microsoft.windows.common-controls_6595b64144ccf1df_6.0.9600.17810_none_6240b9c7ecbd0bda\COMCTL32.dll
0x00000000719a0000 - 0x0000000071a72000 	C:\Program Files\Java\jdk1.7.0_79\jre\bin\msvcr100.dll
0x0000000070a20000 - 0x00000000711f5000 	C:\Program Files\Java\jdk1.7.0_79\jre\bin\server\jvm.dll
0x00007ff84d7b0000 - 0x00007ff84d7b9000 	C:\WINDOWS\SYSTEM32\WSOCK32.dll
0x00007ff850350000 - 0x00007ff850372000 	C:\WINDOWS\SYSTEM32\WINMM.dll
0x00007ff858b40000 - 0x00007ff858b47000 	C:\WINDOWS\system32\PSAPI.DLL
0x00007ff858ae0000 - 0x00007ff858b3a000 	C:\WINDOWS\system32\WS2_32.dll
0x00007ff850320000 - 0x00007ff85034a000 	C:\WINDOWS\SYSTEM32\WINMMBASE.dll
0x00007ff858530000 - 0x00007ff858539000 	C:\WINDOWS\system32\NSI.dll
0x00007ff857590000 - 0x00007ff8575df000 	C:\WINDOWS\SYSTEM32\cfgmgr32.dll
0x00007ff855b60000 - 0x00007ff855b88000 	C:\WINDOWS\SYSTEM32\DEVOBJ.dll
0x0000000072200000 - 0x000000007220f000 	C:\Program Files\Java\jdk1.7.0_79\jre\bin\verify.dll
0x00000000721d0000 - 0x00000000721f8000 	C:\Program Files\Java\jdk1.7.0_79\jre\bin\java.dll
0x00000000721b0000 - 0x00000000721c5000 	C:\Program Files\Java\jdk1.7.0_79\jre\bin\zip.dll
0x0000000072190000 - 0x00000000721aa000 	C:\Program Files\Java\jdk1.7.0_79\jre\bin\net.dll
0x00007ff8569a0000 - 0x00007ff8569f9000 	C:\WINDOWS\system32\mswsock.dll
0x0000000072170000 - 0x0000000072181000 	C:\Program Files\Java\jdk1.7.0_79\jre\bin\nio.dll

VM Arguments:
jvm_args: -Xmx1024M -Dfile.encoding=windows-1252 -Duser.country=DE -Duser.language=de -Duser.variant 
java_command: com.android.dx.command.Main --dex --output C:\Users\admin\AndroidStudioProjects\Competencetool\app\build\intermediates\pre-dexed\debug\classes-09c6ebf52eccd1c6df80c163135064fbc7a62e62.jar C:\Users\admin\AndroidStudioProjects\Competencetool\app\build\intermediates\exploded-aar\com.android.support\appcompat-v7\22.2.0\jars\classes.jar
Launcher Type: SUN_STANDARD

Environment Variables:
PATH=C:\Program Files (x86)\Intel\iCLS Client\;C:\Program Files\Intel\iCLS Client\;C:\WINDOWS\system32;C:\WINDOWS;C:\WINDOWS\System32\Wbem;C:\WINDOWS\System32\WindowsPowerShell\v1.0\;C:\Program Files (x86)\Intel\OpenCL SDK\3.0\bin\x86;C:\Program Files (x86)\Intel\OpenCL SDK\3.0\bin\x64;C:\Program Files\Intel\Intel(R) Management Engine Components\DAL;C:\Program Files\Intel\Intel(R) Management Engine Components\IPT;C:\Program Files (x86)\Intel\Intel(R) Management Engine Components\DAL;C:\Program Files (x86)\Intel\Intel(R) Management Engine Components\IPT;C:\Program Files\Sony\VAIO Improvement;C:\Program Files (x86)\Sony\VAIO BIOS Data Transfer Utility\;C:\Program Files (x86)\Sony\VAIO Startup Setting Tool;C:\Program Files (x86)\Windows Live\Shared;C:\Program Files (x86)\QuickTime\QTSystem\;C:\Program Files\Intel\WiFi\bin\;C:\Program Files\Common Files\Intel\WirelessCommon\;C:\Program Files (x86)\Calibre2\;C:\Program Files\nodejs\;C:\Program Files\Intel\WiFi\bin\;C:\Program Files\Common Files\Intel\WirelessCommon\;C:\Users\admin\AppData\Roaming\npm
USERNAME=admin
OS=Windows_NT
PROCESSOR_IDENTIFIER=Intel64 Family 6 Model 69 Stepping 1, GenuineIntel



---------------  S Y S T E M  ---------------

OS: Windows 8.1 , 64 bit Build 9600 

CPU:total 4 (2 cores per cpu, 2 threads per core) family 6 model 69 stepping 1, cmov, cx8, fxsr, mmx, sse, sse2, sse3, ssse3, sse4.1, sse4.2, popcnt, avx, avx2, aes, erms, ht, tsc, tscinvbit

Memory: 4k page, physical 4098948k(156464k free), swap 7682312k(4308k free)

vm_info: Java HotSpot(TM) 64-Bit Server VM (24.79-b02) for windows-amd64 JRE (1.7.0_79-b15), built on Apr 10 2015 12:36:16 by "java_re" with unknown MS VC++:1600

time: Sat Jun 27 00:04:52 2015
elapsed time: 1 seconds

