2012-09-11 07:55:19.510+0000: Creating new db @ C:\Users\Julian\Documents\NetBeansProjects\gitprojects\Kompetenzmanager\Kompetenzmanager\gwt\KompetenzManager\war\database\store\neostore
2012-09-11 07:55:22.962+0000: Opened [C:\Users\Julian\Documents\NetBeansProjects\gitprojects\Kompetenzmanager\Kompetenzmanager\gwt\KompetenzManager\war\database\store\nioneo_logical.log.1] clean empty log, version=0, lastTxId=1
2012-09-11 07:55:23.031+0000: TM new log: tm_tx_log.1
2012-09-11 07:55:23.103+0000: Opened [C:\Users\Julian\Documents\NetBeansProjects\gitprojects\Kompetenzmanager\Kompetenzmanager\gwt\KompetenzManager\war\database\store\index\lucene.log.1] clean empty log, version=0, lastTxId=1
2012-09-11 07:55:23.141+0000: --- STARTUP diagnostics START ---
2012-09-11 07:55:23.142+0000: Neo4j Kernel properties:
    store_dir=C:\Users\Julian\Documents\NetBeansProjects\gitprojects\Kompetenzmanager\Kompetenzmanager\gwt\KompetenzManager\war\database\store
    remote_logging_host=127.0.0.1
    read_only=false
    neo4j.ext.udc.host=udc.neo4j.org
    logical_log=C:\Users\Julian\Documents\NetBeansProjects\gitprojects\Kompetenzmanager\Kompetenzmanager\gwt\KompetenzManager\war\database\store\nioneo_logical.log
    remote_logging_port=4560
    gc_monitor_threshold=200ms
    load_kernel_extensions=true
    array_block_size=120
    intercept_committing_transactions=false
    node_auto_indexing=false
    neostore.relationshipstore.db.mapped_memory=37M
    remote_shell_name=shell
    dump_configuration=false
    gc_monitor_wait_time=100ms
    cache_type=soft
    intercept_deserialized_transactions=false
    neostore.nodestore.db.mapped_memory=8M
    neo4j.ext.udc.first_delay=600000
    remote_shell_enabled=false
    neo4j.ext.udc.reg=unreg
    remote_shell_port=1337
    lucene_searcher_cache_size=2147483647
    neo4j.ext.udc.interval=86400000
    use_memory_mapped_buffers=false
    rebuild_idgenerators_fast=true
    ephemeral=false
    neostore.propertystore.db.index.keys.mapped_memory=1M
    neostore.propertystore.db.arrays.mapped_memory=29M
    neostore.propertystore.db.strings.mapped_memory=25M
    neo_store=C:\Users\Julian\Documents\NetBeansProjects\gitprojects\Kompetenzmanager\Kompetenzmanager\gwt\KompetenzManager\war\database\store\neostore
    neostore.propertystore.db.index.mapped_memory=1M
    backup_slave=false
    neostore.propertystore.db.mapped_memory=30M
    gcr_cache_min_log_interval=60s
    relationship_auto_indexing=false
    relationship_grab_size=100
    string_block_size=120
    remote_shell_read_only=false
    grab_file_lock=true
    node_cache_array_fraction=1.0
    remote_logging_enabled=false
    allow_store_upgrade=false
    execution_guard_enabled=false
    neo4j.ext.udc.enabled=true
    relationship_cache_array_fraction=1.0
2012-09-11 07:55:23.148+0000: Diagnostics providers:
    org.neo4j.kernel.configuration.Config
    org.neo4j.kernel.info.DiagnosticsManager
    SYSTEM_MEMORY
    JAVA_MEMORY
    OPERATING_SYSTEM
    JAVA_VIRTUAL_MACHINE
    CLASSPATH
    LIBRARY_PATH
    SYSTEM_PROPERTIES
2012-09-11 07:55:23.149+0000: System memory information:
    Total Physical memory: 4,00 GB
    Free Physical memory: 1,32 GB
    Committed virtual memory: 230,96 MB
    Total swap space: 4,00 GB
    Free swap space: 4,00 GB
2012-09-11 07:55:23.152+0000: JVM memory information:
    Free  memory: 97,97 MB
    Total memory: 178,04 MB
    Max   memory: 494,94 MB
    Garbage Collector: Copy: [Eden Space, Survivor Space]
    Garbage Collector: MarkSweepCompact: [Eden Space, Survivor Space, Tenured Gen, Perm Gen, Perm Gen [shared-ro], Perm Gen [shared-rw]]
    Memory Pool: Code Cache (Non-heap memory): committed=3,09 MB, used=2,94 MB, max=32,00 MB, threshold=0,00 B
    Memory Pool: Eden Space (Heap memory): committed=49,19 MB, used=6,43 MB, max=136,50 MB, threshold=?
    Memory Pool: Survivor Space (Heap memory): committed=6,13 MB, used=0,00 B, max=17,06 MB, threshold=?
    Memory Pool: Tenured Gen (Heap memory): committed=122,73 MB, used=73,64 MB, max=341,38 MB, threshold=0,00 B
    Memory Pool: Perm Gen (Non-heap memory): committed=17,25 MB, used=17,06 MB, max=64,00 MB, threshold=0,00 B
    Memory Pool: Perm Gen [shared-ro] (Non-heap memory): committed=10,00 MB, used=5,17 MB, max=10,00 MB, threshold=0,00 B
    Memory Pool: Perm Gen [shared-rw] (Non-heap memory): committed=12,00 MB, used=6,59 MB, max=12,00 MB, threshold=0,00 B
2012-09-11 07:55:23.156+0000: Operating system information:
    Operating System: Windows 7; version: 6.1; arch: x86; cpus: 2
    Process id: 2036@Freibier
    Byte order: LITTLE_ENDIAN
2012-09-11 07:55:23.158+0000: JVM information:
    VM Name: Java HotSpot(TM) Client VM
    VM Vendor: Sun Microsystems Inc.
    VM Version: 17.1-b03
    JIT compiler: HotSpot Client Compiler
    VM Arguments: [-Xmx512m, -Dfile.encoding=Cp1252]
2012-09-11 07:55:23.159+0000: Java classpath:
     [bootstrap] C:\Program Files (x86)\Java\jre6\lib\jce.jar
     [classpath + loader.0] file:/C:/Users/Julian/Documents/NetBeansProjects/gitprojects/Kompetenzmanager/Kompetenzmanager/gwt/KompetenzManager/war/WEB-INF/lib/raphaelgwt-1.0.0.jar
     [loader.0] file:/C:/Users/Julian/Documents/NetBeansProjects/gitprojects/Kompetenzmanager/Kompetenzmanager/gwt/KompetenzManager/war/WEB-INF/lib/appengine-api-1.0-sdk-1.5.0.jar
     [classpath + loader.0] file:/C:/Users/Julian/Documents/NetBeansProjects/gitprojects/Kompetenzmanager/Kompetenzmanager/gwt/KompetenzManager/war/WEB-INF/classes/
     [loader.0] file:/C:/Users/Julian/Documents/NetBeansProjects/gitprojects/Kompetenzmanager/Kompetenzmanager/gwt/KompetenzManager/war/WEB-INF/lib/datanucleus-core-1.1.5.jar
     [classpath + loader.0] file:/C:/Users/Julian/Documents/NetBeansProjects/gitprojects/Kompetenzmanager/Kompetenzmanager/gwt/KompetenzManager/war/WEB-INF/lib/scala-library-2.9.0-1.jar
     [classpath + loader.0] file:/C:/Users/Julian/Documents/NetBeansProjects/gitprojects/Kompetenzmanager/Kompetenzmanager/gwt/KompetenzManager/war/WEB-INF/lib/server-api-1.7.2.jar
     [classpath + loader.0] file:/C:/Users/Julian/Documents/NetBeansProjects/gitprojects/Kompetenzmanager/Kompetenzmanager/gwt/KompetenzManager/war/WEB-INF/lib/neo4j-community-1.7.2.jar
     [bootstrap] C:\Program Files (x86)\Java\jre6\lib\sunrsasign.jar
     [loader.0] file:/C:/Users/Julian/Documents/NetBeansProjects/gitprojects/Kompetenzmanager/Kompetenzmanager/gwt/KompetenzManager/war/WEB-INF/lib/appengine-jsr107cache-1.5.0.jar
     [bootstrap] C:\Program Files (x86)\Java\jre6\lib\charsets.jar
     [classpath + loader.0] file:/C:/Users/Julian/Documents/NetBeansProjects/gitprojects/Kompetenzmanager/Kompetenzmanager/gwt/KompetenzManager/war/WEB-INF/lib/neo4j-graph-matching-1.7.2.jar
     [loader.0] file:/C:/Users/Julian/Documents/NetBeansProjects/gitprojects/Kompetenzmanager/Kompetenzmanager/gwt/KompetenzManager/war/WEB-INF/lib/appengine-api-labs-1.5.0.jar
     [bootstrap] C:\Program Files (x86)\Java\jre6\lib\jsse.jar
     [bootstrap] C:\Program Files (x86)\Java\jre6\classes
     [classpath] C:\Users\Julian\Desktop\helios\eclipse\plugins\com.google.gwt.eclipse.sdkbundle_2.4.0.v201208080122-rel-r36\gwt-2.4.0\validation-api-1.0.0.GA-sources.jar
     [classpath] C:\Users\Julian\Documents\NetBeansProjects\gitprojects\Kompetenzmanager\Kompetenzmanager\gwt\KompetenzManager\test-classes
     [bootstrap] C:\Program Files (x86)\Java\jre6\lib\rt.jar
     [classpath + loader.0] file:/C:/Users/Julian/Documents/NetBeansProjects/gitprojects/Kompetenzmanager/Kompetenzmanager/gwt/KompetenzManager/war/WEB-INF/lib/geronimo-jta_1.1_spec-1.1.1.jar
     [classpath + loader.0] file:/C:/Users/Julian/Documents/NetBeansProjects/gitprojects/Kompetenzmanager/Kompetenzmanager/gwt/KompetenzManager/war/WEB-INF/lib/gwt-incubator-20101117-r1766.jar
     [classpath] C:\Users\Julian\Desktop\helios\eclipse\plugins\com.google.gwt.eclipse.sdkbundle_2.4.0.v201208080122-rel-r36\gwt-2.4.0\validation-api-1.0.0.GA.jar
     [classpath] C:\Users\Julian\Desktop\helios\eclipse\plugins\org.junit_4.8.1.v4_8_1_v20100427-1100\junit.jar
     [classpath + loader.0] file:/C:/Users/Julian/Documents/NetBeansProjects/gitprojects/Kompetenzmanager/Kompetenzmanager/gwt/KompetenzManager/war/WEB-INF/lib/neo4j-cypher-1.7.2.jar
     [classpath] C:\Users\Julian\Documents\NetBeansProjects\gitprojects\Kompetenzmanager\Kompetenzmanager\gwt\KompetenzManager\lib\neo4j-community-1.7.2\lib\geronimo-jta_1.1_spec-1.1.1.jar
     [loader.0] file:/C:/Users/Julian/Documents/NetBeansProjects/gitprojects/Kompetenzmanager/Kompetenzmanager/gwt/KompetenzManager/war/WEB-INF/lib/datanucleus-jpa-1.1.5.jar
     [loader.0] file:/C:/Users/Julian/Documents/NetBeansProjects/gitprojects/Kompetenzmanager/Kompetenzmanager/gwt/KompetenzManager/war/WEB-INF/lib/jdo2-api-2.3-eb.jar
     [classpath + loader.0] file:/C:/Users/Julian/Documents/NetBeansProjects/gitprojects/Kompetenzmanager/Kompetenzmanager/gwt/KompetenzManager/war/WEB-INF/lib/neo4j-lucene-index-1.7.2.jar
     [loader.0] file:/C:/Users/Julian/Documents/NetBeansProjects/gitprojects/Kompetenzmanager/Kompetenzmanager/gwt/KompetenzManager/war/WEB-INF/lib/datanucleus-appengine-1.0.8.final.jar
     [classpath + loader.0] file:/C:/Users/Julian/Documents/NetBeansProjects/gitprojects/Kompetenzmanager/Kompetenzmanager/gwt/KompetenzManager/war/WEB-INF/lib/neo4j-shell-1.7.2.jar
     [bootstrap] C:\Program Files (x86)\Java\jre6\lib\resources.jar
     [loader.0] file:/C:/Users/Julian/Documents/NetBeansProjects/gitprojects/Kompetenzmanager/Kompetenzmanager/gwt/KompetenzManager/war/WEB-INF/lib/gwt-servlet.jar
     [loader.0] file:/C:/Users/Julian/Documents/NetBeansProjects/gitprojects/Kompetenzmanager/Kompetenzmanager/gwt/KompetenzManager/war/WEB-INF/lib/jsr107cache-1.1.jar
     [classpath] C:\Users\Julian\Documents\NetBeansProjects\gitprojects\Kompetenzmanager\Kompetenzmanager\gwt\KompetenzManager\src
     [classpath + loader.0] file:/C:/Users/Julian/Documents/NetBeansProjects/gitprojects/Kompetenzmanager/Kompetenzmanager/gwt/KompetenzManager/war/WEB-INF/lib/neo4j-kernel-1.7.2.jar
     [classpath + loader.0] file:/C:/Users/Julian/Documents/NetBeansProjects/gitprojects/Kompetenzmanager/Kompetenzmanager/gwt/KompetenzManager/war/WEB-INF/lib/neo4j-graph-algo-1.7.2.jar
     [loader.0] file:/C:/Users/Julian/Documents/NetBeansProjects/gitprojects/Kompetenzmanager/Kompetenzmanager/gwt/KompetenzManager/war/WEB-INF/lib/geronimo-jpa_3.0_spec-1.1.1.jar
     [classpath] C:\Users\Julian\Desktop\helios\eclipse\plugins\com.google.gwt.eclipse.sdkbundle_2.4.0.v201208080122-rel-r36\gwt-2.4.0\gwt-dev.jar
     [classpath + loader.0] file:/C:/Users/Julian/Documents/NetBeansProjects/gitprojects/Kompetenzmanager/Kompetenzmanager/gwt/KompetenzManager/war/WEB-INF/lib/rapahel4gwt-0.34.jar
     [classpath] C:\Users\Julian\Desktop\helios\eclipse\plugins\org.hamcrest.core_1.1.0.v20090501071000.jar
     [classpath + loader.0] file:/C:/Users/Julian/Documents/NetBeansProjects/gitprojects/Kompetenzmanager/Kompetenzmanager/gwt/KompetenzManager/war/WEB-INF/lib/lucene-core-3.5.0.jar
     [classpath] C:\Users\Julian\Desktop\helios\eclipse\plugins\com.google.gwt.eclipse.sdkbundle_2.4.0.v201208080122-rel-r36\gwt-2.4.0\gwt-user.jar
     [classpath + loader.0] file:/C:/Users/Julian/Documents/NetBeansProjects/gitprojects/Kompetenzmanager/Kompetenzmanager/gwt/KompetenzManager/war/WEB-INF/lib/neo4j-udc-1.7.2.jar
     [classpath + loader.0] file:/C:/Users/Julian/Documents/NetBeansProjects/gitprojects/Kompetenzmanager/Kompetenzmanager/gwt/KompetenzManager/war/WEB-INF/lib/neo4j-jmx-1.7.2.jar
2012-09-11 07:55:23.167+0000: Library path:
    C:\Program Files (x86)\Java\jre6\bin
    C:\Users\Julian\Documents\NetBeansProjects\gitprojects\Kompetenzmanager\Kompetenzmanager\gwt\KompetenzManager\war
    C:\Windows\Sun\Java\bin
    C:\Windows\System32
    C:\Windows
    C:\Program Files (x86)\Java\jre6\bin\client
    C:\Program Files (x86)\Java\jre6\bin
    C:\Program Files (x86)\Java\jre6\lib\i386
    C:\Program Files\NVIDIA GPU Computing Toolkit\CUDA\v4.2\bin
    C:\Program Files\NVIDIA GPU Computing Toolkit\CUDA\v4.2\libnvvp
    C:\Program Files (x86)\NVIDIA Corporation\PhysX\Common
    C:\Windows\System32
    C:\Windows
    C:\Windows\System32\wbem
    C:\Windows\System32\WindowsPowerShell\v1.0
    C:\Program Files\TortoiseSVN\bin
    C:\xampp\php
    C:\Program Files (x86)\NetBeans 7.1.2\java\maven\bin
    C:\Program Files (x86)\Git\cmd
    C:\Program Files (x86)\Java\jdk1.7.0_05\bin
    C:\Users\Julian\Desktop\helios\eclipse
2012-09-11 07:55:23.172+0000: System.properties:
    sun.boot.library.path = C:\Program Files (x86)\Java\jre6\bin
    path.separator = ;
    file.encoding.pkg = sun.io
    sun.java.launcher = SUN_STANDARD
    user.country = DE
    sun.os.patch.level = Service Pack 1
    user.dir = C:\Users\Julian\Documents\NetBeansProjects\gitprojects\Kompetenzmanager\Kompetenzmanager\gwt\KompetenzManager\war
    org.mortbay.log.class = com.google.gwt.dev.shell.jetty.JettyNullLogger
    user.variant = 
    sun.jnu.encoding = Cp1252
    sun.management.compiler = HotSpot Client Compiler
    user.home = C:\Users\Julian
    user.timezone = Europe/Berlin
    file.encoding = Cp1252
    org.mortbay.xml.XmlParser.Validating = false
    build.compiler = org.eclipse.jdt.core.JDTCompilerAdapter
    user.name = Julian
    sun.arch.data.model = 32
    user.language = de
    awt.toolkit = sun.awt.windows.WToolkit
    file.separator = \
    sun.io.unicode.encoding = UnicodeLittle
    sun.cpu.endian = little
    sun.desktop = windows
    sun.cpu.isalist = pentium_pro+mmx pentium_pro pentium+mmx pentium i486 i386 i86
2012-09-11 07:55:23.172+0000: --- STARTUP diagnostics END ---
2012-09-11 07:55:23.228+0000: Extension org.neo4j.kernel.KernelExtension[kernel jmx] loaded ok
2012-09-11 07:55:23.229+0000: Extension org.neo4j.kernel.KernelExtension[shell] loaded ok
2012-09-11 07:55:23.249+0000: Extension org.neo4j.kernel.KernelExtension[kernel udc] loaded ok
2012-09-11 07:55:23.254+0000: --- STARTUP diagnostics for KernelDiagnostics:Versions START ---
2012-09-11 07:55:23.254+0000: Graph Database: org.neo4j.kernel.EmbeddedGraphDatabase StoreId[time:1347350119511, id:-7990660277859158307, store version: 13561656364791302]
2012-09-11 07:55:23.254+0000: Kernel version: Neo4j - Graph Database Kernel 1.7.2
2012-09-11 07:55:23.254+0000: Neo4j component versions:
2012-09-11 07:55:23.255+0000:   Neo4j - Graph Database Kernel 1.7.2
2012-09-11 07:55:23.255+0000: --- STARTUP diagnostics for KernelDiagnostics:Versions END ---
2012-09-11 07:55:23.258+0000: --- STARTUP diagnostics for NEO_STORE_VERSIONS START ---
2012-09-11 07:55:23.258+0000: Store versions:
    Store versions:
      NeoStore v0.A.0
      NodeStore v0.A.0
      RelationshipStore v0.A.0
      RelationshipTypeStore v0.A.0
      PropertyStore v0.A.0
      PropertyIndexStore v0.A.0
      StringPropertyStore v0.A.0
      ArrayPropertyStore v0.A.0
2012-09-11 07:55:23.259+0000: --- STARTUP diagnostics for NEO_STORE_VERSIONS END ---
2012-09-11 07:55:23.259+0000: --- STARTUP diagnostics for NEO_STORE_ID_USAGE START ---
2012-09-11 07:55:23.259+0000: Id usage:
    Id usage:
      NodeStore: used=1 high=0
      RelationshipStore: used=0 high=-1
      RelationshipTypeStore: used=0 high=-1
      PropertyStore: used=0 high=-1
      PropertyIndexStore: used=0 high=-1
      StringPropertyStore: used=1 high=0
      ArrayPropertyStore: used=1 high=0
2012-09-11 07:55:23.259+0000: --- STARTUP diagnostics for NEO_STORE_ID_USAGE END ---
2012-09-11 07:55:23.260+0000: --- STARTUP diagnostics for KernelDiagnostics:StoreFiles START ---
2012-09-11 07:55:23.260+0000: Storage files:
    active_tx_log: 11,00 B
    index:
      lucene-store.db: 40,00 B
      lucene.log.1: 16,00 B
      lucene.log.active: 4,00 B
    - Total: 60,00 B
    lock: 0,00 B
    messages.log: 15,20 kB
    neostore: 54,00 B
    neostore.id: 9,00 B
    neostore.nodestore.db: 9,00 B
    neostore.nodestore.db.id: 9,00 B
    neostore.propertystore.db: 0,00 B
    neostore.propertystore.db.arrays: 128,00 B
    neostore.propertystore.db.arrays.id: 9,00 B
    neostore.propertystore.db.id: 9,00 B
    neostore.propertystore.db.index: 0,00 B
    neostore.propertystore.db.index.id: 9,00 B
    neostore.propertystore.db.index.keys: 38,00 B
    neostore.propertystore.db.index.keys.id: 9,00 B
    neostore.propertystore.db.strings: 128,00 B
    neostore.propertystore.db.strings.id: 9,00 B
    neostore.relationshipstore.db: 0,00 B
    neostore.relationshipstore.db.id: 9,00 B
    neostore.relationshiptypestore.db: 0,00 B
    neostore.relationshiptypestore.db.id: 9,00 B
    neostore.relationshiptypestore.db.names: 38,00 B
    neostore.relationshiptypestore.db.names.id: 9,00 B
    nioneo_logical.log.1: 16,00 B
    nioneo_logical.log.active: 4,00 B
    tm_tx_log.1: 0,00 B
2012-09-11 07:55:23.266+0000: --- STARTUP diagnostics for KernelDiagnostics:StoreFiles END ---
2012-09-11 07:55:23.268+0000: Started - database is now available
2012-09-11 07:55:23.271+0000: GC Monitor started. 
2012-09-11 07:55:24.709+0000: GC Monitor: Application threads blocked for an additional 338ms [total block time: 0.338s]
2012-09-11 08:06:24.560+0000: GC Monitor: Application threads blocked for an additional 148ms [total block time: 0.486s]
2012-09-11 08:07:11.113+0000: GC Monitor: Application threads blocked for an additional 114ms [total block time: 0.6s]
2012-09-11 08:07:12.369+0000: GC Monitor: Application threads blocked for an additional 134ms [total block time: 0.734s]
2012-09-11 08:07:46.332+0000: C:\Users\Julian\Documents\NetBeansProjects\gitprojects\Kompetenzmanager\Kompetenzmanager\gwt\KompetenzManager\war\database\store\neostore.relationshiptypestore.db.names non clean shutdown detected
2012-09-11 08:07:46.345+0000: C:\Users\Julian\Documents\NetBeansProjects\gitprojects\Kompetenzmanager\Kompetenzmanager\gwt\KompetenzManager\war\database\store\neostore.relationshiptypestore.db non clean shutdown detected
2012-09-11 08:07:46.347+0000: C:\Users\Julian\Documents\NetBeansProjects\gitprojects\Kompetenzmanager\Kompetenzmanager\gwt\KompetenzManager\war\database\store\neostore.propertystore.db.strings non clean shutdown detected
2012-09-11 08:07:46.351+0000: C:\Users\Julian\Documents\NetBeansProjects\gitprojects\Kompetenzmanager\Kompetenzmanager\gwt\KompetenzManager\war\database\store\neostore.propertystore.db.index.keys non clean shutdown detected
2012-09-11 08:07:46.353+0000: C:\Users\Julian\Documents\NetBeansProjects\gitprojects\Kompetenzmanager\Kompetenzmanager\gwt\KompetenzManager\war\database\store\neostore.propertystore.db.index non clean shutdown detected
2012-09-11 08:07:46.356+0000: C:\Users\Julian\Documents\NetBeansProjects\gitprojects\Kompetenzmanager\Kompetenzmanager\gwt\KompetenzManager\war\database\store\neostore.propertystore.db.arrays non clean shutdown detected
2012-09-11 08:07:46.369+0000: C:\Users\Julian\Documents\NetBeansProjects\gitprojects\Kompetenzmanager\Kompetenzmanager\gwt\KompetenzManager\war\database\store\neostore.propertystore.db non clean shutdown detected
2012-09-11 08:07:46.373+0000: C:\Users\Julian\Documents\NetBeansProjects\gitprojects\Kompetenzmanager\Kompetenzmanager\gwt\KompetenzManager\war\database\store\neostore.relationshipstore.db non clean shutdown detected
2012-09-11 08:07:46.376+0000: C:\Users\Julian\Documents\NetBeansProjects\gitprojects\Kompetenzmanager\Kompetenzmanager\gwt\KompetenzManager\war\database\store\neostore.nodestore.db non clean shutdown detected
2012-09-11 08:07:46.380+0000: C:\Users\Julian\Documents\NetBeansProjects\gitprojects\Kompetenzmanager\Kompetenzmanager\gwt\KompetenzManager\war\database\store\neostore non clean shutdown detected
2012-09-11 08:07:46.405+0000: Non clean shutdown detected on log [C:\Users\Julian\Documents\NetBeansProjects\gitprojects\Kompetenzmanager\Kompetenzmanager\gwt\KompetenzManager\war\database\store\nioneo_logical.log.1]. Recovery started ...
2012-09-11 08:07:46.410+0000: [C:\Users\Julian\Documents\NetBeansProjects\gitprojects\Kompetenzmanager\Kompetenzmanager\gwt\KompetenzManager\war\database\store\nioneo_logical.log.1] logVersion=0 with committed tx=1
2012-09-11 08:07:46.444+0000: [C:\Users\Julian\Documents\NetBeansProjects\gitprojects\Kompetenzmanager\Kompetenzmanager\gwt\KompetenzManager\war\database\store\nioneo_logical.log.1] entries found=22 lastEntryPos=1162
2012-09-11 08:07:46.445+0000: Internal recovery completed, scanned 22 log entries. Recovered 2 transactions. Last tx recovered: 3
2012-09-11 08:07:46.445+0000: XaResourceManager[C:\Users\Julian\Documents\NetBeansProjects\gitprojects\Kompetenzmanager\Kompetenzmanager\gwt\KompetenzManager\war\database\store\nioneo_logical.log] sorting 1 xids
2012-09-11 08:07:46.447+0000: XaResourceManager[C:\Users\Julian\Documents\NetBeansProjects\gitprojects\Kompetenzmanager\Kompetenzmanager\gwt\KompetenzManager\war\database\store\nioneo_logical.log] checkRecoveryComplete 0 xids
2012-09-11 08:07:46.930+0000: C:\Users\Julian\Documents\NetBeansProjects\gitprojects\Kompetenzmanager\Kompetenzmanager\gwt\KompetenzManager\war\database\store\neostore.relationshiptypestore.db.names rebuild id generator, highId=2 defragged count=0
2012-09-11 08:07:47.290+0000: C:\Users\Julian\Documents\NetBeansProjects\gitprojects\Kompetenzmanager\Kompetenzmanager\gwt\KompetenzManager\war\database\store\neostore.propertystore.db.index.keys rebuild id generator, highId=7 defragged count=0
2012-09-11 08:07:47.424+0000: C:\Users\Julian\Documents\NetBeansProjects\gitprojects\Kompetenzmanager\Kompetenzmanager\gwt\KompetenzManager\war\database\store\neostore.propertystore.db.index rebuild id generator, highId=6 defragged count=0
2012-09-11 08:07:47.544+0000: C:\Users\Julian\Documents\NetBeansProjects\gitprojects\Kompetenzmanager\Kompetenzmanager\gwt\KompetenzManager\war\database\store\neostore.propertystore.db.strings rebuild id generator, highId=1 defragged count=0
2012-09-11 08:07:47.669+0000: C:\Users\Julian\Documents\NetBeansProjects\gitprojects\Kompetenzmanager\Kompetenzmanager\gwt\KompetenzManager\war\database\store\neostore.propertystore.db.arrays rebuild id generator, highId=1 defragged count=0
2012-09-11 08:07:47.848+0000: C:\Users\Julian\Documents\NetBeansProjects\gitprojects\Kompetenzmanager\Kompetenzmanager\gwt\KompetenzManager\war\database\store\neostore.propertystore.db rebuild id generator, highId=5 defragged count=0
2012-09-11 08:07:48.048+0000: C:\Users\Julian\Documents\NetBeansProjects\gitprojects\Kompetenzmanager\Kompetenzmanager\gwt\KompetenzManager\war\database\store\neostore.relationshipstore.db rebuild id generator, highId=1 defragged count=0
2012-09-11 08:07:48.178+0000: C:\Users\Julian\Documents\NetBeansProjects\gitprojects\Kompetenzmanager\Kompetenzmanager\gwt\KompetenzManager\war\database\store\neostore.nodestore.db rebuild id generator, highId=4 defragged count=0
2012-09-11 08:07:48.327+0000: C:\Users\Julian\Documents\NetBeansProjects\gitprojects\Kompetenzmanager\Kompetenzmanager\gwt\KompetenzManager\war\database\store\neostore rebuild id generator, highId=6 defragged count=0
2012-09-11 08:07:48.504+0000: XaResourceManager[C:\Users\Julian\Documents\NetBeansProjects\gitprojects\Kompetenzmanager\Kompetenzmanager\gwt\KompetenzManager\war\database\store\nioneo_logical.log] recovery completed.
2012-09-11 08:07:48.504+0000: Recovery on log [C:\Users\Julian\Documents\NetBeansProjects\gitprojects\Kompetenzmanager\Kompetenzmanager\gwt\KompetenzManager\war\database\store\nioneo_logical.log.1] completed.
2012-09-11 08:07:48.516+0000: TM opening log: C:\Users\Julian\Documents\NetBeansProjects\gitprojects\Kompetenzmanager\Kompetenzmanager\gwt\KompetenzManager\war\database\store\tm_tx_log.1
2012-09-11 08:07:48.555+0000: Non clean shutdown detected on log [C:\Users\Julian\Documents\NetBeansProjects\gitprojects\Kompetenzmanager\Kompetenzmanager\gwt\KompetenzManager\war\database\store\index\lucene.log.1]. Recovery started ...
2012-09-11 08:07:48.555+0000: [C:\Users\Julian\Documents\NetBeansProjects\gitprojects\Kompetenzmanager\Kompetenzmanager\gwt\KompetenzManager\war\database\store\index\lucene.log.1] logVersion=0 with committed tx=1
2012-09-11 08:07:48.825+0000: [C:\Users\Julian\Documents\NetBeansProjects\gitprojects\Kompetenzmanager\Kompetenzmanager\gwt\KompetenzManager\war\database\store\index\lucene.log.1] entries found=10 lastEntryPos=497
2012-09-11 08:07:48.826+0000: Internal recovery completed, scanned 10 log entries. Recovered 2 transactions. Last tx recovered: 3
2012-09-11 08:07:48.826+0000: XaResourceManager[C:\Users\Julian\Documents\NetBeansProjects\gitprojects\Kompetenzmanager\Kompetenzmanager\gwt\KompetenzManager\war\database\store\index\lucene.log] sorting 1 xids
2012-09-11 08:07:48.827+0000: XaResourceManager[C:\Users\Julian\Documents\NetBeansProjects\gitprojects\Kompetenzmanager\Kompetenzmanager\gwt\KompetenzManager\war\database\store\index\lucene.log] checkRecoveryComplete 0 xids
2012-09-11 08:07:48.827+0000: XaResourceManager[C:\Users\Julian\Documents\NetBeansProjects\gitprojects\Kompetenzmanager\Kompetenzmanager\gwt\KompetenzManager\war\database\store\index\lucene.log] recovery completed.
2012-09-11 08:07:48.827+0000: Recovery on log [C:\Users\Julian\Documents\NetBeansProjects\gitprojects\Kompetenzmanager\Kompetenzmanager\gwt\KompetenzManager\war\database\store\index\lucene.log.1] completed.
2012-09-11 08:07:48.831+0000: --- STARTUP diagnostics START ---
2012-09-11 08:07:48.832+0000: Neo4j Kernel properties:
    store_dir=C:\Users\Julian\Documents\NetBeansProjects\gitprojects\Kompetenzmanager\Kompetenzmanager\gwt\KompetenzManager\war\database\store
    remote_logging_host=127.0.0.1
    read_only=false
    neo4j.ext.udc.host=udc.neo4j.org
    logical_log=C:\Users\Julian\Documents\NetBeansProjects\gitprojects\Kompetenzmanager\Kompetenzmanager\gwt\KompetenzManager\war\database\store\nioneo_logical.log
    remote_logging_port=4560
    gc_monitor_threshold=200ms
    load_kernel_extensions=true
    array_block_size=120
    intercept_committing_transactions=false
    node_auto_indexing=false
    neostore.relationshipstore.db.mapped_memory=37M
    remote_shell_name=shell
    dump_configuration=false
    gc_monitor_wait_time=100ms
    cache_type=soft
    intercept_deserialized_transactions=false
    neostore.nodestore.db.mapped_memory=8M
    neo4j.ext.udc.first_delay=600000
    remote_shell_enabled=false
    neo4j.ext.udc.reg=unreg
    remote_shell_port=1337
    lucene_searcher_cache_size=2147483647
    neo4j.ext.udc.interval=86400000
    use_memory_mapped_buffers=false
    rebuild_idgenerators_fast=true
    ephemeral=false
    neostore.propertystore.db.index.keys.mapped_memory=1M
    neostore.propertystore.db.arrays.mapped_memory=29M
    neostore.propertystore.db.strings.mapped_memory=25M
    neo_store=C:\Users\Julian\Documents\NetBeansProjects\gitprojects\Kompetenzmanager\Kompetenzmanager\gwt\KompetenzManager\war\database\store\neostore
    neostore.propertystore.db.index.mapped_memory=1M
    backup_slave=false
    neostore.propertystore.db.mapped_memory=30M
    gcr_cache_min_log_interval=60s
    relationship_auto_indexing=false
    relationship_grab_size=100
    string_block_size=120
    remote_shell_read_only=false
    grab_file_lock=true
    node_cache_array_fraction=1.0
    remote_logging_enabled=false
    allow_store_upgrade=false
    execution_guard_enabled=false
    neo4j.ext.udc.enabled=true
    relationship_cache_array_fraction=1.0
2012-09-11 08:07:48.838+0000: Diagnostics providers:
    org.neo4j.kernel.configuration.Config
    org.neo4j.kernel.info.DiagnosticsManager
    SYSTEM_MEMORY
    JAVA_MEMORY
    OPERATING_SYSTEM
    JAVA_VIRTUAL_MACHINE
    CLASSPATH
    LIBRARY_PATH
    SYSTEM_PROPERTIES
2012-09-11 08:07:48.839+0000: System memory information:
    Total Physical memory: 4,00 GB
    Free Physical memory: 1,29 GB
    Committed virtual memory: 250,00 MB
    Total swap space: 4,00 GB
    Free swap space: 4,00 GB
2012-09-11 08:07:48.844+0000: JVM memory information:
    Free  memory: 86,44 MB
    Total memory: 192,31 MB
    Max   memory: 494,94 MB
    Garbage Collector: Copy: [Eden Space, Survivor Space]
    Garbage Collector: MarkSweepCompact: [Eden Space, Survivor Space, Tenured Gen, Perm Gen, Perm Gen [shared-ro], Perm Gen [shared-rw]]
    Memory Pool: Code Cache (Non-heap memory): committed=3,69 MB, used=3,68 MB, max=32,00 MB, threshold=0,00 B
    Memory Pool: Eden Space (Heap memory): committed=53,13 MB, used=26,34 MB, max=136,50 MB, threshold=?
    Memory Pool: Survivor Space (Heap memory): committed=6,63 MB, used=0,00 B, max=17,06 MB, threshold=?
    Memory Pool: Tenured Gen (Heap memory): committed=132,56 MB, used=79,53 MB, max=341,38 MB, threshold=0,00 B
    Memory Pool: Perm Gen (Non-heap memory): committed=20,50 MB, used=20,33 MB, max=64,00 MB, threshold=0,00 B
    Memory Pool: Perm Gen [shared-ro] (Non-heap memory): committed=10,00 MB, used=5,17 MB, max=10,00 MB, threshold=0,00 B
    Memory Pool: Perm Gen [shared-rw] (Non-heap memory): committed=12,00 MB, used=6,59 MB, max=12,00 MB, threshold=0,00 B
2012-09-11 08:07:48.850+0000: Operating system information:
    Operating System: Windows 7; version: 6.1; arch: x86; cpus: 2
    Process id: 4768@Freibier
    Byte order: LITTLE_ENDIAN
2012-09-11 08:07:48.853+0000: JVM information:
    VM Name: Java HotSpot(TM) Client VM
    VM Vendor: Sun Microsystems Inc.
    VM Version: 17.1-b03
    JIT compiler: HotSpot Client Compiler
    VM Arguments: [-Xmx512m, -Dfile.encoding=Cp1252]
2012-09-11 08:07:48.854+0000: Java classpath:
     [bootstrap] C:\Program Files (x86)\Java\jre6\lib\jce.jar
     [classpath + loader.0] file:/C:/Users/Julian/Documents/NetBeansProjects/gitprojects/Kompetenzmanager/Kompetenzmanager/gwt/KompetenzManager/war/WEB-INF/lib/raphaelgwt-1.0.0.jar
     [loader.0] file:/C:/Users/Julian/Documents/NetBeansProjects/gitprojects/Kompetenzmanager/Kompetenzmanager/gwt/KompetenzManager/war/WEB-INF/lib/appengine-api-1.0-sdk-1.5.0.jar
     [classpath + loader.0] file:/C:/Users/Julian/Documents/NetBeansProjects/gitprojects/Kompetenzmanager/Kompetenzmanager/gwt/KompetenzManager/war/WEB-INF/classes/
     [loader.0] file:/C:/Users/Julian/Documents/NetBeansProjects/gitprojects/Kompetenzmanager/Kompetenzmanager/gwt/KompetenzManager/war/WEB-INF/lib/datanucleus-core-1.1.5.jar
     [classpath + loader.0] file:/C:/Users/Julian/Documents/NetBeansProjects/gitprojects/Kompetenzmanager/Kompetenzmanager/gwt/KompetenzManager/war/WEB-INF/lib/scala-library-2.9.0-1.jar
     [classpath + loader.0] file:/C:/Users/Julian/Documents/NetBeansProjects/gitprojects/Kompetenzmanager/Kompetenzmanager/gwt/KompetenzManager/war/WEB-INF/lib/server-api-1.7.2.jar
     [classpath + loader.0] file:/C:/Users/Julian/Documents/NetBeansProjects/gitprojects/Kompetenzmanager/Kompetenzmanager/gwt/KompetenzManager/war/WEB-INF/lib/neo4j-community-1.7.2.jar
     [bootstrap] C:\Program Files (x86)\Java\jre6\lib\sunrsasign.jar
     [loader.0] file:/C:/Users/Julian/Documents/NetBeansProjects/gitprojects/Kompetenzmanager/Kompetenzmanager/gwt/KompetenzManager/war/WEB-INF/lib/appengine-jsr107cache-1.5.0.jar
     [bootstrap] C:\Program Files (x86)\Java\jre6\lib\charsets.jar
     [classpath + loader.0] file:/C:/Users/Julian/Documents/NetBeansProjects/gitprojects/Kompetenzmanager/Kompetenzmanager/gwt/KompetenzManager/war/WEB-INF/lib/neo4j-graph-matching-1.7.2.jar
     [loader.0] file:/C:/Users/Julian/Documents/NetBeansProjects/gitprojects/Kompetenzmanager/Kompetenzmanager/gwt/KompetenzManager/war/WEB-INF/lib/appengine-api-labs-1.5.0.jar
     [bootstrap] C:\Program Files (x86)\Java\jre6\lib\jsse.jar
     [bootstrap] C:\Program Files (x86)\Java\jre6\classes
     [classpath] C:\Users\Julian\Desktop\helios\eclipse\plugins\com.google.gwt.eclipse.sdkbundle_2.4.0.v201208080122-rel-r36\gwt-2.4.0\validation-api-1.0.0.GA-sources.jar
     [classpath] C:\Users\Julian\Documents\NetBeansProjects\gitprojects\Kompetenzmanager\Kompetenzmanager\gwt\KompetenzManager\test-classes
     [bootstrap] C:\Program Files (x86)\Java\jre6\lib\rt.jar
     [classpath + loader.0] file:/C:/Users/Julian/Documents/NetBeansProjects/gitprojects/Kompetenzmanager/Kompetenzmanager/gwt/KompetenzManager/war/WEB-INF/lib/geronimo-jta_1.1_spec-1.1.1.jar
     [classpath + loader.0] file:/C:/Users/Julian/Documents/NetBeansProjects/gitprojects/Kompetenzmanager/Kompetenzmanager/gwt/KompetenzManager/war/WEB-INF/lib/gwt-incubator-20101117-r1766.jar
     [classpath] C:\Users\Julian\Desktop\helios\eclipse\plugins\com.google.gwt.eclipse.sdkbundle_2.4.0.v201208080122-rel-r36\gwt-2.4.0\validation-api-1.0.0.GA.jar
     [classpath] C:\Users\Julian\Desktop\helios\eclipse\plugins\org.junit_4.8.1.v4_8_1_v20100427-1100\junit.jar
     [classpath + loader.0] file:/C:/Users/Julian/Documents/NetBeansProjects/gitprojects/Kompetenzmanager/Kompetenzmanager/gwt/KompetenzManager/war/WEB-INF/lib/neo4j-cypher-1.7.2.jar
     [classpath] C:\Users\Julian\Documents\NetBeansProjects\gitprojects\Kompetenzmanager\Kompetenzmanager\gwt\KompetenzManager\lib\neo4j-community-1.7.2\lib\geronimo-jta_1.1_spec-1.1.1.jar
     [loader.0] file:/C:/Users/Julian/Documents/NetBeansProjects/gitprojects/Kompetenzmanager/Kompetenzmanager/gwt/KompetenzManager/war/WEB-INF/lib/datanucleus-jpa-1.1.5.jar
     [loader.0] file:/C:/Users/Julian/Documents/NetBeansProjects/gitprojects/Kompetenzmanager/Kompetenzmanager/gwt/KompetenzManager/war/WEB-INF/lib/jdo2-api-2.3-eb.jar
     [classpath + loader.0] file:/C:/Users/Julian/Documents/NetBeansProjects/gitprojects/Kompetenzmanager/Kompetenzmanager/gwt/KompetenzManager/war/WEB-INF/lib/neo4j-lucene-index-1.7.2.jar
     [loader.0] file:/C:/Users/Julian/Documents/NetBeansProjects/gitprojects/Kompetenzmanager/Kompetenzmanager/gwt/KompetenzManager/war/WEB-INF/lib/datanucleus-appengine-1.0.8.final.jar
     [classpath + loader.0] file:/C:/Users/Julian/Documents/NetBeansProjects/gitprojects/Kompetenzmanager/Kompetenzmanager/gwt/KompetenzManager/war/WEB-INF/lib/neo4j-shell-1.7.2.jar
     [bootstrap] C:\Program Files (x86)\Java\jre6\lib\resources.jar
     [loader.0] file:/C:/Users/Julian/Documents/NetBeansProjects/gitprojects/Kompetenzmanager/Kompetenzmanager/gwt/KompetenzManager/war/WEB-INF/lib/gwt-servlet.jar
     [loader.0] file:/C:/Users/Julian/Documents/NetBeansProjects/gitprojects/Kompetenzmanager/Kompetenzmanager/gwt/KompetenzManager/war/WEB-INF/lib/jsr107cache-1.1.jar
     [classpath] C:\Users\Julian\Documents\NetBeansProjects\gitprojects\Kompetenzmanager\Kompetenzmanager\gwt\KompetenzManager\src
     [classpath + loader.0] file:/C:/Users/Julian/Documents/NetBeansProjects/gitprojects/Kompetenzmanager/Kompetenzmanager/gwt/KompetenzManager/war/WEB-INF/lib/neo4j-kernel-1.7.2.jar
     [classpath + loader.0] file:/C:/Users/Julian/Documents/NetBeansProjects/gitprojects/Kompetenzmanager/Kompetenzmanager/gwt/KompetenzManager/war/WEB-INF/lib/neo4j-graph-algo-1.7.2.jar
     [loader.0] file:/C:/Users/Julian/Documents/NetBeansProjects/gitprojects/Kompetenzmanager/Kompetenzmanager/gwt/KompetenzManager/war/WEB-INF/lib/geronimo-jpa_3.0_spec-1.1.1.jar
     [classpath] C:\Users\Julian\Desktop\helios\eclipse\plugins\com.google.gwt.eclipse.sdkbundle_2.4.0.v201208080122-rel-r36\gwt-2.4.0\gwt-dev.jar
     [classpath + loader.0] file:/C:/Users/Julian/Documents/NetBeansProjects/gitprojects/Kompetenzmanager/Kompetenzmanager/gwt/KompetenzManager/war/WEB-INF/lib/rapahel4gwt-0.34.jar
     [classpath] C:\Users\Julian\Desktop\helios\eclipse\plugins\org.hamcrest.core_1.1.0.v20090501071000.jar
     [classpath + loader.0] file:/C:/Users/Julian/Documents/NetBeansProjects/gitprojects/Kompetenzmanager/Kompetenzmanager/gwt/KompetenzManager/war/WEB-INF/lib/lucene-core-3.5.0.jar
     [classpath] C:\Users\Julian\Desktop\helios\eclipse\plugins\com.google.gwt.eclipse.sdkbundle_2.4.0.v201208080122-rel-r36\gwt-2.4.0\gwt-user.jar
     [classpath + loader.0] file:/C:/Users/Julian/Documents/NetBeansProjects/gitprojects/Kompetenzmanager/Kompetenzmanager/gwt/KompetenzManager/war/WEB-INF/lib/neo4j-udc-1.7.2.jar
     [classpath + loader.0] file:/C:/Users/Julian/Documents/NetBeansProjects/gitprojects/Kompetenzmanager/Kompetenzmanager/gwt/KompetenzManager/war/WEB-INF/lib/neo4j-jmx-1.7.2.jar
2012-09-11 08:07:48.866+0000: Library path:
    C:\Program Files (x86)\Java\jre6\bin
    C:\Users\Julian\Documents\NetBeansProjects\gitprojects\Kompetenzmanager\Kompetenzmanager\gwt\KompetenzManager\war
    C:\Windows\Sun\Java\bin
    C:\Windows\System32
    C:\Windows
    C:\Program Files (x86)\Java\jre6\bin\client
    C:\Program Files (x86)\Java\jre6\bin
    C:\Program Files (x86)\Java\jre6\lib\i386
    C:\Program Files\NVIDIA GPU Computing Toolkit\CUDA\v4.2\bin
    C:\Program Files\NVIDIA GPU Computing Toolkit\CUDA\v4.2\libnvvp
    C:\Program Files (x86)\NVIDIA Corporation\PhysX\Common
    C:\Windows\System32
    C:\Windows
    C:\Windows\System32\wbem
    C:\Windows\System32\WindowsPowerShell\v1.0
    C:\Program Files\TortoiseSVN\bin
    C:\xampp\php
    C:\Program Files (x86)\NetBeans 7.1.2\java\maven\bin
    C:\Program Files (x86)\Git\cmd
    C:\Program Files (x86)\Java\jdk1.7.0_05\bin
    C:\Users\Julian\Desktop\helios\eclipse
2012-09-11 08:07:48.872+0000: System.properties:
    sun.boot.library.path = C:\Program Files (x86)\Java\jre6\bin
    path.separator = ;
    file.encoding.pkg = sun.io
    sun.java.launcher = SUN_STANDARD
    user.country = DE
    sun.os.patch.level = Service Pack 1
    user.dir = C:\Users\Julian\Documents\NetBeansProjects\gitprojects\Kompetenzmanager\Kompetenzmanager\gwt\KompetenzManager\war
    org.mortbay.log.class = com.google.gwt.dev.shell.jetty.JettyNullLogger
    user.variant = 
    sun.jnu.encoding = Cp1252
    sun.management.compiler = HotSpot Client Compiler
    user.home = C:\Users\Julian
    user.timezone = Europe/Berlin
    file.encoding = Cp1252
    org.mortbay.xml.XmlParser.Validating = false
    build.compiler = org.eclipse.jdt.core.JDTCompilerAdapter
    user.name = Julian
    sun.arch.data.model = 32
    user.language = de
    awt.toolkit = sun.awt.windows.WToolkit
    file.separator = \
    sun.io.unicode.encoding = UnicodeLittle
    sun.cpu.endian = little
    sun.desktop = windows
    sun.cpu.isalist = pentium_pro+mmx pentium_pro pentium+mmx pentium i486 i386 i86
2012-09-11 08:07:48.873+0000: --- STARTUP diagnostics END ---
2012-09-11 08:07:48.875+0000: TM non resolved transactions found in C:\Users\Julian\Documents\NetBeansProjects\gitprojects\Kompetenzmanager\Kompetenzmanager\gwt\KompetenzManager\war\database\store\tm_tx_log.1
2012-09-11 08:07:49.065+0000: Rotating [C:\Users\Julian\Documents\NetBeansProjects\gitprojects\Kompetenzmanager\Kompetenzmanager\gwt\KompetenzManager\war\database\store\index\lucene.log.1] @ version=0 to C:\Users\Julian\Documents\NetBeansProjects\gitprojects\Kompetenzmanager\Kompetenzmanager\gwt\KompetenzManager\war\database\store\index\lucene.log.2 from position 502
2012-09-11 08:07:49.163+0000: Rotate: old log scanned, newLog @ pos=16
2012-09-11 08:07:49.231+0000: Log rotated, newLog @ pos=16, version 1 and last tx 3
2012-09-11 08:07:49.487+0000: Rotating [C:\Users\Julian\Documents\NetBeansProjects\gitprojects\Kompetenzmanager\Kompetenzmanager\gwt\KompetenzManager\war\database\store\nioneo_logical.log.1] @ version=0 to C:\Users\Julian\Documents\NetBeansProjects\gitprojects\Kompetenzmanager\Kompetenzmanager\gwt\KompetenzManager\war\database\store\nioneo_logical.log.2 from position 1167
2012-09-11 08:07:49.564+0000: Rotate: old log scanned, newLog @ pos=16
2012-09-11 08:07:49.665+0000: Log rotated, newLog @ pos=16, version 1 and last tx 3
2012-09-11 08:07:49.666+0000: Recovery completed, all transactions have been resolved to a consistent state.
2012-09-11 08:07:50.163+0000: Extension org.neo4j.kernel.KernelExtension[kernel jmx] loaded ok
2012-09-11 08:07:50.164+0000: Extension org.neo4j.kernel.KernelExtension[shell] loaded ok
2012-09-11 08:07:50.191+0000: Extension org.neo4j.kernel.KernelExtension[kernel udc] loaded ok
2012-09-11 08:07:50.196+0000: --- STARTUP diagnostics for KernelDiagnostics:Versions START ---
2012-09-11 08:07:50.197+0000: Graph Database: org.neo4j.kernel.EmbeddedGraphDatabase StoreId[time:1347350119511, id:-7990660277859158307, store version: 13561656364791302]
2012-09-11 08:07:50.197+0000: Kernel version: Neo4j - Graph Database Kernel 1.7.2
2012-09-11 08:07:50.197+0000: Neo4j component versions:
2012-09-11 08:07:50.198+0000:   Neo4j - Graph Database Kernel 1.7.2
2012-09-11 08:07:50.198+0000: --- STARTUP diagnostics for KernelDiagnostics:Versions END ---
2012-09-11 08:07:50.201+0000: --- STARTUP diagnostics for NEO_STORE_VERSIONS START ---
2012-09-11 08:07:50.202+0000: Store versions:
    Store versions:
      NeoStore v0.A.0
      NodeStore v0.A.0
      RelationshipStore v0.A.0
      RelationshipTypeStore v0.A.0
      PropertyStore v0.A.0
      PropertyIndexStore v0.A.0
      StringPropertyStore v0.A.0
      ArrayPropertyStore v0.A.0
2012-09-11 08:07:50.203+0000: --- STARTUP diagnostics for NEO_STORE_VERSIONS END ---
2012-09-11 08:07:50.203+0000: --- STARTUP diagnostics for NEO_STORE_ID_USAGE START ---
2012-09-11 08:07:50.203+0000: Id usage:
    Id usage:
      NodeStore: used=4 high=3
      RelationshipStore: used=1 high=0
      RelationshipTypeStore: used=1 high=0
      PropertyStore: used=5 high=4
      PropertyIndexStore: used=6 high=5
      StringPropertyStore: used=1 high=0
      ArrayPropertyStore: used=1 high=0
2012-09-11 08:07:50.204+0000: --- STARTUP diagnostics for NEO_STORE_ID_USAGE END ---
2012-09-11 08:07:50.204+0000: --- STARTUP diagnostics for KernelDiagnostics:StoreFiles START ---
2012-09-11 08:07:50.204+0000: Storage files:
    active_tx_log: 11,00 B
    index:
      lucene:
        node:
          nodes:
            segments.gen: 20,00 B
            segments_1: 239,00 B
            write.lock: 0,00 B
            _0.fdt: 55,00 B
            _0.fdx: 28,00 B
            _0.fnm: 33,00 B
            _0.frq: 6,00 B
            _0.nrm: 13,00 B
            _0.prx: 6,00 B
            _0.tii: 35,00 B
            _0.tis: 90,00 B
          - Total: 525,00 B
        - Total: 525,00 B
      - Total: 525,00 B
      lucene-store.db: 40,00 B
      lucene.log.2: 16,00 B
      lucene.log.active: 4,00 B
    - Total: 585,00 B
    index.db: 103,00 B
    lock: 0,00 B
    messages.log: 40,78 kB
    neostore: 54,00 B
    neostore.id: 9,00 B
    neostore.nodestore.db: 8,19 kB
    neostore.nodestore.db.id: 9,00 B
    neostore.propertystore.db: 307,18 kB
    neostore.propertystore.db.arrays: 128,00 B
    neostore.propertystore.db.arrays.id: 9,00 B
    neostore.propertystore.db.id: 9,00 B
    neostore.propertystore.db.index: 10,24 kB
    neostore.propertystore.db.index.id: 9,00 B
    neostore.propertystore.db.index.keys: 1,00 kB
    neostore.propertystore.db.index.keys.id: 9,00 B
    neostore.propertystore.db.strings: 128,00 B
    neostore.propertystore.db.strings.id: 9,00 B
    neostore.relationshipstore.db: 378,86 kB
    neostore.relationshipstore.db.id: 9,00 B
    neostore.relationshiptypestore.db: 5,00 B
    neostore.relationshiptypestore.db.id: 9,00 B
    neostore.relationshiptypestore.db.names: 76,00 B
    neostore.relationshiptypestore.db.names.id: 9,00 B
    nioneo_logical.log.2: 16,00 B
    nioneo_logical.log.active: 4,00 B
    tm_tx_log.1: 0,00 B
2012-09-11 08:07:50.220+0000: --- STARTUP diagnostics for KernelDiagnostics:StoreFiles END ---
2012-09-11 08:07:50.222+0000: Started - database is now available
2012-09-11 08:07:50.238+0000: GC Monitor started. 
2012-09-11 08:08:04.561+0000: GC Monitor: Application threads blocked for an additional 142ms [total block time: 0.142s]
