2012-09-10 11:51:46.775+0000: Creating new db @ C:\Users\Julian\Documents\NetBeansProjects\Kompetenzmanager\gwt\KompetenzManager\war\database\store\store2\neostore
2012-09-10 11:51:47.262+0000: Opened [C:\Users\Julian\Documents\NetBeansProjects\Kompetenzmanager\gwt\KompetenzManager\war\database\store\store2\nioneo_logical.log.1] clean empty log, version=0, lastTxId=1
2012-09-10 11:51:47.282+0000: TM new log: tm_tx_log.1
2012-09-10 11:51:47.324+0000: Opened [C:\Users\Julian\Documents\NetBeansProjects\Kompetenzmanager\gwt\KompetenzManager\war\database\store\store2\index\lucene.log.1] clean empty log, version=0, lastTxId=1
2012-09-10 11:51:47.330+0000: --- STARTUP diagnostics START ---
2012-09-10 11:51:47.332+0000: Neo4j Kernel properties:
    store_dir=C:\Users\Julian\Documents\NetBeansProjects\Kompetenzmanager\gwt\KompetenzManager\war\database\store\store2
    remote_logging_host=127.0.0.1
    read_only=false
    neo4j.ext.udc.host=udc.neo4j.org
    logical_log=C:\Users\Julian\Documents\NetBeansProjects\Kompetenzmanager\gwt\KompetenzManager\war\database\store\store2\nioneo_logical.log
    remote_logging_port=4560
    gc_monitor_threshold=200ms
    load_kernel_extensions=true
    array_block_size=120
    intercept_committing_transactions=false
    node_auto_indexing=false
    neostore.relationshipstore.db.mapped_memory=34M
    remote_shell_name=shell
    dump_configuration=false
    gc_monitor_wait_time=100ms
    cache_type=soft
    intercept_deserialized_transactions=false
    neostore.nodestore.db.mapped_memory=7M
    neo4j.ext.udc.first_delay=600000
    remote_shell_enabled=false
    neo4j.ext.udc.reg=unreg
    remote_shell_port=1337
    lucene_searcher_cache_size=2147483647
    neo4j.ext.udc.interval=86400000
    use_memory_mapped_buffers=false
    rebuild_idgenerators_fast=true
    ephemeral=false
    neostore.propertystore.db.index.keys.mapped_memory=1M
    neostore.propertystore.db.arrays.mapped_memory=27M
    neostore.propertystore.db.strings.mapped_memory=23M
    neo_store=C:\Users\Julian\Documents\NetBeansProjects\Kompetenzmanager\gwt\KompetenzManager\war\database\store\store2\neostore
    neostore.propertystore.db.index.mapped_memory=1M
    backup_slave=false
    neostore.propertystore.db.mapped_memory=27M
    gcr_cache_min_log_interval=60s
    relationship_auto_indexing=false
    relationship_grab_size=100
    string_block_size=120
    remote_shell_read_only=false
    grab_file_lock=true
    node_cache_array_fraction=1.0
    remote_logging_enabled=false
    allow_store_upgrade=false
    execution_guard_enabled=false
    neo4j.ext.udc.enabled=true
    relationship_cache_array_fraction=1.0
2012-09-10 11:51:47.337+0000: Diagnostics providers:
    org.neo4j.kernel.configuration.Config
    org.neo4j.kernel.info.DiagnosticsManager
    SYSTEM_MEMORY
    JAVA_MEMORY
    OPERATING_SYSTEM
    JAVA_VIRTUAL_MACHINE
    CLASSPATH
    LIBRARY_PATH
    SYSTEM_PROPERTIES
2012-09-10 11:51:47.338+0000: System memory information:
    Total Physical memory: 3,80 GB
    Free Physical memory: 807,57 MB
    Committed virtual memory: 462,71 MB
    Total swap space: 7,60 GB
    Free swap space: 3,23 GB
2012-09-10 11:51:47.342+0000: JVM memory information:
    Free  memory: 149,15 MB
    Total memory: 258,50 MB
    Max   memory: 455,13 MB
    Garbage Collector: PS Scavenge: [PS Eden Space, PS Survivor Space]
    Garbage Collector: PS MarkSweep: [PS Eden Space, PS Survivor Space, PS Old Gen, PS Perm Gen]
    Memory Pool: Code Cache (Non-heap memory): committed=6,00 MB, used=5,53 MB, max=48,00 MB, threshold=0,00 B
    Memory Pool: PS Eden Space (Heap memory): committed=56,88 MB, used=41,96 MB, max=56,88 MB, threshold=?
    Memory Pool: PS Survivor Space (Heap memory): committed=56,88 MB, used=1,60 MB, max=56,88 MB, threshold=?
    Memory Pool: PS Old Gen (Heap memory): committed=144,75 MB, used=65,80 MB, max=341,38 MB, threshold=0,00 B
    Memory Pool: PS Perm Gen (Non-heap memory): committed=40,00 MB, used=33,44 MB, max=82,00 MB, threshold=0,00 B
2012-09-10 11:51:47.349+0000: Operating system information:
    Operating System: Windows 7; version: 6.1; arch: amd64; cpus: 4
    Process id: 9800@Julian-THINK
    Byte order: LITTLE_ENDIAN
2012-09-10 11:51:47.353+0000: JVM information:
    VM Name: Java HotSpot(TM) 64-Bit Server VM
    VM Vendor: Sun Microsystems Inc.
    VM Version: 19.1-b02
    JIT compiler: HotSpot 64-Bit Server Compiler
    VM Arguments: [-Xmx512m, -Dfile.encoding=Cp1252]
2012-09-10 11:51:47.355+0000: Java classpath:
     [classpath] C:\Program Files\eclipse\eclipse\plugins\com.google.appengine.eclipse.sdkbundle_1.5.0.r36v201105092302\appengine-java-sdk-1.5.0\lib\user\orm\datanucleus-jpa-1.1.5.jar
     [classpath] C:\Program Files\eclipse\eclipse\plugins\com.google.appengine.eclipse.sdkbundle_1.5.0.r36v201105092302\appengine-java-sdk-1.5.0\lib\user\orm\datanucleus-appengine-1.0.8.final.jar
     [classpath] C:\Program Files\eclipse\eclipse\plugins\com.google.appengine.eclipse.sdkbundle_1.5.0.r36v201105092302\appengine-java-sdk-1.5.0\lib\user\jsr107cache-1.1.jar
     [classpath] C:\Program Files\eclipse\eclipse\plugins\com.google.appengine.eclipse.sdkbundle_1.5.0.r36v201105092302\appengine-java-sdk-1.5.0\lib\shared\jsp\repackaged-appengine-ant-launcher-1.7.1.jar
     [classpath] C:\Users\Julian\Documents\NetBeansProjects\Kompetenzmanager\gwt\KompetenzManager\src
     [classpath] C:\Program Files\eclipse\eclipse\plugins\com.google.appengine.eclipse.sdkbundle_1.5.0.r36v201105092302\appengine-java-sdk-1.5.0\lib\user\orm\datanucleus-core-1.1.5.jar
     [classpath + loader.0] file:/C:/Users/Julian/Documents/NetBeansProjects/Kompetenzmanager/gwt/KompetenzManager/war/WEB-INF/lib/gwt-incubator-20101117-r1766.jar
     [loader.0] file:/C:/Users/Julian/Documents/NetBeansProjects/Kompetenzmanager/gwt/KompetenzManager/war/WEB-INF/lib/appengine-jsr107cache-1.5.0.jar
     [classpath + loader.0] file:/C:/Users/Julian/Documents/NetBeansProjects/Kompetenzmanager/gwt/KompetenzManager/war/WEB-INF/classes/
     [classpath] C:\Program Files\eclipse\eclipse\plugins\com.google.appengine.eclipse.sdkbundle_1.5.0.r36v201105092302\appengine-java-sdk-1.5.0\lib\shared\el-api.jar
     [loader.0] file:/C:/Users/Julian/Documents/NetBeansProjects/Kompetenzmanager/gwt/KompetenzManager/war/WEB-INF/lib/datanucleus-appengine-1.0.8.final.jar
     [bootstrap] C:\Program Files\Java\jdk1.6.0_24\jre\classes
     [bootstrap] C:\Program Files\Java\jdk1.6.0_24\jre\lib\resources.jar
     [loader.0] file:/C:/Users/Julian/Documents/NetBeansProjects/Kompetenzmanager/gwt/KompetenzManager/war/WEB-INF/lib/appengine-api-1.0-sdk-1.5.0.jar
     [loader.0] file:/C:/Users/Julian/Documents/NetBeansProjects/Kompetenzmanager/gwt/KompetenzManager/war/WEB-INF/lib/jdo2-api-2.3-eb.jar
     [loader.0] file:/C:/Users/Julian/Documents/NetBeansProjects/Kompetenzmanager/gwt/KompetenzManager/war/WEB-INF/lib/geronimo-jpa_3.0_spec-1.1.1.jar
     [classpath] C:\Program Files\eclipse\eclipse\plugins\com.google.gwt.eclipse.sdkbundle_2.3.0.r36v201104261928\gwt-2.3.0\gwt-dev.jar
     [bootstrap] C:\Program Files\Java\jdk1.6.0_24\jre\lib\rt.jar
     [loader.0] file:/C:/Users/Julian/Documents/NetBeansProjects/Kompetenzmanager/gwt/KompetenzManager/war/WEB-INF/lib/datanucleus-jpa-1.1.5.jar
     [classpath + loader.0] file:/C:/Users/Julian/Documents/NetBeansProjects/Kompetenzmanager/gwt/KompetenzManager/war/WEB-INF/lib/neo4j-shell-1.7.2.jar
     [loader.0] file:/C:/Users/Julian/Documents/NetBeansProjects/Kompetenzmanager/gwt/KompetenzManager/war/WEB-INF/lib/datanucleus-core-1.1.5.jar
     [loader.0] file:/C:/Users/Julian/Documents/NetBeansProjects/Kompetenzmanager/gwt/KompetenzManager/war/WEB-INF/lib/gwt-servlet.jar
     [bootstrap] C:\Program Files\Java\jdk1.6.0_24\jre\lib\jsse.jar
     [bootstrap] C:\Program Files\Java\jdk1.6.0_24\jre\lib\charsets.jar
     [classpath] C:\Program Files\eclipse\eclipse\plugins\com.google.appengine.eclipse.sdkbundle_1.5.0.r36v201105092302\appengine-java-sdk-1.5.0\lib\user\orm\geronimo-jta_1.1_spec-1.1.1.jar
     [classpath] C:\Program Files\eclipse\eclipse\plugins\com.google.appengine.eclipse.sdkbundle_1.5.0.r36v201105092302\appengine-java-sdk-1.5.0\lib\shared\jsp\repackaged-appengine-ant-1.7.1.jar
     [classpath + loader.0] file:/C:/Users/Julian/Documents/NetBeansProjects/Kompetenzmanager/gwt/KompetenzManager/war/WEB-INF/lib/raphaelgwt-1.0.0.jar
     [loader.0] file:/C:/Users/Julian/Documents/NetBeansProjects/Kompetenzmanager/gwt/KompetenzManager/war/WEB-INF/lib/appengine-api-labs-1.5.0.jar
     [loader.0] file:/C:/Users/Julian/Documents/NetBeansProjects/Kompetenzmanager/gwt/KompetenzManager/war/WEB-INF/lib/jsr107cache-1.1.jar
     [classpath] C:\Users\Julian\Documents\NetBeansProjects\Kompetenzmanager\gwt\KompetenzManager\test-classes
     [classpath + loader.0] file:/C:/Users/Julian/Documents/NetBeansProjects/Kompetenzmanager/gwt/KompetenzManager/war/WEB-INF/lib/neo4j-kernel-1.7.2.jar
     [classpath + loader.0] file:/C:/Users/Julian/Documents/NetBeansProjects/Kompetenzmanager/gwt/KompetenzManager/war/WEB-INF/lib/neo4j-lucene-index-1.7.2.jar
     [classpath + loader.0] file:/C:/Users/Julian/Documents/NetBeansProjects/Kompetenzmanager/gwt/KompetenzManager/war/WEB-INF/lib/neo4j-cypher-1.7.2.jar
     [classpath] C:\Program Files\eclipse\eclipse\plugins\com.google.appengine.eclipse.sdkbundle_1.5.0.r36v201105092302\appengine-java-sdk-1.5.0\lib\shared\jsp\repackaged-appengine-tomcat-juli-6.0.29.jar
     [classpath + loader.0] file:/C:/Users/Julian/Documents/NetBeansProjects/Kompetenzmanager/gwt/KompetenzManager/war/WEB-INF/lib/scala-library-2.9.0-1.jar
     [classpath] C:\Users\Julian\Documents\NetBeansProjects\Kompetenzmanager\gwt\KompetenzManager\lib\neo4j-community-1.7.2\lib\geronimo-jta_1.1_spec-1.1.1.jar
     [classpath] C:\Program Files\eclipse\eclipse\plugins\com.google.gwt.eclipse.sdkbundle_2.3.0.r36v201104261928\gwt-2.3.0\gwt-user.jar
     [classpath] C:\Program Files\eclipse\eclipse\plugins\com.google.appengine.eclipse.sdkbundle_1.5.0.r36v201105092302\appengine-java-sdk-1.5.0\lib\shared\jsp\repackaged-appengine-jasper-el-6.0.29.jar
     [classpath] C:\Program Files\eclipse\eclipse\plugins\org.junit_4.8.1.v4_8_1_v20100427-1100\junit.jar
     [classpath] C:\Program Files\eclipse\eclipse\plugins\com.google.appengine.eclipse.sdkbundle_1.5.0.r36v201105092302\appengine-java-sdk-1.5.0\lib\shared\servlet-api.jar
     [classpath] C:\Program Files\eclipse\eclipse\plugins\com.google.appengine.eclipse.sdkbundle_1.5.0.r36v201105092302\appengine-java-sdk-1.5.0\lib\shared\jsp\repackaged-appengine-jasper-6.0.29.jar
     [classpath + loader.0] file:/C:/Users/Julian/Documents/NetBeansProjects/Kompetenzmanager/gwt/KompetenzManager/war/WEB-INF/lib/neo4j-graph-algo-1.7.2.jar
     [classpath + loader.0] file:/C:/Users/Julian/Documents/NetBeansProjects/Kompetenzmanager/gwt/KompetenzManager/war/WEB-INF/lib/neo4j-udc-1.7.2.jar
     [classpath] C:\Program Files\eclipse\eclipse\plugins\com.google.appengine.eclipse.sdkbundle_1.5.0.r36v201105092302\appengine-java-sdk-1.5.0\lib\user\orm\jdo2-api-2.3-eb.jar
     [classpath] C:\Program Files\eclipse\eclipse\plugins\com.google.appengine.eclipse.sdkbundle_1.5.0.r36v201105092302\appengine-java-sdk-1.5.0\lib\user\orm\geronimo-jpa_3.0_spec-1.1.1.jar
     [classpath] C:\Program Files\eclipse\eclipse\plugins\com.google.gwt.eclipse.sdkbundle_2.3.0.r36v201104261928\gwt-2.3.0\validation-api-1.0.0.GA-sources.jar
     [bootstrap] C:\Program Files\Java\jdk1.6.0_24\jre\lib\sunrsasign.jar
     [bootstrap] C:\Program Files\Java\jdk1.6.0_24\jre\lib\jce.jar
     [classpath + loader.0] file:/C:/Users/Julian/Documents/NetBeansProjects/Kompetenzmanager/gwt/KompetenzManager/war/WEB-INF/lib/rapahel4gwt-0.34.jar
     [classpath + loader.0] file:/C:/Users/Julian/Documents/NetBeansProjects/Kompetenzmanager/gwt/KompetenzManager/war/WEB-INF/lib/lucene-core-3.5.0.jar
     [classpath] C:\Program Files\eclipse\eclipse\plugins\com.google.appengine.eclipse.sdkbundle_1.5.0.r36v201105092302\appengine-java-sdk-1.5.0\lib\shared\jsp-api.jar
     [classpath + loader.0] file:/C:/Users/Julian/Documents/NetBeansProjects/Kompetenzmanager/gwt/KompetenzManager/war/WEB-INF/lib/neo4j-graph-matching-1.7.2.jar
     [classpath + loader.0] file:/C:/Users/Julian/Documents/NetBeansProjects/Kompetenzmanager/gwt/KompetenzManager/war/WEB-INF/lib/neo4j-jmx-1.7.2.jar
     [classpath + loader.0] file:/C:/Users/Julian/Documents/NetBeansProjects/Kompetenzmanager/gwt/KompetenzManager/war/WEB-INF/lib/server-api-1.7.2.jar
     [classpath + loader.0] file:/C:/Users/Julian/Documents/NetBeansProjects/Kompetenzmanager/gwt/KompetenzManager/war/WEB-INF/lib/geronimo-jta_1.1_spec-1.1.1.jar
     [classpath + loader.0] file:/C:/Users/Julian/Documents/NetBeansProjects/Kompetenzmanager/gwt/KompetenzManager/war/WEB-INF/lib/neo4j-community-1.7.2.jar
     [classpath] C:\Program Files\eclipse\eclipse\plugins\com.google.gwt.eclipse.sdkbundle_2.3.0.r36v201104261928\gwt-2.3.0\validation-api-1.0.0.GA.jar
     [classpath] C:\Program Files\eclipse\eclipse\plugins\org.hamcrest.core_1.1.0.v20090501071000.jar
     [bootstrap] C:\Program Files\Java\jdk1.6.0_24\jre\lib\modules\jdk.boot.jar
2012-09-10 11:51:47.376+0000: Library path:
    C:\Program Files\Java\jdk1.6.0_24\bin
    C:\Users\Julian\Documents\NetBeansProjects\Kompetenzmanager\gwt\KompetenzManager\war
    C:\Windows\Sun\Java\bin
    C:\Windows\System32
    C:\Windows
    C:\Program Files (x86)\MiKTeX 2.8\miktex\bin
    C:\Program Files\Common Files\Microsoft Shared\Windows Live
    C:\Program Files (x86)\Common Files\microsoft shared\Windows Live
    C:\Windows\System32
    C:\Windows
    C:\Windows\System32\wbem
    C:\Windows\System32\WindowsPowerShell\v1.0
    C:\Program Files\ThinkPad\Bluetooth Software
    C:\Program Files\ThinkPad\Bluetooth Software\syswow64
    C:\Program Files\Intel\WiFi\bin
    C:\Program Files\Common Files\Intel\WirelessCommon
    C:\Program Files (x86)\Common Files\Lenovo
    C:\Program Files (x86)\Lenovo\Access Connections
    C:\Program Files (x86)\Windows Live\Shared
    C:\Program Files\Common Files\Lenovo
    C:\Program Files (x86)\Lenovo\Client Security Solution
    C:\Program Files\Lenovo\Client Security Solution
    C:\Program Files (x86)\Subversion\bin
    C:\Program Files\MySQL\MySQL Server 5.5\bin
    C:\Program Files\Java\jdk1.6.0_24\bin
    C:\Program Files\Java\jre6\bin
    C:\Program Files (x86)\Microsoft SQL Server\100\Tools\Binn
    C:\Program Files\Microsoft SQL Server\100\Tools\Binn
    C:\Program Files\Microsoft SQL Server\100\DTS\Binn
    C:\Program Files\Java\jdk1.6.0_24\bin
    C:\Program Files (x86)\Git\cmd
    C:\Program Files (x86)\Git\bin
    C:\Program Files\TortoiseSVN\bin
    C:\Program Files\TortoiseHg
    C:\Users\Julian\.netbeans\7.0\maven\bin
    C:\Users\Julian\Software\scala-2.9.1.final\scala-2.9.1.final\bin
    C:\Users\Julian\Software\apache-ant-1.8.2\bin
    C:\Program Files (x86)\Android\android-sdk\platform-tools
    C:\Ruby187\bin
    C:\Program Files (x86)\glassfish-3.1.1\glassfish\bin
    C:\Users\Julian\Software\xampp\php
2012-09-10 11:51:47.396+0000: System.properties:
    sun.boot.library.path = C:\Program Files\Java\jdk1.6.0_24\jre\bin
    path.separator = ;
    file.encoding.pkg = sun.io
    sun.java.launcher = SUN_STANDARD
    user.country = DE
    sun.os.patch.level = Service Pack 1
    user.dir = C:\Users\Julian\Documents\NetBeansProjects\Kompetenzmanager\gwt\KompetenzManager\war
    org.mortbay.log.class = com.google.gwt.dev.shell.jetty.JettyNullLogger
    user.variant = 
    sun.jnu.encoding = Cp1252
    sun.management.compiler = HotSpot 64-Bit Server Compiler
    user.home = C:\Users\Julian
    user.timezone = Europe/Berlin
    file.encoding = Cp1252
    org.mortbay.xml.XmlParser.Validating = false
    build.compiler = org.eclipse.jdt.core.JDTCompilerAdapter
    user.name = Julian
    sun.arch.data.model = 64
    user.language = de
    awt.toolkit = sun.awt.windows.WToolkit
    file.separator = \
    sun.io.unicode.encoding = UnicodeLittle
    sun.cpu.endian = little
    sun.desktop = windows
    sun.cpu.isalist = amd64
2012-09-10 11:51:47.397+0000: --- STARTUP diagnostics END ---
2012-09-10 11:51:47.468+0000: Extension org.neo4j.kernel.KernelExtension[kernel jmx] loaded ok
2012-09-10 11:51:47.474+0000: Extension org.neo4j.kernel.KernelExtension[shell] loaded ok
2012-09-10 11:51:47.529+0000: Extension org.neo4j.kernel.KernelExtension[kernel udc] loaded ok
2012-09-10 11:51:47.542+0000: --- STARTUP diagnostics for KernelDiagnostics:Versions START ---
2012-09-10 11:51:47.542+0000: Graph Database: org.neo4j.kernel.EmbeddedGraphDatabase StoreId[time:1347277906778, id:3260755464005865929, store version: 13561656364791302]
2012-09-10 11:51:47.543+0000: Kernel version: Neo4j - Graph Database Kernel 1.7.2
2012-09-10 11:51:47.543+0000: Neo4j component versions:
2012-09-10 11:51:47.544+0000:   Neo4j - Graph Database Kernel 1.7.2
2012-09-10 11:51:47.544+0000: --- STARTUP diagnostics for KernelDiagnostics:Versions END ---
2012-09-10 11:51:47.547+0000: --- STARTUP diagnostics for NEO_STORE_VERSIONS START ---
2012-09-10 11:51:47.548+0000: Store versions:
    Store versions:
      NeoStore v0.A.0
      NodeStore v0.A.0
      RelationshipStore v0.A.0
      RelationshipTypeStore v0.A.0
      PropertyStore v0.A.0
      PropertyIndexStore v0.A.0
      StringPropertyStore v0.A.0
      ArrayPropertyStore v0.A.0
2012-09-10 11:51:47.549+0000: --- STARTUP diagnostics for NEO_STORE_VERSIONS END ---
2012-09-10 11:51:47.549+0000: --- STARTUP diagnostics for NEO_STORE_ID_USAGE START ---
2012-09-10 11:51:47.549+0000: Id usage:
    Id usage:
      NodeStore: used=1 high=0
      RelationshipStore: used=0 high=-1
      RelationshipTypeStore: used=0 high=-1
      PropertyStore: used=0 high=-1
      PropertyIndexStore: used=0 high=-1
      StringPropertyStore: used=1 high=0
      ArrayPropertyStore: used=1 high=0
2012-09-10 11:51:47.550+0000: --- STARTUP diagnostics for NEO_STORE_ID_USAGE END ---
2012-09-10 11:51:47.551+0000: --- STARTUP diagnostics for KernelDiagnostics:StoreFiles START ---
2012-09-10 11:51:47.551+0000: Storage files:
    active_tx_log: 11,00 B
    index:
      lucene-store.db: 40,00 B
      lucene.log.1: 16,00 B
      lucene.log.active: 4,00 B
    - Total: 60,00 B
    lock: 0,00 B
    messages.log: 17,68 kB
    neostore: 54,00 B
    neostore.id: 9,00 B
    neostore.nodestore.db: 9,00 B
    neostore.nodestore.db.id: 9,00 B
    neostore.propertystore.db: 0,00 B
    neostore.propertystore.db.arrays: 128,00 B
    neostore.propertystore.db.arrays.id: 9,00 B
    neostore.propertystore.db.id: 9,00 B
    neostore.propertystore.db.index: 0,00 B
    neostore.propertystore.db.index.id: 9,00 B
    neostore.propertystore.db.index.keys: 38,00 B
    neostore.propertystore.db.index.keys.id: 9,00 B
    neostore.propertystore.db.strings: 128,00 B
    neostore.propertystore.db.strings.id: 9,00 B
    neostore.relationshipstore.db: 0,00 B
    neostore.relationshipstore.db.id: 9,00 B
    neostore.relationshiptypestore.db: 0,00 B
    neostore.relationshiptypestore.db.id: 9,00 B
    neostore.relationshiptypestore.db.names: 38,00 B
    neostore.relationshiptypestore.db.names.id: 9,00 B
    nioneo_logical.log.1: 16,00 B
    nioneo_logical.log.active: 4,00 B
    tm_tx_log.1: 0,00 B
2012-09-10 11:54:42.985+0000: C:\Users\Julian\Documents\NetBeansProjects\Kompetenzmanager\gwt\KompetenzManager\war\database\store\store2\neostore.relationshiptypestore.db.names non clean shutdown detected
2012-09-10 11:54:43.000+0000: C:\Users\Julian\Documents\NetBeansProjects\Kompetenzmanager\gwt\KompetenzManager\war\database\store\store2\neostore.relationshiptypestore.db non clean shutdown detected
2012-09-10 11:54:43.008+0000: C:\Users\Julian\Documents\NetBeansProjects\Kompetenzmanager\gwt\KompetenzManager\war\database\store\store2\neostore.propertystore.db.strings non clean shutdown detected
2012-09-10 11:54:43.014+0000: C:\Users\Julian\Documents\NetBeansProjects\Kompetenzmanager\gwt\KompetenzManager\war\database\store\store2\neostore.propertystore.db.index.keys non clean shutdown detected
2012-09-10 11:54:43.019+0000: C:\Users\Julian\Documents\NetBeansProjects\Kompetenzmanager\gwt\KompetenzManager\war\database\store\store2\neostore.propertystore.db.index non clean shutdown detected
2012-09-10 11:54:43.030+0000: C:\Users\Julian\Documents\NetBeansProjects\Kompetenzmanager\gwt\KompetenzManager\war\database\store\store2\neostore.propertystore.db.arrays non clean shutdown detected
2012-09-10 11:54:43.046+0000: C:\Users\Julian\Documents\NetBeansProjects\Kompetenzmanager\gwt\KompetenzManager\war\database\store\store2\neostore.propertystore.db non clean shutdown detected
2012-09-10 11:54:43.054+0000: C:\Users\Julian\Documents\NetBeansProjects\Kompetenzmanager\gwt\KompetenzManager\war\database\store\store2\neostore.relationshipstore.db non clean shutdown detected
2012-09-10 11:54:43.063+0000: C:\Users\Julian\Documents\NetBeansProjects\Kompetenzmanager\gwt\KompetenzManager\war\database\store\store2\neostore.nodestore.db non clean shutdown detected
2012-09-10 11:54:43.101+0000: C:\Users\Julian\Documents\NetBeansProjects\Kompetenzmanager\gwt\KompetenzManager\war\database\store\store2\neostore.relationshiptypestore.db.names non clean shutdown detected
2012-09-10 11:54:43.107+0000: C:\Users\Julian\Documents\NetBeansProjects\Kompetenzmanager\gwt\KompetenzManager\war\database\store\store2\neostore.relationshiptypestore.db non clean shutdown detected
2012-09-10 11:54:43.119+0000: C:\Users\Julian\Documents\NetBeansProjects\Kompetenzmanager\gwt\KompetenzManager\war\database\store\store2\neostore.propertystore.db.strings non clean shutdown detected
2012-09-10 11:54:43.130+0000: C:\Users\Julian\Documents\NetBeansProjects\Kompetenzmanager\gwt\KompetenzManager\war\database\store\store2\neostore.propertystore.db.index.keys non clean shutdown detected
2012-09-10 11:54:43.134+0000: C:\Users\Julian\Documents\NetBeansProjects\Kompetenzmanager\gwt\KompetenzManager\war\database\store\store2\neostore.propertystore.db.index non clean shutdown detected
2012-09-10 11:54:43.144+0000: C:\Users\Julian\Documents\NetBeansProjects\Kompetenzmanager\gwt\KompetenzManager\war\database\store\store2\neostore.propertystore.db.arrays non clean shutdown detected
2012-09-10 11:54:43.150+0000: C:\Users\Julian\Documents\NetBeansProjects\Kompetenzmanager\gwt\KompetenzManager\war\database\store\store2\neostore.propertystore.db non clean shutdown detected
2012-09-10 11:54:43.154+0000: C:\Users\Julian\Documents\NetBeansProjects\Kompetenzmanager\gwt\KompetenzManager\war\database\store\store2\neostore.relationshipstore.db non clean shutdown detected
2012-09-10 11:54:43.159+0000: C:\Users\Julian\Documents\NetBeansProjects\Kompetenzmanager\gwt\KompetenzManager\war\database\store\store2\neostore.nodestore.db non clean shutdown detected
2012-09-10 11:55:39.057+0000: C:\Users\Julian\Documents\NetBeansProjects\Kompetenzmanager\gwt\KompetenzManager\war\database\store\store2\neostore.relationshiptypestore.db.names non clean shutdown detected
2012-09-10 11:55:39.074+0000: C:\Users\Julian\Documents\NetBeansProjects\Kompetenzmanager\gwt\KompetenzManager\war\database\store\store2\neostore.relationshiptypestore.db non clean shutdown detected
2012-09-10 11:55:39.075+0000: C:\Users\Julian\Documents\NetBeansProjects\Kompetenzmanager\gwt\KompetenzManager\war\database\store\store2\neostore.propertystore.db.strings non clean shutdown detected
2012-09-10 11:55:39.077+0000: C:\Users\Julian\Documents\NetBeansProjects\Kompetenzmanager\gwt\KompetenzManager\war\database\store\store2\neostore.propertystore.db.index.keys non clean shutdown detected
2012-09-10 11:55:39.082+0000: C:\Users\Julian\Documents\NetBeansProjects\Kompetenzmanager\gwt\KompetenzManager\war\database\store\store2\neostore.propertystore.db.index non clean shutdown detected
2012-09-10 11:55:39.086+0000: C:\Users\Julian\Documents\NetBeansProjects\Kompetenzmanager\gwt\KompetenzManager\war\database\store\store2\neostore.propertystore.db.arrays non clean shutdown detected
2012-09-10 11:55:39.101+0000: C:\Users\Julian\Documents\NetBeansProjects\Kompetenzmanager\gwt\KompetenzManager\war\database\store\store2\neostore.propertystore.db non clean shutdown detected
2012-09-10 11:55:39.107+0000: C:\Users\Julian\Documents\NetBeansProjects\Kompetenzmanager\gwt\KompetenzManager\war\database\store\store2\neostore.relationshipstore.db non clean shutdown detected
2012-09-10 11:55:39.112+0000: C:\Users\Julian\Documents\NetBeansProjects\Kompetenzmanager\gwt\KompetenzManager\war\database\store\store2\neostore.nodestore.db non clean shutdown detected
2012-09-10 11:55:39.123+0000: C:\Users\Julian\Documents\NetBeansProjects\Kompetenzmanager\gwt\KompetenzManager\war\database\store\store2\neostore non clean shutdown detected
2012-09-10 11:55:39.152+0000: Non clean shutdown detected on log [C:\Users\Julian\Documents\NetBeansProjects\Kompetenzmanager\gwt\KompetenzManager\war\database\store\store2\nioneo_logical.log.1]. Recovery started ...
2012-09-10 11:55:39.159+0000: [C:\Users\Julian\Documents\NetBeansProjects\Kompetenzmanager\gwt\KompetenzManager\war\database\store\store2\nioneo_logical.log.1] logVersion=0 with committed tx=1
2012-09-10 11:55:39.199+0000: [C:\Users\Julian\Documents\NetBeansProjects\Kompetenzmanager\gwt\KompetenzManager\war\database\store\store2\nioneo_logical.log.1] entries found=48 lastEntryPos=2372
2012-09-10 11:55:39.200+0000: Internal recovery completed, scanned 48 log entries. Recovered 5 transactions. Last tx recovered: 6
2012-09-10 11:55:39.200+0000: XaResourceManager[C:\Users\Julian\Documents\NetBeansProjects\Kompetenzmanager\gwt\KompetenzManager\war\database\store\store2\nioneo_logical.log] sorting 1 xids
2012-09-10 11:55:39.202+0000: XaResourceManager[C:\Users\Julian\Documents\NetBeansProjects\Kompetenzmanager\gwt\KompetenzManager\war\database\store\store2\nioneo_logical.log] checkRecoveryComplete 0 xids
2012-09-10 11:55:39.235+0000: C:\Users\Julian\Documents\NetBeansProjects\Kompetenzmanager\gwt\KompetenzManager\war\database\store\store2\neostore.relationshiptypestore.db.names rebuild id generator, highId=2 defragged count=0
2012-09-10 11:55:39.280+0000: C:\Users\Julian\Documents\NetBeansProjects\Kompetenzmanager\gwt\KompetenzManager\war\database\store\store2\neostore.propertystore.db.index.keys rebuild id generator, highId=4 defragged count=0
2012-09-10 11:55:39.336+0000: C:\Users\Julian\Documents\NetBeansProjects\Kompetenzmanager\gwt\KompetenzManager\war\database\store\store2\neostore.propertystore.db.index rebuild id generator, highId=3 defragged count=0
2012-09-10 11:55:39.358+0000: C:\Users\Julian\Documents\NetBeansProjects\Kompetenzmanager\gwt\KompetenzManager\war\database\store\store2\neostore.propertystore.db.strings rebuild id generator, highId=1 defragged count=0
2012-09-10 11:55:39.381+0000: C:\Users\Julian\Documents\NetBeansProjects\Kompetenzmanager\gwt\KompetenzManager\war\database\store\store2\neostore.propertystore.db.arrays rebuild id generator, highId=1 defragged count=0
2012-09-10 11:55:39.638+0000: C:\Users\Julian\Documents\NetBeansProjects\Kompetenzmanager\gwt\KompetenzManager\war\database\store\store2\neostore.propertystore.db rebuild id generator, highId=11 defragged count=0
2012-09-10 11:55:39.821+0000: C:\Users\Julian\Documents\NetBeansProjects\Kompetenzmanager\gwt\KompetenzManager\war\database\store\store2\neostore.relationshipstore.db rebuild id generator, highId=4 defragged count=0
2012-09-10 11:55:39.856+0000: C:\Users\Julian\Documents\NetBeansProjects\Kompetenzmanager\gwt\KompetenzManager\war\database\store\store2\neostore.nodestore.db rebuild id generator, highId=6 defragged count=0
2012-09-10 11:55:39.878+0000: C:\Users\Julian\Documents\NetBeansProjects\Kompetenzmanager\gwt\KompetenzManager\war\database\store\store2\neostore rebuild id generator, highId=6 defragged count=0
2012-09-10 11:55:39.887+0000: XaResourceManager[C:\Users\Julian\Documents\NetBeansProjects\Kompetenzmanager\gwt\KompetenzManager\war\database\store\store2\nioneo_logical.log] recovery completed.
2012-09-10 11:55:39.887+0000: Recovery on log [C:\Users\Julian\Documents\NetBeansProjects\Kompetenzmanager\gwt\KompetenzManager\war\database\store\store2\nioneo_logical.log.1] completed.
2012-09-10 11:55:39.899+0000: TM opening log: C:\Users\Julian\Documents\NetBeansProjects\Kompetenzmanager\gwt\KompetenzManager\war\database\store\store2\tm_tx_log.1
2012-09-10 11:55:39.941+0000: Non clean shutdown detected on log [C:\Users\Julian\Documents\NetBeansProjects\Kompetenzmanager\gwt\KompetenzManager\war\database\store\store2\index\lucene.log.1]. Recovery started ...
2012-09-10 11:55:39.942+0000: [C:\Users\Julian\Documents\NetBeansProjects\Kompetenzmanager\gwt\KompetenzManager\war\database\store\store2\index\lucene.log.1] logVersion=0 with committed tx=1
2012-09-10 11:55:40.538+0000: [C:\Users\Julian\Documents\NetBeansProjects\Kompetenzmanager\gwt\KompetenzManager\war\database\store\store2\index\lucene.log.1] entries found=24 lastEntryPos=972
2012-09-10 11:55:40.539+0000: Internal recovery completed, scanned 24 log entries. Recovered 5 transactions. Last tx recovered: 6
2012-09-10 11:55:40.539+0000: XaResourceManager[C:\Users\Julian\Documents\NetBeansProjects\Kompetenzmanager\gwt\KompetenzManager\war\database\store\store2\index\lucene.log] sorting 1 xids
2012-09-10 11:55:40.540+0000: XaResourceManager[C:\Users\Julian\Documents\NetBeansProjects\Kompetenzmanager\gwt\KompetenzManager\war\database\store\store2\index\lucene.log] checkRecoveryComplete 0 xids
2012-09-10 11:55:40.540+0000: XaResourceManager[C:\Users\Julian\Documents\NetBeansProjects\Kompetenzmanager\gwt\KompetenzManager\war\database\store\store2\index\lucene.log] recovery completed.
2012-09-10 11:55:40.540+0000: Recovery on log [C:\Users\Julian\Documents\NetBeansProjects\Kompetenzmanager\gwt\KompetenzManager\war\database\store\store2\index\lucene.log.1] completed.
2012-09-10 11:55:40.543+0000: --- STARTUP diagnostics START ---
2012-09-10 11:55:40.544+0000: Neo4j Kernel properties:
    store_dir=C:\Users\Julian\Documents\NetBeansProjects\Kompetenzmanager\gwt\KompetenzManager\war\database\store\store2
    remote_logging_host=127.0.0.1
    read_only=false
    neo4j.ext.udc.host=udc.neo4j.org
    logical_log=C:\Users\Julian\Documents\NetBeansProjects\Kompetenzmanager\gwt\KompetenzManager\war\database\store\store2\nioneo_logical.log
    remote_logging_port=4560
    gc_monitor_threshold=200ms
    load_kernel_extensions=true
    array_block_size=120
    intercept_committing_transactions=false
    node_auto_indexing=false
    neostore.relationshipstore.db.mapped_memory=34M
    remote_shell_name=shell
    dump_configuration=false
    gc_monitor_wait_time=100ms
    cache_type=soft
    intercept_deserialized_transactions=false
    neostore.nodestore.db.mapped_memory=7M
    neo4j.ext.udc.first_delay=600000
    remote_shell_enabled=false
    neo4j.ext.udc.reg=unreg
    remote_shell_port=1337
    lucene_searcher_cache_size=2147483647
    neo4j.ext.udc.interval=86400000
    use_memory_mapped_buffers=false
    rebuild_idgenerators_fast=true
    ephemeral=false
    neostore.propertystore.db.index.keys.mapped_memory=1M
    neostore.propertystore.db.arrays.mapped_memory=27M
    neostore.propertystore.db.strings.mapped_memory=23M
    neo_store=C:\Users\Julian\Documents\NetBeansProjects\Kompetenzmanager\gwt\KompetenzManager\war\database\store\store2\neostore
    neostore.propertystore.db.index.mapped_memory=1M
    backup_slave=false
    neostore.propertystore.db.mapped_memory=27M
    gcr_cache_min_log_interval=60s
    relationship_auto_indexing=false
    relationship_grab_size=100
    string_block_size=120
    remote_shell_read_only=false
    grab_file_lock=true
    node_cache_array_fraction=1.0
    remote_logging_enabled=false
    allow_store_upgrade=false
    execution_guard_enabled=false
    neo4j.ext.udc.enabled=true
    relationship_cache_array_fraction=1.0
2012-09-10 11:55:40.549+0000: Diagnostics providers:
    org.neo4j.kernel.configuration.Config
    org.neo4j.kernel.info.DiagnosticsManager
    SYSTEM_MEMORY
    JAVA_MEMORY
    OPERATING_SYSTEM
    JAVA_VIRTUAL_MACHINE
    CLASSPATH
    LIBRARY_PATH
    SYSTEM_PROPERTIES
2012-09-10 11:55:40.550+0000: System memory information:
    Total Physical memory: 3,80 GB
    Free Physical memory: 845,66 MB
    Committed virtual memory: 475,71 MB
    Total swap space: 7,60 GB
    Free swap space: 3,24 GB
2012-09-10 11:55:40.554+0000: JVM memory information:
    Free  memory: 126,56 MB
    Total memory: 288,00 MB
    Max   memory: 455,13 MB
    Garbage Collector: PS Scavenge: [PS Eden Space, PS Survivor Space]
    Garbage Collector: PS MarkSweep: [PS Eden Space, PS Survivor Space, PS Old Gen, PS Perm Gen]
    Memory Pool: Code Cache (Non-heap memory): committed=6,06 MB, used=5,91 MB, max=48,00 MB, threshold=0,00 B
    Memory Pool: PS Eden Space (Heap memory): committed=62,44 MB, used=53,83 MB, max=71,88 MB, threshold=?
    Memory Pool: PS Survivor Space (Heap memory): committed=48,50 MB, used=16,10 MB, max=48,50 MB, threshold=?
    Memory Pool: PS Old Gen (Heap memory): committed=177,06 MB, used=91,50 MB, max=341,38 MB, threshold=0,00 B
    Memory Pool: PS Perm Gen (Non-heap memory): committed=39,50 MB, used=35,74 MB, max=82,00 MB, threshold=0,00 B
2012-09-10 11:55:40.561+0000: Operating system information:
    Operating System: Windows 7; version: 6.1; arch: amd64; cpus: 4
    Process id: 12204@Julian-THINK
    Byte order: LITTLE_ENDIAN
2012-09-10 11:55:40.563+0000: JVM information:
    VM Name: Java HotSpot(TM) 64-Bit Server VM
    VM Vendor: Sun Microsystems Inc.
    VM Version: 19.1-b02
    JIT compiler: HotSpot 64-Bit Server Compiler
    VM Arguments: [-Xmx512m, -Dfile.encoding=Cp1252]
2012-09-10 11:55:40.565+0000: Java classpath:
     [classpath] C:\Program Files\eclipse\eclipse\plugins\com.google.appengine.eclipse.sdkbundle_1.5.0.r36v201105092302\appengine-java-sdk-1.5.0\lib\user\orm\datanucleus-jpa-1.1.5.jar
     [classpath] C:\Program Files\eclipse\eclipse\plugins\com.google.appengine.eclipse.sdkbundle_1.5.0.r36v201105092302\appengine-java-sdk-1.5.0\lib\user\orm\datanucleus-appengine-1.0.8.final.jar
     [classpath] C:\Program Files\eclipse\eclipse\plugins\com.google.appengine.eclipse.sdkbundle_1.5.0.r36v201105092302\appengine-java-sdk-1.5.0\lib\user\jsr107cache-1.1.jar
     [classpath] C:\Program Files\eclipse\eclipse\plugins\com.google.appengine.eclipse.sdkbundle_1.5.0.r36v201105092302\appengine-java-sdk-1.5.0\lib\shared\jsp\repackaged-appengine-ant-launcher-1.7.1.jar
     [classpath] C:\Users\Julian\Documents\NetBeansProjects\Kompetenzmanager\gwt\KompetenzManager\src
     [classpath] C:\Program Files\eclipse\eclipse\plugins\com.google.appengine.eclipse.sdkbundle_1.5.0.r36v201105092302\appengine-java-sdk-1.5.0\lib\user\orm\datanucleus-core-1.1.5.jar
     [classpath + loader.0] file:/C:/Users/Julian/Documents/NetBeansProjects/Kompetenzmanager/gwt/KompetenzManager/war/WEB-INF/lib/gwt-incubator-20101117-r1766.jar
     [loader.0] file:/C:/Users/Julian/Documents/NetBeansProjects/Kompetenzmanager/gwt/KompetenzManager/war/WEB-INF/lib/appengine-jsr107cache-1.5.0.jar
     [classpath + loader.0] file:/C:/Users/Julian/Documents/NetBeansProjects/Kompetenzmanager/gwt/KompetenzManager/war/WEB-INF/classes/
     [classpath] C:\Program Files\eclipse\eclipse\plugins\com.google.appengine.eclipse.sdkbundle_1.5.0.r36v201105092302\appengine-java-sdk-1.5.0\lib\shared\el-api.jar
     [loader.0] file:/C:/Users/Julian/Documents/NetBeansProjects/Kompetenzmanager/gwt/KompetenzManager/war/WEB-INF/lib/datanucleus-appengine-1.0.8.final.jar
     [bootstrap] C:\Program Files\Java\jdk1.6.0_24\jre\classes
     [bootstrap] C:\Program Files\Java\jdk1.6.0_24\jre\lib\resources.jar
     [loader.0] file:/C:/Users/Julian/Documents/NetBeansProjects/Kompetenzmanager/gwt/KompetenzManager/war/WEB-INF/lib/appengine-api-1.0-sdk-1.5.0.jar
     [loader.0] file:/C:/Users/Julian/Documents/NetBeansProjects/Kompetenzmanager/gwt/KompetenzManager/war/WEB-INF/lib/jdo2-api-2.3-eb.jar
     [loader.0] file:/C:/Users/Julian/Documents/NetBeansProjects/Kompetenzmanager/gwt/KompetenzManager/war/WEB-INF/lib/geronimo-jpa_3.0_spec-1.1.1.jar
     [classpath] C:\Program Files\eclipse\eclipse\plugins\com.google.gwt.eclipse.sdkbundle_2.3.0.r36v201104261928\gwt-2.3.0\gwt-dev.jar
     [bootstrap] C:\Program Files\Java\jdk1.6.0_24\jre\lib\rt.jar
     [loader.0] file:/C:/Users/Julian/Documents/NetBeansProjects/Kompetenzmanager/gwt/KompetenzManager/war/WEB-INF/lib/datanucleus-jpa-1.1.5.jar
     [classpath + loader.0] file:/C:/Users/Julian/Documents/NetBeansProjects/Kompetenzmanager/gwt/KompetenzManager/war/WEB-INF/lib/neo4j-shell-1.7.2.jar
     [loader.0] file:/C:/Users/Julian/Documents/NetBeansProjects/Kompetenzmanager/gwt/KompetenzManager/war/WEB-INF/lib/datanucleus-core-1.1.5.jar
     [loader.0] file:/C:/Users/Julian/Documents/NetBeansProjects/Kompetenzmanager/gwt/KompetenzManager/war/WEB-INF/lib/gwt-servlet.jar
     [bootstrap] C:\Program Files\Java\jdk1.6.0_24\jre\lib\jsse.jar
     [bootstrap] C:\Program Files\Java\jdk1.6.0_24\jre\lib\charsets.jar
     [classpath] C:\Program Files\eclipse\eclipse\plugins\com.google.appengine.eclipse.sdkbundle_1.5.0.r36v201105092302\appengine-java-sdk-1.5.0\lib\user\orm\geronimo-jta_1.1_spec-1.1.1.jar
     [classpath] C:\Program Files\eclipse\eclipse\plugins\com.google.appengine.eclipse.sdkbundle_1.5.0.r36v201105092302\appengine-java-sdk-1.5.0\lib\shared\jsp\repackaged-appengine-ant-1.7.1.jar
     [classpath + loader.0] file:/C:/Users/Julian/Documents/NetBeansProjects/Kompetenzmanager/gwt/KompetenzManager/war/WEB-INF/lib/raphaelgwt-1.0.0.jar
     [loader.0] file:/C:/Users/Julian/Documents/NetBeansProjects/Kompetenzmanager/gwt/KompetenzManager/war/WEB-INF/lib/appengine-api-labs-1.5.0.jar
     [loader.0] file:/C:/Users/Julian/Documents/NetBeansProjects/Kompetenzmanager/gwt/KompetenzManager/war/WEB-INF/lib/jsr107cache-1.1.jar
     [classpath] C:\Users\Julian\Documents\NetBeansProjects\Kompetenzmanager\gwt\KompetenzManager\test-classes
     [classpath + loader.0] file:/C:/Users/Julian/Documents/NetBeansProjects/Kompetenzmanager/gwt/KompetenzManager/war/WEB-INF/lib/neo4j-kernel-1.7.2.jar
     [classpath + loader.0] file:/C:/Users/Julian/Documents/NetBeansProjects/Kompetenzmanager/gwt/KompetenzManager/war/WEB-INF/lib/neo4j-lucene-index-1.7.2.jar
     [classpath + loader.0] file:/C:/Users/Julian/Documents/NetBeansProjects/Kompetenzmanager/gwt/KompetenzManager/war/WEB-INF/lib/neo4j-cypher-1.7.2.jar
     [classpath] C:\Program Files\eclipse\eclipse\plugins\com.google.appengine.eclipse.sdkbundle_1.5.0.r36v201105092302\appengine-java-sdk-1.5.0\lib\shared\jsp\repackaged-appengine-tomcat-juli-6.0.29.jar
     [classpath + loader.0] file:/C:/Users/Julian/Documents/NetBeansProjects/Kompetenzmanager/gwt/KompetenzManager/war/WEB-INF/lib/scala-library-2.9.0-1.jar
     [classpath] C:\Users\Julian\Documents\NetBeansProjects\Kompetenzmanager\gwt\KompetenzManager\lib\neo4j-community-1.7.2\lib\geronimo-jta_1.1_spec-1.1.1.jar
     [classpath] C:\Program Files\eclipse\eclipse\plugins\com.google.gwt.eclipse.sdkbundle_2.3.0.r36v201104261928\gwt-2.3.0\gwt-user.jar
     [classpath] C:\Program Files\eclipse\eclipse\plugins\com.google.appengine.eclipse.sdkbundle_1.5.0.r36v201105092302\appengine-java-sdk-1.5.0\lib\shared\jsp\repackaged-appengine-jasper-el-6.0.29.jar
     [classpath] C:\Program Files\eclipse\eclipse\plugins\org.junit_4.8.1.v4_8_1_v20100427-1100\junit.jar
     [classpath] C:\Program Files\eclipse\eclipse\plugins\com.google.appengine.eclipse.sdkbundle_1.5.0.r36v201105092302\appengine-java-sdk-1.5.0\lib\shared\servlet-api.jar
     [classpath] C:\Program Files\eclipse\eclipse\plugins\com.google.appengine.eclipse.sdkbundle_1.5.0.r36v201105092302\appengine-java-sdk-1.5.0\lib\shared\jsp\repackaged-appengine-jasper-6.0.29.jar
     [classpath + loader.0] file:/C:/Users/Julian/Documents/NetBeansProjects/Kompetenzmanager/gwt/KompetenzManager/war/WEB-INF/lib/neo4j-graph-algo-1.7.2.jar
     [classpath + loader.0] file:/C:/Users/Julian/Documents/NetBeansProjects/Kompetenzmanager/gwt/KompetenzManager/war/WEB-INF/lib/neo4j-udc-1.7.2.jar
     [classpath] C:\Program Files\eclipse\eclipse\plugins\com.google.appengine.eclipse.sdkbundle_1.5.0.r36v201105092302\appengine-java-sdk-1.5.0\lib\user\orm\jdo2-api-2.3-eb.jar
     [classpath] C:\Program Files\eclipse\eclipse\plugins\com.google.appengine.eclipse.sdkbundle_1.5.0.r36v201105092302\appengine-java-sdk-1.5.0\lib\user\orm\geronimo-jpa_3.0_spec-1.1.1.jar
     [classpath] C:\Program Files\eclipse\eclipse\plugins\com.google.gwt.eclipse.sdkbundle_2.3.0.r36v201104261928\gwt-2.3.0\validation-api-1.0.0.GA-sources.jar
     [bootstrap] C:\Program Files\Java\jdk1.6.0_24\jre\lib\sunrsasign.jar
     [bootstrap] C:\Program Files\Java\jdk1.6.0_24\jre\lib\jce.jar
     [classpath + loader.0] file:/C:/Users/Julian/Documents/NetBeansProjects/Kompetenzmanager/gwt/KompetenzManager/war/WEB-INF/lib/rapahel4gwt-0.34.jar
     [classpath + loader.0] file:/C:/Users/Julian/Documents/NetBeansProjects/Kompetenzmanager/gwt/KompetenzManager/war/WEB-INF/lib/lucene-core-3.5.0.jar
     [classpath] C:\Program Files\eclipse\eclipse\plugins\com.google.appengine.eclipse.sdkbundle_1.5.0.r36v201105092302\appengine-java-sdk-1.5.0\lib\shared\jsp-api.jar
     [classpath + loader.0] file:/C:/Users/Julian/Documents/NetBeansProjects/Kompetenzmanager/gwt/KompetenzManager/war/WEB-INF/lib/neo4j-graph-matching-1.7.2.jar
     [classpath + loader.0] file:/C:/Users/Julian/Documents/NetBeansProjects/Kompetenzmanager/gwt/KompetenzManager/war/WEB-INF/lib/neo4j-jmx-1.7.2.jar
     [classpath + loader.0] file:/C:/Users/Julian/Documents/NetBeansProjects/Kompetenzmanager/gwt/KompetenzManager/war/WEB-INF/lib/server-api-1.7.2.jar
     [classpath + loader.0] file:/C:/Users/Julian/Documents/NetBeansProjects/Kompetenzmanager/gwt/KompetenzManager/war/WEB-INF/lib/geronimo-jta_1.1_spec-1.1.1.jar
     [classpath + loader.0] file:/C:/Users/Julian/Documents/NetBeansProjects/Kompetenzmanager/gwt/KompetenzManager/war/WEB-INF/lib/neo4j-community-1.7.2.jar
     [classpath] C:\Program Files\eclipse\eclipse\plugins\com.google.gwt.eclipse.sdkbundle_2.3.0.r36v201104261928\gwt-2.3.0\validation-api-1.0.0.GA.jar
     [classpath] C:\Program Files\eclipse\eclipse\plugins\org.hamcrest.core_1.1.0.v20090501071000.jar
     [bootstrap] C:\Program Files\Java\jdk1.6.0_24\jre\lib\modules\jdk.boot.jar
2012-09-10 11:55:40.586+0000: Library path:
    C:\Program Files\Java\jdk1.6.0_24\bin
    C:\Users\Julian\Documents\NetBeansProjects\Kompetenzmanager\gwt\KompetenzManager\war
    C:\Windows\Sun\Java\bin
    C:\Windows\System32
    C:\Windows
    C:\Program Files (x86)\MiKTeX 2.8\miktex\bin
    C:\Program Files\Common Files\Microsoft Shared\Windows Live
    C:\Program Files (x86)\Common Files\microsoft shared\Windows Live
    C:\Windows\System32
    C:\Windows
    C:\Windows\System32\wbem
    C:\Windows\System32\WindowsPowerShell\v1.0
    C:\Program Files\ThinkPad\Bluetooth Software
    C:\Program Files\ThinkPad\Bluetooth Software\syswow64
    C:\Program Files\Intel\WiFi\bin
    C:\Program Files\Common Files\Intel\WirelessCommon
    C:\Program Files (x86)\Common Files\Lenovo
    C:\Program Files (x86)\Lenovo\Access Connections
    C:\Program Files (x86)\Windows Live\Shared
    C:\Program Files\Common Files\Lenovo
    C:\Program Files (x86)\Lenovo\Client Security Solution
    C:\Program Files\Lenovo\Client Security Solution
    C:\Program Files (x86)\Subversion\bin
    C:\Program Files\MySQL\MySQL Server 5.5\bin
    C:\Program Files\Java\jdk1.6.0_24\bin
    C:\Program Files\Java\jre6\bin
    C:\Program Files (x86)\Microsoft SQL Server\100\Tools\Binn
    C:\Program Files\Microsoft SQL Server\100\Tools\Binn
    C:\Program Files\Microsoft SQL Server\100\DTS\Binn
    C:\Program Files\Java\jdk1.6.0_24\bin
    C:\Program Files (x86)\Git\cmd
    C:\Program Files (x86)\Git\bin
    C:\Program Files\TortoiseSVN\bin
    C:\Program Files\TortoiseHg
    C:\Users\Julian\.netbeans\7.0\maven\bin
    C:\Users\Julian\Software\scala-2.9.1.final\scala-2.9.1.final\bin
    C:\Users\Julian\Software\apache-ant-1.8.2\bin
    C:\Program Files (x86)\Android\android-sdk\platform-tools
    C:\Ruby187\bin
    C:\Program Files (x86)\glassfish-3.1.1\glassfish\bin
    C:\Users\Julian\Software\xampp\php
2012-09-10 11:55:40.608+0000: System.properties:
    sun.boot.library.path = C:\Program Files\Java\jdk1.6.0_24\jre\bin
    path.separator = ;
    file.encoding.pkg = sun.io
    sun.java.launcher = SUN_STANDARD
    user.country = DE
    sun.os.patch.level = Service Pack 1
    user.dir = C:\Users\Julian\Documents\NetBeansProjects\Kompetenzmanager\gwt\KompetenzManager\war
    org.mortbay.log.class = com.google.gwt.dev.shell.jetty.JettyNullLogger
    user.variant = 
    sun.jnu.encoding = Cp1252
    sun.management.compiler = HotSpot 64-Bit Server Compiler
    user.home = C:\Users\Julian
    user.timezone = Europe/Berlin
    file.encoding = Cp1252
    org.mortbay.xml.XmlParser.Validating = false
    build.compiler = org.eclipse.jdt.core.JDTCompilerAdapter
    user.name = Julian
    sun.arch.data.model = 64
    user.language = de
    awt.toolkit = sun.awt.windows.WToolkit
    file.separator = \
    sun.io.unicode.encoding = UnicodeLittle
    sun.cpu.endian = little
    sun.desktop = windows
    sun.cpu.isalist = amd64
2012-09-10 11:55:40.609+0000: --- STARTUP diagnostics END ---
2012-09-10 11:55:40.611+0000: TM non resolved transactions found in C:\Users\Julian\Documents\NetBeansProjects\Kompetenzmanager\gwt\KompetenzManager\war\database\store\store2\tm_tx_log.1
2012-09-10 11:55:40.689+0000: Rotating [C:\Users\Julian\Documents\NetBeansProjects\Kompetenzmanager\gwt\KompetenzManager\war\database\store\store2\index\lucene.log.1] @ version=0 to C:\Users\Julian\Documents\NetBeansProjects\Kompetenzmanager\gwt\KompetenzManager\war\database\store\store2\index\lucene.log.2 from position 977
2012-09-10 11:55:40.743+0000: Rotate: old log scanned, newLog @ pos=16
2012-09-10 11:55:40.753+0000: Log rotated, newLog @ pos=16, version 1 and last tx 6
2012-09-10 11:55:40.786+0000: Rotating [C:\Users\Julian\Documents\NetBeansProjects\Kompetenzmanager\gwt\KompetenzManager\war\database\store\store2\nioneo_logical.log.1] @ version=0 to C:\Users\Julian\Documents\NetBeansProjects\Kompetenzmanager\gwt\KompetenzManager\war\database\store\store2\nioneo_logical.log.2 from position 2377
2012-09-10 11:55:40.796+0000: Rotate: old log scanned, newLog @ pos=16
2012-09-10 11:55:40.801+0000: Log rotated, newLog @ pos=16, version 1 and last tx 6
2012-09-10 11:55:40.801+0000: Recovery completed, all transactions have been resolved to a consistent state.
2012-09-10 11:55:40.865+0000: Extension org.neo4j.kernel.KernelExtension[kernel jmx] loaded ok
2012-09-10 11:55:40.866+0000: Extension org.neo4j.kernel.KernelExtension[shell] loaded ok
2012-09-10 11:55:40.912+0000: Extension org.neo4j.kernel.KernelExtension[kernel udc] loaded ok
2012-09-10 11:55:40.917+0000: --- STARTUP diagnostics for KernelDiagnostics:Versions START ---
2012-09-10 11:55:40.918+0000: Graph Database: org.neo4j.kernel.EmbeddedGraphDatabase StoreId[time:1347277906778, id:3260755464005865929, store version: 13561656364791302]
2012-09-10 11:55:40.918+0000: Kernel version: Neo4j - Graph Database Kernel 1.7.2
2012-09-10 11:55:40.918+0000: Neo4j component versions:
2012-09-10 11:55:40.919+0000:   Neo4j - Graph Database Kernel 1.7.2
2012-09-10 11:55:40.919+0000: --- STARTUP diagnostics for KernelDiagnostics:Versions END ---
2012-09-10 11:55:40.922+0000: --- STARTUP diagnostics for NEO_STORE_VERSIONS START ---
2012-09-10 11:55:40.923+0000: Store versions:
    Store versions:
      NeoStore v0.A.0
      NodeStore v0.A.0
      RelationshipStore v0.A.0
      RelationshipTypeStore v0.A.0
      PropertyStore v0.A.0
      PropertyIndexStore v0.A.0
      StringPropertyStore v0.A.0
      ArrayPropertyStore v0.A.0
2012-09-10 11:55:40.924+0000: --- STARTUP diagnostics for NEO_STORE_VERSIONS END ---
2012-09-10 11:55:40.924+0000: --- STARTUP diagnostics for NEO_STORE_ID_USAGE START ---
2012-09-10 11:55:40.924+0000: Id usage:
    Id usage:
      NodeStore: used=6 high=5
      RelationshipStore: used=4 high=3
      RelationshipTypeStore: used=1 high=0
      PropertyStore: used=11 high=10
      PropertyIndexStore: used=3 high=2
      StringPropertyStore: used=1 high=0
      ArrayPropertyStore: used=1 high=0
2012-09-10 11:55:40.925+0000: --- STARTUP diagnostics for NEO_STORE_ID_USAGE END ---
2012-09-10 11:55:40.925+0000: --- STARTUP diagnostics for KernelDiagnostics:StoreFiles START ---
2012-09-10 11:55:40.925+0000: Storage files:
    active_tx_log: 11,00 B
    index:
      lucene:
        node:
          nodes:
            segments.gen: 20,00 B
            segments_1: 868,00 B
            write.lock: 0,00 B
            _0.fdt: 38,00 B
            _0.fdx: 20,00 B
            _0.fnm: 22,00 B
            _0.frq: 4,00 B
            _0.nrm: 8,00 B
            _0.prx: 4,00 B
            _0.tii: 35,00 B
            _0.tis: 68,00 B
            _1.fdt: 25,00 B
            _1.fdx: 12,00 B
            _1.fnm: 22,00 B
            _1.frq: 2,00 B
            _1.nrm: 6,00 B
            _1.prx: 2,00 B
            _1.tii: 35,00 B
            _1.tis: 50,00 B
            _2.fdt: 27,00 B
            _2.fdx: 12,00 B
            _2.fnm: 22,00 B
            _2.frq: 2,00 B
            _2.nrm: 6,00 B
            _2.prx: 2,00 B
            _2.tii: 35,00 B
            _2.tis: 52,00 B
            _3.fdt: 32,00 B
            _3.fdx: 12,00 B
            _3.fnm: 22,00 B
            _3.frq: 2,00 B
            _3.nrm: 6,00 B
            _3.prx: 2,00 B
            _3.tii: 35,00 B
            _3.tis: 57,00 B
          - Total: 1,53 kB
        - Total: 1,53 kB
      - Total: 1,53 kB
      lucene-store.db: 40,00 B
      lucene.log.2: 16,00 B
      lucene.log.active: 4,00 B
    - Total: 1,59 kB
    index.db: 103,00 B
    lock: 0,00 B
    messages.log: 47,77 kB
    neostore: 54,00 B
    neostore.id: 9,00 B
    neostore.nodestore.db: 7,16 kB
    neostore.nodestore.db.id: 9,00 B
    neostore.propertystore.db: 276,47 kB
    neostore.propertystore.db.arrays: 128,00 B
    neostore.propertystore.db.arrays.id: 9,00 B
    neostore.propertystore.db.id: 9,00 B
    neostore.propertystore.db.index: 10,24 kB
    neostore.propertystore.db.index.id: 9,00 B
    neostore.propertystore.db.index.keys: 1,00 kB
    neostore.propertystore.db.index.keys.id: 9,00 B
    neostore.propertystore.db.strings: 128,00 B
    neostore.propertystore.db.strings.id: 9,00 B
    neostore.relationshipstore.db: 348,14 kB
    neostore.relationshipstore.db.id: 9,00 B
    neostore.relationshiptypestore.db: 5,00 B
    neostore.relationshiptypestore.db.id: 9,00 B
    neostore.relationshiptypestore.db.names: 76,00 B
    neostore.relationshiptypestore.db.names.id: 9,00 B
    nioneo_logical.log.2: 16,00 B
    nioneo_logical.log.active: 4,00 B
    tm_tx_log.1: 0,00 B
2012-09-10 11:58:34.018+0000: C:\Users\Julian\Documents\NetBeansProjects\Kompetenzmanager\gwt\KompetenzManager\war\database\store\store2\neostore.relationshiptypestore.db.names non clean shutdown detected
2012-09-10 11:58:34.033+0000: C:\Users\Julian\Documents\NetBeansProjects\Kompetenzmanager\gwt\KompetenzManager\war\database\store\store2\neostore.relationshiptypestore.db non clean shutdown detected
2012-09-10 11:58:34.034+0000: C:\Users\Julian\Documents\NetBeansProjects\Kompetenzmanager\gwt\KompetenzManager\war\database\store\store2\neostore.propertystore.db.strings non clean shutdown detected
2012-09-10 11:58:34.036+0000: C:\Users\Julian\Documents\NetBeansProjects\Kompetenzmanager\gwt\KompetenzManager\war\database\store\store2\neostore.propertystore.db.index.keys non clean shutdown detected
2012-09-10 11:58:34.038+0000: C:\Users\Julian\Documents\NetBeansProjects\Kompetenzmanager\gwt\KompetenzManager\war\database\store\store2\neostore.propertystore.db.index non clean shutdown detected
2012-09-10 11:58:34.041+0000: C:\Users\Julian\Documents\NetBeansProjects\Kompetenzmanager\gwt\KompetenzManager\war\database\store\store2\neostore.propertystore.db.arrays non clean shutdown detected
2012-09-10 11:58:34.053+0000: C:\Users\Julian\Documents\NetBeansProjects\Kompetenzmanager\gwt\KompetenzManager\war\database\store\store2\neostore.propertystore.db non clean shutdown detected
2012-09-10 11:58:34.057+0000: C:\Users\Julian\Documents\NetBeansProjects\Kompetenzmanager\gwt\KompetenzManager\war\database\store\store2\neostore.relationshipstore.db non clean shutdown detected
2012-09-10 11:58:34.061+0000: C:\Users\Julian\Documents\NetBeansProjects\Kompetenzmanager\gwt\KompetenzManager\war\database\store\store2\neostore.nodestore.db non clean shutdown detected
2012-09-10 11:58:34.067+0000: C:\Users\Julian\Documents\NetBeansProjects\Kompetenzmanager\gwt\KompetenzManager\war\database\store\store2\neostore non clean shutdown detected
2012-09-10 11:58:34.092+0000: Non clean shutdown detected on log [C:\Users\Julian\Documents\NetBeansProjects\Kompetenzmanager\gwt\KompetenzManager\war\database\store\store2\nioneo_logical.log.2]. Recovery started ...
2012-09-10 11:58:34.097+0000: [C:\Users\Julian\Documents\NetBeansProjects\Kompetenzmanager\gwt\KompetenzManager\war\database\store\store2\nioneo_logical.log.2] logVersion=1 with committed tx=6
2012-09-10 11:58:34.150+0000: [C:\Users\Julian\Documents\NetBeansProjects\Kompetenzmanager\gwt\KompetenzManager\war\database\store\store2\nioneo_logical.log.2] entries found=32 lastEntryPos=1552
2012-09-10 11:58:34.151+0000: Internal recovery completed, scanned 32 log entries. Recovered 4 transactions. Last tx recovered: 10
2012-09-10 11:58:34.151+0000: XaResourceManager[C:\Users\Julian\Documents\NetBeansProjects\Kompetenzmanager\gwt\KompetenzManager\war\database\store\store2\nioneo_logical.log] sorting 1 xids
2012-09-10 11:58:34.153+0000: XaResourceManager[C:\Users\Julian\Documents\NetBeansProjects\Kompetenzmanager\gwt\KompetenzManager\war\database\store\store2\nioneo_logical.log] checkRecoveryComplete 0 xids
2012-09-10 11:58:34.175+0000: C:\Users\Julian\Documents\NetBeansProjects\Kompetenzmanager\gwt\KompetenzManager\war\database\store\store2\neostore.relationshiptypestore.db.names rebuild id generator, highId=3 defragged count=0
2012-09-10 11:58:34.217+0000: C:\Users\Julian\Documents\NetBeansProjects\Kompetenzmanager\gwt\KompetenzManager\war\database\store\store2\neostore.propertystore.db.index.keys rebuild id generator, highId=4 defragged count=0
2012-09-10 11:58:34.270+0000: C:\Users\Julian\Documents\NetBeansProjects\Kompetenzmanager\gwt\KompetenzManager\war\database\store\store2\neostore.propertystore.db.index rebuild id generator, highId=3 defragged count=0
2012-09-10 11:58:34.290+0000: C:\Users\Julian\Documents\NetBeansProjects\Kompetenzmanager\gwt\KompetenzManager\war\database\store\store2\neostore.propertystore.db.strings rebuild id generator, highId=1 defragged count=0
2012-09-10 11:58:34.309+0000: C:\Users\Julian\Documents\NetBeansProjects\Kompetenzmanager\gwt\KompetenzManager\war\database\store\store2\neostore.propertystore.db.arrays rebuild id generator, highId=1 defragged count=0
2012-09-10 11:58:34.516+0000: C:\Users\Julian\Documents\NetBeansProjects\Kompetenzmanager\gwt\KompetenzManager\war\database\store\store2\neostore.propertystore.db rebuild id generator, highId=16 defragged count=0
2012-09-10 11:58:34.645+0000: C:\Users\Julian\Documents\NetBeansProjects\Kompetenzmanager\gwt\KompetenzManager\war\database\store\store2\neostore.relationshipstore.db rebuild id generator, highId=7 defragged count=0
2012-09-10 11:58:34.666+0000: C:\Users\Julian\Documents\NetBeansProjects\Kompetenzmanager\gwt\KompetenzManager\war\database\store\store2\neostore.nodestore.db rebuild id generator, highId=8 defragged count=0
2012-09-10 11:58:34.679+0000: C:\Users\Julian\Documents\NetBeansProjects\Kompetenzmanager\gwt\KompetenzManager\war\database\store\store2\neostore rebuild id generator, highId=6 defragged count=0
2012-09-10 11:58:34.685+0000: XaResourceManager[C:\Users\Julian\Documents\NetBeansProjects\Kompetenzmanager\gwt\KompetenzManager\war\database\store\store2\nioneo_logical.log] recovery completed.
2012-09-10 11:58:34.686+0000: Recovery on log [C:\Users\Julian\Documents\NetBeansProjects\Kompetenzmanager\gwt\KompetenzManager\war\database\store\store2\nioneo_logical.log.2] completed.
2012-09-10 11:58:34.694+0000: TM opening log: C:\Users\Julian\Documents\NetBeansProjects\Kompetenzmanager\gwt\KompetenzManager\war\database\store\store2\tm_tx_log.1
2012-09-10 11:58:34.720+0000: Non clean shutdown detected on log [C:\Users\Julian\Documents\NetBeansProjects\Kompetenzmanager\gwt\KompetenzManager\war\database\store\store2\index\lucene.log.2]. Recovery started ...
2012-09-10 11:58:34.720+0000: [C:\Users\Julian\Documents\NetBeansProjects\Kompetenzmanager\gwt\KompetenzManager\war\database\store\store2\index\lucene.log.2] logVersion=1 with committed tx=6
2012-09-10 11:58:34.986+0000: [C:\Users\Julian\Documents\NetBeansProjects\Kompetenzmanager\gwt\KompetenzManager\war\database\store\store2\index\lucene.log.2] entries found=9 lastEntryPos=345
2012-09-10 11:58:34.987+0000: Internal recovery completed, scanned 9 log entries. Recovered 2 transactions. Last tx recovered: 8
2012-09-10 11:58:34.987+0000: XaResourceManager[C:\Users\Julian\Documents\NetBeansProjects\Kompetenzmanager\gwt\KompetenzManager\war\database\store\store2\index\lucene.log] sorting 1 xids
2012-09-10 11:58:34.988+0000: XaResourceManager[C:\Users\Julian\Documents\NetBeansProjects\Kompetenzmanager\gwt\KompetenzManager\war\database\store\store2\index\lucene.log] checkRecoveryComplete 0 xids
2012-09-10 11:58:34.988+0000: XaResourceManager[C:\Users\Julian\Documents\NetBeansProjects\Kompetenzmanager\gwt\KompetenzManager\war\database\store\store2\index\lucene.log] recovery completed.
2012-09-10 11:58:34.988+0000: Recovery on log [C:\Users\Julian\Documents\NetBeansProjects\Kompetenzmanager\gwt\KompetenzManager\war\database\store\store2\index\lucene.log.2] completed.
2012-09-10 11:58:34.990+0000: --- STARTUP diagnostics START ---
2012-09-10 11:58:34.991+0000: Neo4j Kernel properties:
    store_dir=C:\Users\Julian\Documents\NetBeansProjects\Kompetenzmanager\gwt\KompetenzManager\war\database\store\store2
    remote_logging_host=127.0.0.1
    read_only=false
    neo4j.ext.udc.host=udc.neo4j.org
    logical_log=C:\Users\Julian\Documents\NetBeansProjects\Kompetenzmanager\gwt\KompetenzManager\war\database\store\store2\nioneo_logical.log
    remote_logging_port=4560
    gc_monitor_threshold=200ms
    load_kernel_extensions=true
    array_block_size=120
    intercept_committing_transactions=false
    node_auto_indexing=false
    neostore.relationshipstore.db.mapped_memory=34M
    remote_shell_name=shell
    dump_configuration=false
    gc_monitor_wait_time=100ms
    cache_type=soft
    intercept_deserialized_transactions=false
    neostore.nodestore.db.mapped_memory=7M
    neo4j.ext.udc.first_delay=600000
    remote_shell_enabled=false
    neo4j.ext.udc.reg=unreg
    remote_shell_port=1337
    lucene_searcher_cache_size=2147483647
    neo4j.ext.udc.interval=86400000
    use_memory_mapped_buffers=false
    rebuild_idgenerators_fast=true
    ephemeral=false
    neostore.propertystore.db.index.keys.mapped_memory=1M
    neostore.propertystore.db.arrays.mapped_memory=27M
    neostore.propertystore.db.strings.mapped_memory=23M
    neo_store=C:\Users\Julian\Documents\NetBeansProjects\Kompetenzmanager\gwt\KompetenzManager\war\database\store\store2\neostore
    neostore.propertystore.db.index.mapped_memory=1M
    backup_slave=false
    neostore.propertystore.db.mapped_memory=27M
    gcr_cache_min_log_interval=60s
    relationship_auto_indexing=false
    relationship_grab_size=100
    string_block_size=120
    remote_shell_read_only=false
    grab_file_lock=true
    node_cache_array_fraction=1.0
    remote_logging_enabled=false
    allow_store_upgrade=false
    execution_guard_enabled=false
    neo4j.ext.udc.enabled=true
    relationship_cache_array_fraction=1.0
2012-09-10 11:58:34.995+0000: Diagnostics providers:
    org.neo4j.kernel.configuration.Config
    org.neo4j.kernel.info.DiagnosticsManager
    SYSTEM_MEMORY
    JAVA_MEMORY
    OPERATING_SYSTEM
    JAVA_VIRTUAL_MACHINE
    CLASSPATH
    LIBRARY_PATH
    SYSTEM_PROPERTIES
2012-09-10 11:58:34.996+0000: System memory information:
    Total Physical memory: 3,80 GB
    Free Physical memory: 875,75 MB
    Committed virtual memory: 462,55 MB
    Total swap space: 7,60 GB
    Free swap space: 3,25 GB
2012-09-10 11:58:34.998+0000: JVM memory information:
    Free  memory: 118,59 MB
    Total memory: 277,38 MB
    Max   memory: 455,13 MB
    Garbage Collector: PS Scavenge: [PS Eden Space, PS Survivor Space]
    Garbage Collector: PS MarkSweep: [PS Eden Space, PS Survivor Space, PS Old Gen, PS Perm Gen]
    Memory Pool: Code Cache (Non-heap memory): committed=6,19 MB, used=6,02 MB, max=48,00 MB, threshold=0,00 B
    Memory Pool: PS Eden Space (Heap memory): committed=67,81 MB, used=64,25 MB, max=73,00 MB, threshold=?
    Memory Pool: PS Survivor Space (Heap memory): committed=48,56 MB, used=18,92 MB, max=48,56 MB, threshold=?
    Memory Pool: PS Old Gen (Heap memory): committed=161,00 MB, used=75,62 MB, max=341,38 MB, threshold=0,00 B
    Memory Pool: PS Perm Gen (Non-heap memory): committed=39,63 MB, used=35,75 MB, max=82,00 MB, threshold=0,00 B
2012-09-10 11:58:35.003+0000: Operating system information:
    Operating System: Windows 7; version: 6.1; arch: amd64; cpus: 4
    Process id: 11048@Julian-THINK
    Byte order: LITTLE_ENDIAN
2012-09-10 11:58:35.006+0000: JVM information:
    VM Name: Java HotSpot(TM) 64-Bit Server VM
    VM Vendor: Sun Microsystems Inc.
    VM Version: 19.1-b02
    JIT compiler: HotSpot 64-Bit Server Compiler
    VM Arguments: [-Xmx512m, -Dfile.encoding=Cp1252]
2012-09-10 11:58:35.007+0000: Java classpath:
     [classpath] C:\Program Files\eclipse\eclipse\plugins\com.google.appengine.eclipse.sdkbundle_1.5.0.r36v201105092302\appengine-java-sdk-1.5.0\lib\user\orm\datanucleus-jpa-1.1.5.jar
     [classpath] C:\Program Files\eclipse\eclipse\plugins\com.google.appengine.eclipse.sdkbundle_1.5.0.r36v201105092302\appengine-java-sdk-1.5.0\lib\user\orm\datanucleus-appengine-1.0.8.final.jar
     [classpath] C:\Program Files\eclipse\eclipse\plugins\com.google.appengine.eclipse.sdkbundle_1.5.0.r36v201105092302\appengine-java-sdk-1.5.0\lib\user\jsr107cache-1.1.jar
     [classpath] C:\Program Files\eclipse\eclipse\plugins\com.google.appengine.eclipse.sdkbundle_1.5.0.r36v201105092302\appengine-java-sdk-1.5.0\lib\shared\jsp\repackaged-appengine-ant-launcher-1.7.1.jar
     [classpath] C:\Users\Julian\Documents\NetBeansProjects\Kompetenzmanager\gwt\KompetenzManager\src
     [classpath] C:\Program Files\eclipse\eclipse\plugins\com.google.appengine.eclipse.sdkbundle_1.5.0.r36v201105092302\appengine-java-sdk-1.5.0\lib\user\orm\datanucleus-core-1.1.5.jar
     [classpath + loader.0] file:/C:/Users/Julian/Documents/NetBeansProjects/Kompetenzmanager/gwt/KompetenzManager/war/WEB-INF/lib/gwt-incubator-20101117-r1766.jar
     [loader.0] file:/C:/Users/Julian/Documents/NetBeansProjects/Kompetenzmanager/gwt/KompetenzManager/war/WEB-INF/lib/appengine-jsr107cache-1.5.0.jar
     [classpath + loader.0] file:/C:/Users/Julian/Documents/NetBeansProjects/Kompetenzmanager/gwt/KompetenzManager/war/WEB-INF/classes/
     [classpath] C:\Program Files\eclipse\eclipse\plugins\com.google.appengine.eclipse.sdkbundle_1.5.0.r36v201105092302\appengine-java-sdk-1.5.0\lib\shared\el-api.jar
     [loader.0] file:/C:/Users/Julian/Documents/NetBeansProjects/Kompetenzmanager/gwt/KompetenzManager/war/WEB-INF/lib/datanucleus-appengine-1.0.8.final.jar
     [bootstrap] C:\Program Files\Java\jdk1.6.0_24\jre\classes
     [bootstrap] C:\Program Files\Java\jdk1.6.0_24\jre\lib\resources.jar
     [loader.0] file:/C:/Users/Julian/Documents/NetBeansProjects/Kompetenzmanager/gwt/KompetenzManager/war/WEB-INF/lib/appengine-api-1.0-sdk-1.5.0.jar
     [loader.0] file:/C:/Users/Julian/Documents/NetBeansProjects/Kompetenzmanager/gwt/KompetenzManager/war/WEB-INF/lib/jdo2-api-2.3-eb.jar
     [loader.0] file:/C:/Users/Julian/Documents/NetBeansProjects/Kompetenzmanager/gwt/KompetenzManager/war/WEB-INF/lib/geronimo-jpa_3.0_spec-1.1.1.jar
     [classpath] C:\Program Files\eclipse\eclipse\plugins\com.google.gwt.eclipse.sdkbundle_2.3.0.r36v201104261928\gwt-2.3.0\gwt-dev.jar
     [bootstrap] C:\Program Files\Java\jdk1.6.0_24\jre\lib\rt.jar
     [loader.0] file:/C:/Users/Julian/Documents/NetBeansProjects/Kompetenzmanager/gwt/KompetenzManager/war/WEB-INF/lib/datanucleus-jpa-1.1.5.jar
     [classpath + loader.0] file:/C:/Users/Julian/Documents/NetBeansProjects/Kompetenzmanager/gwt/KompetenzManager/war/WEB-INF/lib/neo4j-shell-1.7.2.jar
     [loader.0] file:/C:/Users/Julian/Documents/NetBeansProjects/Kompetenzmanager/gwt/KompetenzManager/war/WEB-INF/lib/datanucleus-core-1.1.5.jar
     [loader.0] file:/C:/Users/Julian/Documents/NetBeansProjects/Kompetenzmanager/gwt/KompetenzManager/war/WEB-INF/lib/gwt-servlet.jar
     [bootstrap] C:\Program Files\Java\jdk1.6.0_24\jre\lib\jsse.jar
     [bootstrap] C:\Program Files\Java\jdk1.6.0_24\jre\lib\charsets.jar
     [classpath] C:\Program Files\eclipse\eclipse\plugins\com.google.appengine.eclipse.sdkbundle_1.5.0.r36v201105092302\appengine-java-sdk-1.5.0\lib\user\orm\geronimo-jta_1.1_spec-1.1.1.jar
     [classpath] C:\Program Files\eclipse\eclipse\plugins\com.google.appengine.eclipse.sdkbundle_1.5.0.r36v201105092302\appengine-java-sdk-1.5.0\lib\shared\jsp\repackaged-appengine-ant-1.7.1.jar
     [classpath + loader.0] file:/C:/Users/Julian/Documents/NetBeansProjects/Kompetenzmanager/gwt/KompetenzManager/war/WEB-INF/lib/raphaelgwt-1.0.0.jar
     [loader.0] file:/C:/Users/Julian/Documents/NetBeansProjects/Kompetenzmanager/gwt/KompetenzManager/war/WEB-INF/lib/appengine-api-labs-1.5.0.jar
     [loader.0] file:/C:/Users/Julian/Documents/NetBeansProjects/Kompetenzmanager/gwt/KompetenzManager/war/WEB-INF/lib/jsr107cache-1.1.jar
     [classpath] C:\Users\Julian\Documents\NetBeansProjects\Kompetenzmanager\gwt\KompetenzManager\test-classes
     [classpath + loader.0] file:/C:/Users/Julian/Documents/NetBeansProjects/Kompetenzmanager/gwt/KompetenzManager/war/WEB-INF/lib/neo4j-kernel-1.7.2.jar
     [classpath + loader.0] file:/C:/Users/Julian/Documents/NetBeansProjects/Kompetenzmanager/gwt/KompetenzManager/war/WEB-INF/lib/neo4j-lucene-index-1.7.2.jar
     [classpath + loader.0] file:/C:/Users/Julian/Documents/NetBeansProjects/Kompetenzmanager/gwt/KompetenzManager/war/WEB-INF/lib/neo4j-cypher-1.7.2.jar
     [classpath] C:\Program Files\eclipse\eclipse\plugins\com.google.appengine.eclipse.sdkbundle_1.5.0.r36v201105092302\appengine-java-sdk-1.5.0\lib\shared\jsp\repackaged-appengine-tomcat-juli-6.0.29.jar
     [classpath + loader.0] file:/C:/Users/Julian/Documents/NetBeansProjects/Kompetenzmanager/gwt/KompetenzManager/war/WEB-INF/lib/scala-library-2.9.0-1.jar
     [classpath] C:\Users\Julian\Documents\NetBeansProjects\Kompetenzmanager\gwt\KompetenzManager\lib\neo4j-community-1.7.2\lib\geronimo-jta_1.1_spec-1.1.1.jar
     [classpath] C:\Program Files\eclipse\eclipse\plugins\com.google.gwt.eclipse.sdkbundle_2.3.0.r36v201104261928\gwt-2.3.0\gwt-user.jar
     [classpath] C:\Program Files\eclipse\eclipse\plugins\com.google.appengine.eclipse.sdkbundle_1.5.0.r36v201105092302\appengine-java-sdk-1.5.0\lib\shared\jsp\repackaged-appengine-jasper-el-6.0.29.jar
     [classpath] C:\Program Files\eclipse\eclipse\plugins\org.junit_4.8.1.v4_8_1_v20100427-1100\junit.jar
     [classpath] C:\Program Files\eclipse\eclipse\plugins\com.google.appengine.eclipse.sdkbundle_1.5.0.r36v201105092302\appengine-java-sdk-1.5.0\lib\shared\servlet-api.jar
     [classpath] C:\Program Files\eclipse\eclipse\plugins\com.google.appengine.eclipse.sdkbundle_1.5.0.r36v201105092302\appengine-java-sdk-1.5.0\lib\shared\jsp\repackaged-appengine-jasper-6.0.29.jar
     [classpath + loader.0] file:/C:/Users/Julian/Documents/NetBeansProjects/Kompetenzmanager/gwt/KompetenzManager/war/WEB-INF/lib/neo4j-graph-algo-1.7.2.jar
     [classpath + loader.0] file:/C:/Users/Julian/Documents/NetBeansProjects/Kompetenzmanager/gwt/KompetenzManager/war/WEB-INF/lib/neo4j-udc-1.7.2.jar
     [classpath] C:\Program Files\eclipse\eclipse\plugins\com.google.appengine.eclipse.sdkbundle_1.5.0.r36v201105092302\appengine-java-sdk-1.5.0\lib\user\orm\jdo2-api-2.3-eb.jar
     [classpath] C:\Program Files\eclipse\eclipse\plugins\com.google.appengine.eclipse.sdkbundle_1.5.0.r36v201105092302\appengine-java-sdk-1.5.0\lib\user\orm\geronimo-jpa_3.0_spec-1.1.1.jar
     [classpath] C:\Program Files\eclipse\eclipse\plugins\com.google.gwt.eclipse.sdkbundle_2.3.0.r36v201104261928\gwt-2.3.0\validation-api-1.0.0.GA-sources.jar
     [bootstrap] C:\Program Files\Java\jdk1.6.0_24\jre\lib\sunrsasign.jar
     [bootstrap] C:\Program Files\Java\jdk1.6.0_24\jre\lib\jce.jar
     [classpath + loader.0] file:/C:/Users/Julian/Documents/NetBeansProjects/Kompetenzmanager/gwt/KompetenzManager/war/WEB-INF/lib/rapahel4gwt-0.34.jar
     [classpath + loader.0] file:/C:/Users/Julian/Documents/NetBeansProjects/Kompetenzmanager/gwt/KompetenzManager/war/WEB-INF/lib/lucene-core-3.5.0.jar
     [classpath] C:\Program Files\eclipse\eclipse\plugins\com.google.appengine.eclipse.sdkbundle_1.5.0.r36v201105092302\appengine-java-sdk-1.5.0\lib\shared\jsp-api.jar
     [classpath + loader.0] file:/C:/Users/Julian/Documents/NetBeansProjects/Kompetenzmanager/gwt/KompetenzManager/war/WEB-INF/lib/neo4j-graph-matching-1.7.2.jar
     [classpath + loader.0] file:/C:/Users/Julian/Documents/NetBeansProjects/Kompetenzmanager/gwt/KompetenzManager/war/WEB-INF/lib/neo4j-jmx-1.7.2.jar
     [classpath + loader.0] file:/C:/Users/Julian/Documents/NetBeansProjects/Kompetenzmanager/gwt/KompetenzManager/war/WEB-INF/lib/server-api-1.7.2.jar
     [classpath + loader.0] file:/C:/Users/Julian/Documents/NetBeansProjects/Kompetenzmanager/gwt/KompetenzManager/war/WEB-INF/lib/geronimo-jta_1.1_spec-1.1.1.jar
     [classpath + loader.0] file:/C:/Users/Julian/Documents/NetBeansProjects/Kompetenzmanager/gwt/KompetenzManager/war/WEB-INF/lib/neo4j-community-1.7.2.jar
     [classpath] C:\Program Files\eclipse\eclipse\plugins\com.google.gwt.eclipse.sdkbundle_2.3.0.r36v201104261928\gwt-2.3.0\validation-api-1.0.0.GA.jar
     [classpath] C:\Program Files\eclipse\eclipse\plugins\org.hamcrest.core_1.1.0.v20090501071000.jar
     [bootstrap] C:\Program Files\Java\jdk1.6.0_24\jre\lib\modules\jdk.boot.jar
2012-09-10 11:58:35.024+0000: Library path:
    C:\Program Files\Java\jdk1.6.0_24\bin
    C:\Users\Julian\Documents\NetBeansProjects\Kompetenzmanager\gwt\KompetenzManager\war
    C:\Windows\Sun\Java\bin
    C:\Windows\System32
    C:\Windows
    C:\Program Files (x86)\MiKTeX 2.8\miktex\bin
    C:\Program Files\Common Files\Microsoft Shared\Windows Live
    C:\Program Files (x86)\Common Files\microsoft shared\Windows Live
    C:\Windows\System32
    C:\Windows
    C:\Windows\System32\wbem
    C:\Windows\System32\WindowsPowerShell\v1.0
    C:\Program Files\ThinkPad\Bluetooth Software
    C:\Program Files\ThinkPad\Bluetooth Software\syswow64
    C:\Program Files\Intel\WiFi\bin
    C:\Program Files\Common Files\Intel\WirelessCommon
    C:\Program Files (x86)\Common Files\Lenovo
    C:\Program Files (x86)\Lenovo\Access Connections
    C:\Program Files (x86)\Windows Live\Shared
    C:\Program Files\Common Files\Lenovo
    C:\Program Files (x86)\Lenovo\Client Security Solution
    C:\Program Files\Lenovo\Client Security Solution
    C:\Program Files (x86)\Subversion\bin
    C:\Program Files\MySQL\MySQL Server 5.5\bin
    C:\Program Files\Java\jdk1.6.0_24\bin
    C:\Program Files\Java\jre6\bin
    C:\Program Files (x86)\Microsoft SQL Server\100\Tools\Binn
    C:\Program Files\Microsoft SQL Server\100\Tools\Binn
    C:\Program Files\Microsoft SQL Server\100\DTS\Binn
    C:\Program Files\Java\jdk1.6.0_24\bin
    C:\Program Files (x86)\Git\cmd
    C:\Program Files (x86)\Git\bin
    C:\Program Files\TortoiseSVN\bin
    C:\Program Files\TortoiseHg
    C:\Users\Julian\.netbeans\7.0\maven\bin
    C:\Users\Julian\Software\scala-2.9.1.final\scala-2.9.1.final\bin
    C:\Users\Julian\Software\apache-ant-1.8.2\bin
    C:\Program Files (x86)\Android\android-sdk\platform-tools
    C:\Ruby187\bin
    C:\Program Files (x86)\glassfish-3.1.1\glassfish\bin
    C:\Users\Julian\Software\xampp\php
2012-09-10 11:58:35.044+0000: System.properties:
    sun.boot.library.path = C:\Program Files\Java\jdk1.6.0_24\jre\bin
    path.separator = ;
    file.encoding.pkg = sun.io
    sun.java.launcher = SUN_STANDARD
    user.country = DE
    sun.os.patch.level = Service Pack 1
    user.dir = C:\Users\Julian\Documents\NetBeansProjects\Kompetenzmanager\gwt\KompetenzManager\war
    org.mortbay.log.class = com.google.gwt.dev.shell.jetty.JettyNullLogger
    user.variant = 
    sun.jnu.encoding = Cp1252
    sun.management.compiler = HotSpot 64-Bit Server Compiler
    user.home = C:\Users\Julian
    user.timezone = Europe/Berlin
    file.encoding = Cp1252
    org.mortbay.xml.XmlParser.Validating = false
    build.compiler = org.eclipse.jdt.core.JDTCompilerAdapter
    user.name = Julian
    sun.arch.data.model = 64
    user.language = de
    awt.toolkit = sun.awt.windows.WToolkit
    file.separator = \
    sun.io.unicode.encoding = UnicodeLittle
    sun.cpu.endian = little
    sun.desktop = windows
    sun.cpu.isalist = amd64
2012-09-10 11:58:35.045+0000: --- STARTUP diagnostics END ---
2012-09-10 11:58:35.047+0000: TM non resolved transactions found in C:\Users\Julian\Documents\NetBeansProjects\Kompetenzmanager\gwt\KompetenzManager\war\database\store\store2\tm_tx_log.1
2012-09-10 11:58:35.128+0000: Rotating [C:\Users\Julian\Documents\NetBeansProjects\Kompetenzmanager\gwt\KompetenzManager\war\database\store\store2\index\lucene.log.2] @ version=1 to C:\Users\Julian\Documents\NetBeansProjects\Kompetenzmanager\gwt\KompetenzManager\war\database\store\store2\index\lucene.log.1 from position 350
2012-09-10 11:58:35.157+0000: Rotate: old log scanned, newLog @ pos=16
2012-09-10 11:58:35.165+0000: Log rotated, newLog @ pos=16, version 2 and last tx 8
2012-09-10 11:58:35.167+0000: Rotating [C:\Users\Julian\Documents\NetBeansProjects\Kompetenzmanager\gwt\KompetenzManager\war\database\store\store2\nioneo_logical.log.2] @ version=1 to C:\Users\Julian\Documents\NetBeansProjects\Kompetenzmanager\gwt\KompetenzManager\war\database\store\store2\nioneo_logical.log.1 from position 1557
2012-09-10 11:58:35.171+0000: Rotate: old log scanned, newLog @ pos=16
2012-09-10 11:58:35.176+0000: Log rotated, newLog @ pos=16, version 2 and last tx 10
2012-09-10 11:58:35.177+0000: Recovery completed, all transactions have been resolved to a consistent state.
2012-09-10 11:58:35.260+0000: Extension org.neo4j.kernel.KernelExtension[kernel jmx] loaded ok
2012-09-10 11:58:35.261+0000: Extension org.neo4j.kernel.KernelExtension[shell] loaded ok
2012-09-10 11:58:35.334+0000: Extension org.neo4j.kernel.KernelExtension[kernel udc] loaded ok
2012-09-10 11:58:35.340+0000: --- STARTUP diagnostics for KernelDiagnostics:Versions START ---
2012-09-10 11:58:35.340+0000: Graph Database: org.neo4j.kernel.EmbeddedGraphDatabase StoreId[time:1347277906778, id:3260755464005865929, store version: 13561656364791302]
2012-09-10 11:58:35.340+0000: Kernel version: Neo4j - Graph Database Kernel 1.7.2
2012-09-10 11:58:35.340+0000: Neo4j component versions:
2012-09-10 11:58:35.341+0000:   Neo4j - Graph Database Kernel 1.7.2
2012-09-10 11:58:35.342+0000: --- STARTUP diagnostics for KernelDiagnostics:Versions END ---
2012-09-10 11:58:35.345+0000: --- STARTUP diagnostics for NEO_STORE_VERSIONS START ---
2012-09-10 11:58:35.345+0000: Store versions:
    Store versions:
      NeoStore v0.A.0
      NodeStore v0.A.0
      RelationshipStore v0.A.0
      RelationshipTypeStore v0.A.0
      PropertyStore v0.A.0
      PropertyIndexStore v0.A.0
      StringPropertyStore v0.A.0
      ArrayPropertyStore v0.A.0
2012-09-10 11:58:35.346+0000: --- STARTUP diagnostics for NEO_STORE_VERSIONS END ---
2012-09-10 11:58:35.346+0000: --- STARTUP diagnostics for NEO_STORE_ID_USAGE START ---
2012-09-10 11:58:35.346+0000: Id usage:
    Id usage:
      NodeStore: used=8 high=7
      RelationshipStore: used=7 high=6
      RelationshipTypeStore: used=2 high=1
      PropertyStore: used=16 high=15
      PropertyIndexStore: used=3 high=2
      StringPropertyStore: used=1 high=0
      ArrayPropertyStore: used=1 high=0
2012-09-10 11:58:35.347+0000: --- STARTUP diagnostics for NEO_STORE_ID_USAGE END ---
2012-09-10 11:58:35.347+0000: --- STARTUP diagnostics for KernelDiagnostics:StoreFiles START ---
2012-09-10 11:58:35.347+0000: Storage files:
    active_tx_log: 11,00 B
    index:
      lucene:
        node:
          nodes:
            segments.gen: 20,00 B
            segments_2: 1,26 kB
            write.lock: 0,00 B
            _0.fdt: 38,00 B
            _0.fdx: 20,00 B
            _0.fnm: 22,00 B
            _0.frq: 4,00 B
            _0.nrm: 8,00 B
            _0.prx: 4,00 B
            _0.tii: 35,00 B
            _0.tis: 68,00 B
            _1.fdt: 25,00 B
            _1.fdx: 12,00 B
            _1.fnm: 22,00 B
            _1.frq: 2,00 B
            _1.nrm: 6,00 B
            _1.prx: 2,00 B
            _1.tii: 35,00 B
            _1.tis: 50,00 B
            _2.fdt: 27,00 B
            _2.fdx: 12,00 B
            _2.fnm: 22,00 B
            _2.frq: 2,00 B
            _2.nrm: 6,00 B
            _2.prx: 2,00 B
            _2.tii: 35,00 B
            _2.tis: 52,00 B
            _3.fdt: 32,00 B
            _3.fdx: 12,00 B
            _3.fnm: 22,00 B
            _3.frq: 2,00 B
            _3.nrm: 6,00 B
            _3.prx: 2,00 B
            _3.tii: 35,00 B
            _3.tis: 57,00 B
            _4.fdt: 23,00 B
            _4.fdx: 12,00 B
            _4.fnm: 22,00 B
            _4.frq: 2,00 B
            _4.nrm: 6,00 B
            _4.prx: 2,00 B
            _4.tii: 35,00 B
            _4.tis: 48,00 B
            _5.fdt: 17,00 B
            _5.fdx: 12,00 B
            _5.fnm: 22,00 B
            _5.frq: 2,00 B
            _5.nrm: 6,00 B
            _5.prx: 2,00 B
            _5.tii: 35,00 B
            _5.tis: 42,00 B
          - Total: 2,22 kB
        - Total: 2,22 kB
      - Total: 2,22 kB
      lucene-store.db: 40,00 B
      lucene.log.1: 16,00 B
      lucene.log.active: 4,00 B
    - Total: 2,28 kB
    index.db: 103,00 B
    lock: 0,00 B
    messages.log: 75,54 kB
    neostore: 54,00 B
    neostore.id: 9,00 B
    neostore.nodestore.db: 7,16 kB
    neostore.nodestore.db.id: 9,00 B
    neostore.propertystore.db: 276,47 kB
    neostore.propertystore.db.arrays: 128,00 B
    neostore.propertystore.db.arrays.id: 9,00 B
    neostore.propertystore.db.id: 9,00 B
    neostore.propertystore.db.index: 10,24 kB
    neostore.propertystore.db.index.id: 9,00 B
    neostore.propertystore.db.index.keys: 1,00 kB
    neostore.propertystore.db.index.keys.id: 9,00 B
    neostore.propertystore.db.strings: 128,00 B
    neostore.propertystore.db.strings.id: 9,00 B
    neostore.relationshipstore.db: 348,14 kB
    neostore.relationshipstore.db.id: 9,00 B
    neostore.relationshiptypestore.db: 10,00 B
    neostore.relationshiptypestore.db.id: 9,00 B
    neostore.relationshiptypestore.db.names: 114,00 B
    neostore.relationshiptypestore.db.names.id: 9,00 B
    nioneo_logical.log.1: 16,00 B
    nioneo_logical.log.active: 4,00 B
    tm_tx_log.1: 0,00 B
2012-09-10 11:58:35.364+0000: --- STARTUP diagnostics for KernelDiagnostics:StoreFiles END ---
2012-09-10 11:58:35.366+0000: Started - database is now available
2012-09-10 11:58:35.367+0000: GC Monitor started. 
2012-09-10 12:08:26.503+0000: GC Monitor: Application threads blocked for an additional 2265ms [total block time: 2.265s]
2012-09-10 12:08:27.218+0000: GC Monitor: Application threads blocked for an additional 207ms [total block time: 2.472s]
2012-09-10 12:58:30.445+0000: GC Monitor: Application threads blocked for an additional 774ms [total block time: 3.246s]
2012-09-10 12:59:15.155+0000: GC Monitor: Application threads blocked for an additional 166ms [total block time: 3.412s]
2012-09-10 13:00:13.531+0000: GC Monitor: Application threads blocked for an additional 56420ms [total block time: 59.832s]
2012-09-10 13:00:14.217+0000: GC Monitor: Application threads blocked for an additional 149ms [total block time: 59.981s]
2012-09-10 13:59:43.562+0000: GC Monitor: Application threads blocked for an additional 3558418ms [total block time: 3618.399s]
2012-09-10 13:59:47.337+0000: GC Monitor: Application threads blocked for an additional 3457ms [total block time: 3621.856s]
