2012-09-24 16:16:26.912+0000: Creating new db @ C:\Users\Julian\Documents\NetBeansProjects\gitprojects\Kompetenzmanager\Kompetenzmanager\gwt\KompetenzManager\database\store\store4\neostore
2012-09-24 16:16:30.663+0000: Opened [C:\Users\Julian\Documents\NetBeansProjects\gitprojects\Kompetenzmanager\Kompetenzmanager\gwt\KompetenzManager\database\store\store4\nioneo_logical.log.1] clean empty log, version=0, lastTxId=1
2012-09-24 16:16:30.715+0000: TM new log: tm_tx_log.1
2012-09-24 16:16:30.800+0000: Opened [C:\Users\Julian\Documents\NetBeansProjects\gitprojects\Kompetenzmanager\Kompetenzmanager\gwt\KompetenzManager\database\store\store4\index\lucene.log.1] clean empty log, version=0, lastTxId=1
2012-09-24 16:16:30.946+0000: --- STARTUP diagnostics START ---
2012-09-24 16:16:30.948+0000: Neo4j Kernel properties:
    store_dir=C:\Users\Julian\Documents\NetBeansProjects\gitprojects\Kompetenzmanager\Kompetenzmanager\gwt\KompetenzManager\database\store\store4
    remote_logging_host=127.0.0.1
    read_only=false
    neo4j.ext.udc.host=udc.neo4j.org
    logical_log=C:\Users\Julian\Documents\NetBeansProjects\gitprojects\Kompetenzmanager\Kompetenzmanager\gwt\KompetenzManager\database\store\store4\nioneo_logical.log
    remote_logging_port=4560
    gc_monitor_threshold=200ms
    load_kernel_extensions=true
    array_block_size=120
    intercept_committing_transactions=false
    node_auto_indexing=false
    neostore.relationshipstore.db.mapped_memory=18M
    remote_shell_name=shell
    dump_configuration=false
    gc_monitor_wait_time=100ms
    cache_type=soft
    intercept_deserialized_transactions=false
    neostore.nodestore.db.mapped_memory=4M
    neo4j.ext.udc.first_delay=600000
    remote_shell_enabled=false
    neo4j.ext.udc.reg=unreg
    remote_shell_port=1337
    lucene_searcher_cache_size=2147483647
    neo4j.ext.udc.interval=86400000
    use_memory_mapped_buffers=false
    rebuild_idgenerators_fast=true
    ephemeral=false
    neostore.propertystore.db.index.keys.mapped_memory=1M
    neostore.propertystore.db.arrays.mapped_memory=14M
    neostore.propertystore.db.strings.mapped_memory=12M
    neo_store=C:\Users\Julian\Documents\NetBeansProjects\gitprojects\Kompetenzmanager\Kompetenzmanager\gwt\KompetenzManager\database\store\store4\neostore
    neostore.propertystore.db.index.mapped_memory=1M
    backup_slave=false
    neostore.propertystore.db.mapped_memory=15M
    gcr_cache_min_log_interval=60s
    relationship_auto_indexing=false
    relationship_grab_size=100
    string_block_size=120
    remote_shell_read_only=false
    grab_file_lock=true
    node_cache_array_fraction=1.0
    remote_logging_enabled=false
    allow_store_upgrade=false
    execution_guard_enabled=false
    neo4j.ext.udc.enabled=true
    relationship_cache_array_fraction=1.0
2012-09-24 16:16:30.957+0000: Diagnostics providers:
    org.neo4j.kernel.configuration.Config
    org.neo4j.kernel.info.DiagnosticsManager
    SYSTEM_MEMORY
    JAVA_MEMORY
    OPERATING_SYSTEM
    JAVA_VIRTUAL_MACHINE
    CLASSPATH
    LIBRARY_PATH
    SYSTEM_PROPERTIES
2012-09-24 16:16:30.958+0000: System memory information:
    Total Physical memory: 4,00 GB
    Free Physical memory: 1,70 GB
    Committed virtual memory: 45,93 MB
    Total swap space: 4,00 GB
    Free swap space: 4,00 GB
2012-09-24 16:16:30.963+0000: JVM memory information:
    Free  memory: 12,92 MB
    Total memory: 15,50 MB
    Max   memory: 247,50 MB
    Garbage Collector: Copy: [Eden Space, Survivor Space]
    Garbage Collector: MarkSweepCompact: [Eden Space, Survivor Space, Tenured Gen, Perm Gen, Perm Gen [shared-ro], Perm Gen [shared-rw]]
    Memory Pool: Code Cache (Non-heap memory): committed=800,00 kB, used=783,94 kB, max=32,00 MB, threshold=0,00 B
    Memory Pool: Eden Space (Heap memory): committed=4,31 MB, used=1,60 MB, max=68,31 MB, threshold=?
    Memory Pool: Survivor Space (Heap memory): committed=512,00 kB, used=250,55 kB, max=8,50 MB, threshold=?
    Memory Pool: Tenured Gen (Heap memory): committed=10,69 MB, used=820,99 kB, max=170,69 MB, threshold=0,00 B
    Memory Pool: Perm Gen (Non-heap memory): committed=12,00 MB, used=3,17 MB, max=64,00 MB, threshold=0,00 B
    Memory Pool: Perm Gen [shared-ro] (Non-heap memory): committed=10,00 MB, used=5,17 MB, max=10,00 MB, threshold=0,00 B
    Memory Pool: Perm Gen [shared-rw] (Non-heap memory): committed=12,00 MB, used=6,59 MB, max=12,00 MB, threshold=0,00 B
2012-09-24 16:16:30.969+0000: Operating system information:
    Operating System: Windows 7; version: 6.1; arch: x86; cpus: 2
    Process id: 1072@Freibier
    Byte order: LITTLE_ENDIAN
2012-09-24 16:16:30.977+0000: JVM information:
    VM Name: Java HotSpot(TM) Client VM
    VM Vendor: Sun Microsystems Inc.
    VM Version: 17.1-b03
    JIT compiler: HotSpot Client Compiler
    VM Arguments: [-Dfile.encoding=Cp1252]
2012-09-24 16:16:30.978+0000: Java classpath:
     [classpath + loader.0] file:/C:/Users/Julian/Documents/NetBeansProjects/gitprojects/Kompetenzmanager/Kompetenzmanager/gwt/KompetenzManager/excel/Klassifkation.xlsx
     [classpath + loader.0] file:/C:/Users/Julian/Documents/NetBeansProjects/gitprojects/Kompetenzmanager/Kompetenzmanager/gwt/KompetenzManager/war/WEB-INF/lib/raphaelgwt-1.0.0.jar
     [classpath + loader.0] file:/C:/Users/Julian/Documents/NetBeansProjects/gitprojects/Kompetenzmanager/Kompetenzmanager/gwt/KompetenzManager/lib/poi-3.8/poi-ooxml-schemas-3.8-20120326.jar
     [classpath + loader.0] file:/C:/Users/Julian/Documents/NetBeansProjects/gitprojects/Kompetenzmanager/Kompetenzmanager/gwt/KompetenzManager/war/WEB-INF/classes/
     [classpath + loader.0] file:/C:/Users/Julian/Documents/NetBeansProjects/gitprojects/Kompetenzmanager/Kompetenzmanager/gwt/KompetenzManager/war/WEB-INF/lib/neo4j-community-1.7.2.jar
     [bootstrap] C:\Program Files (x86)\Java\jre6\lib\sunrsasign.jar
     [bootstrap] C:\Program Files (x86)\Java\jre6\lib\charsets.jar
     [classpath + loader.0] file:/C:/Users/Julian/Documents/NetBeansProjects/gitprojects/Kompetenzmanager/Kompetenzmanager/gwt/KompetenzManager/war/WEB-INF/lib/neo4j-graph-matching-1.7.2.jar
     [bootstrap] C:\Program Files (x86)\Java\jre6\lib\jsse.jar
     [loader.1] file:/C:/Program%20Files%20(x86)/Java/jre6/lib/ext/sunmscapi.jar
     [loader.1] file:/C:/Program%20Files%20(x86)/Java/jre6/lib/ext/sunjce_provider.jar
     [bootstrap] C:\Program Files (x86)\Java\jre6\classes
     [bootstrap] C:\Program Files (x86)\Java\jre6\lib\rt.jar
     [classpath + loader.0] file:/C:/Users/Julian/Documents/NetBeansProjects/gitprojects/Kompetenzmanager/Kompetenzmanager/gwt/KompetenzManager/war/WEB-INF/lib/geronimo-jta_1.1_spec-1.1.1.jar
     [classpath + loader.0] file:/C:/Users/Julian/Documents/NetBeansProjects/gitprojects/Kompetenzmanager/Kompetenzmanager/gwt/KompetenzManager/lib/poi-3.8/poi-scratchpad-3.8-20120326.jar
     [classpath + loader.0] file:/C:/Users/Julian/Documents/NetBeansProjects/gitprojects/Kompetenzmanager/Kompetenzmanager/gwt/KompetenzManager/lib/gwt-ent-0.7/gwtent-gwt15patch.jar
     [classpath + loader.0] file:/C:/Users/Julian/Documents/NetBeansProjects/gitprojects/Kompetenzmanager/Kompetenzmanager/gwt/KompetenzManager/war/WEB-INF/lib/neo4j-cypher-1.7.2.jar
     [loader.1] file:/C:/Program%20Files%20(x86)/Java/jre6/lib/ext/localedata.jar
     [loader.1] file:/C:/Program%20Files%20(x86)/Java/jre6/lib/ext/sunpkcs11.jar
     [classpath + loader.0] file:/C:/Users/Julian/Documents/NetBeansProjects/gitprojects/Kompetenzmanager/Kompetenzmanager/gwt/KompetenzManager/war/WEB-INF/lib/neo4j-lucene-index-1.7.2.jar
     [classpath + loader.0] file:/C:/Users/Julian/Documents/NetBeansProjects/gitprojects/Kompetenzmanager/Kompetenzmanager/gwt/KompetenzManager/lib/gwt-ent-0.7/gwtent-spring.jar
     [classpath + loader.0] file:/C:/Users/Julian/Documents/NetBeansProjects/gitprojects/Kompetenzmanager/Kompetenzmanager/gwt/KompetenzManager/war/WEB-INF/lib/neo4j-shell-1.7.2.jar
     [bootstrap] C:\Program Files (x86)\Java\jre6\lib\resources.jar
     [classpath + loader.0] file:/C:/Users/Julian/Desktop/helios/eclipse/plugins/org.junit_4.8.1.v4_8_1_v20100427-1100/junit.jar
     [classpath + loader.0] file:/C:/Users/Julian/Documents/NetBeansProjects/gitprojects/Kompetenzmanager/Kompetenzmanager/gwt/KompetenzManager/lib/gwt-ent-0.7/gwtent.jar
     [classpath + loader.0] file:/C:/Users/Julian/Desktop/helios/eclipse/plugins/com.google.gwt.eclipse.sdkbundle_2.4.0.v201208080122-rel-r36/gwt-2.4.0/validation-api-1.0.0.GA.jar
     [classpath + loader.0] file:/C:/Users/Julian/Desktop/helios/eclipse/configuration/org.eclipse.osgi/bundles/317/1/.cp/
     [classpath + loader.0] file:/C:/Users/Julian/Documents/NetBeansProjects/gitprojects/Kompetenzmanager/Kompetenzmanager/gwt/KompetenzManager/war/WEB-INF/lib/neo4j-kernel-1.7.2.jar
     [classpath + loader.0] file:/C:/Users/Julian/Documents/NetBeansProjects/gitprojects/Kompetenzmanager/Kompetenzmanager/gwt/KompetenzManager/lib/poi-3.8/poi-3.8-20120326.jar
     [classpath + loader.0] file:/C:/Users/Julian/Documents/NetBeansProjects/gitprojects/Kompetenzmanager/Kompetenzmanager/gwt/KompetenzManager/war/WEB-INF/lib/lucene-core-3.5.0.jar
     [classpath + loader.0] file:/C:/Users/Julian/Desktop/helios/eclipse/configuration/org.eclipse.osgi/bundles/318/1/.cp/
     [classpath + loader.0] file:/C:/Users/Julian/Documents/NetBeansProjects/gitprojects/Kompetenzmanager/Kompetenzmanager/gwt/KompetenzManager/war/WEB-INF/lib/neo4j-udc-1.7.2.jar
     [bootstrap] C:\Program Files (x86)\Java\jre6\lib\jce.jar
     [classpath + loader.0] file:/C:/Users/Julian/Documents/NetBeansProjects/gitprojects/Kompetenzmanager/Kompetenzmanager/gwt/KompetenzManager/lib/gwt-servlet-2.0.4.jar
     [classpath + loader.0] file:/C:/Users/Julian/Documents/NetBeansProjects/gitprojects/Kompetenzmanager/Kompetenzmanager/gwt/KompetenzManager/test-classes/
     [loader.1] file:/C:/Program%20Files%20(x86)/Java/jre6/lib/ext/dnsns.jar
     [classpath + loader.0] file:/C:/Users/Julian/Documents/NetBeansProjects/gitprojects/Kompetenzmanager/Kompetenzmanager/gwt/KompetenzManager/lib/gwt-ent-0.7/gwtent-gxt.jar
     [classpath + loader.0] file:/C:/Users/Julian/Documents/NetBeansProjects/gitprojects/Kompetenzmanager/Kompetenzmanager/gwt/KompetenzManager/war/WEB-INF/lib/scala-library-2.9.0-1.jar
     [classpath + loader.0] file:/C:/Users/Julian/Documents/NetBeansProjects/gitprojects/Kompetenzmanager/Kompetenzmanager/gwt/KompetenzManager/war/WEB-INF/lib/server-api-1.7.2.jar
     [classpath + loader.0] file:/C:/Users/Julian/Documents/NetBeansProjects/gitprojects/Kompetenzmanager/Kompetenzmanager/gwt/KompetenzManager/lib/poi-3.8/ooxml-lib/dom4j-1.6.1.jar
     [classpath + loader.0] file:/C:/Users/Julian/Desktop/helios/eclipse/plugins/org.hamcrest.core_1.1.0.v20090501071000.jar
     [classpath + loader.0] file:/C:/Users/Julian/Documents/NetBeansProjects/gitprojects/Kompetenzmanager/Kompetenzmanager/gwt/KompetenzManager/lib/poi-3.8/ooxml-lib/stax-api-1.0.1.jar
     [classpath + loader.0] file:/C:/Users/Julian/Documents/NetBeansProjects/gitprojects/Kompetenzmanager/Kompetenzmanager/gwt/KompetenzManager/lib/poi-3.8/ooxml-lib/xmlbeans-2.3.0.jar
     [classpath + loader.0] file:/C:/Users/Julian/Documents/NetBeansProjects/gitprojects/Kompetenzmanager/Kompetenzmanager/gwt/KompetenzManager/war/WEB-INF/lib/gwt-incubator-20101117-r1766.jar
     [classpath + loader.0] file:/C:/Users/Julian/Documents/NetBeansProjects/gitprojects/Kompetenzmanager/Kompetenzmanager/gwt/KompetenzManager/lib/gwt-ent-0.7/gwtent-orm.jar
     [classpath + loader.0] file:/C:/Users/Julian/Documents/NetBeansProjects/gitprojects/Kompetenzmanager/Kompetenzmanager/gwt/KompetenzManager/lib/poi-3.8/poi-ooxml-3.8-20120326.jar
     [classpath + loader.0] file:/C:/Users/Julian/Desktop/helios/eclipse/plugins/com.google.gwt.eclipse.sdkbundle_2.4.0.v201208080122-rel-r36/gwt-2.4.0/validation-api-1.0.0.GA-sources.jar
     [classpath + loader.0] file:/C:/Users/Julian/Desktop/helios/eclipse/plugins/com.google.gwt.eclipse.sdkbundle_2.4.0.v201208080122-rel-r36/gwt-2.4.0/gwt-dev.jar
     [classpath + loader.0] file:/C:/Users/Julian/Documents/NetBeansProjects/gitprojects/Kompetenzmanager/Kompetenzmanager/gwt/KompetenzManager/lib/poi-3.8/poi-excelant-3.8-20120326.jar
     [classpath + loader.0] file:/C:/Users/Julian/Documents/NetBeansProjects/gitprojects/Kompetenzmanager/Kompetenzmanager/gwt/KompetenzManager/war/WEB-INF/lib/neo4j-graph-algo-1.7.2.jar
     [classpath + loader.0] file:/C:/Users/Julian/Desktop/helios/eclipse/configuration/org.eclipse.osgi/bundles/319/1/.cp/
     [classpath + loader.0] file:/C:/Users/Julian/Documents/NetBeansProjects/gitprojects/Kompetenzmanager/Kompetenzmanager/gwt/KompetenzManager/lib/neo4j-community-1.7.2/lib/geronimo-jta_1.1_spec-1.1.1.jar
     [classpath + loader.0] file:/C:/Users/Julian/Desktop/helios/eclipse/plugins/com.google.gwt.eclipse.sdkbundle_2.4.0.v201208080122-rel-r36/gwt-2.4.0/gwt-user.jar
     [classpath + loader.0] file:/C:/Users/Julian/Documents/NetBeansProjects/gitprojects/Kompetenzmanager/Kompetenzmanager/gwt/KompetenzManager/war/WEB-INF/lib/rapahel4gwt-0.34.jar
     [classpath + loader.0] file:/C:/Users/Julian/Documents/NetBeansProjects/gitprojects/Kompetenzmanager/Kompetenzmanager/gwt/KompetenzManager/lib/poi-3.8/poi-examples-3.8-20120326.jar
     [classpath + loader.0] file:/C:/Users/Julian/Documents/NetBeansProjects/gitprojects/Kompetenzmanager/Kompetenzmanager/gwt/KompetenzManager/war/WEB-INF/lib/neo4j-jmx-1.7.2.jar
2012-09-24 16:16:30.994+0000: Library path:
    C:\Program Files (x86)\Java\jre6\bin
    C:\Users\Julian\Documents\NetBeansProjects\gitprojects\Kompetenzmanager\Kompetenzmanager\gwt\KompetenzManager
    C:\Windows\Sun\Java\bin
    C:\Windows\System32
    C:\Windows
    C:\Program Files (x86)\Java\jre6\bin\client
    C:\Program Files (x86)\Java\jre6\bin
    C:\Program Files (x86)\Java\jre6\lib\i386
    C:\Program Files\NVIDIA GPU Computing Toolkit\CUDA\v4.2\bin
    C:\Program Files\NVIDIA GPU Computing Toolkit\CUDA\v4.2\libnvvp
    C:\Program Files (x86)\NVIDIA Corporation\PhysX\Common
    C:\Windows\System32
    C:\Windows
    C:\Windows\System32\wbem
    C:\Windows\System32\WindowsPowerShell\v1.0
    C:\Program Files\TortoiseSVN\bin
    C:\xampp\php
    C:\Program Files (x86)\NetBeans 7.1.2\java\maven\bin
    C:\Program Files (x86)\Git\cmd
    C:\Program Files (x86)\Java\jdk1.7.0_05\bin
    C:\Users\Julian\Desktop\helios\eclipse
2012-09-24 16:16:30.999+0000: System.properties:
    sun.boot.library.path = C:\Program Files (x86)\Java\jre6\bin
    path.separator = ;
    file.encoding.pkg = sun.io
    sun.java.launcher = SUN_STANDARD
    user.country = DE
    sun.os.patch.level = Service Pack 1
    user.dir = C:\Users\Julian\Documents\NetBeansProjects\gitprojects\Kompetenzmanager\Kompetenzmanager\gwt\KompetenzManager
    user.variant = 
    sun.jnu.encoding = Cp1252
    sun.management.compiler = HotSpot Client Compiler
    user.home = C:\Users\Julian
    user.timezone = Europe/Berlin
    file.encoding = Cp1252
    user.name = Julian
    sun.arch.data.model = 32
    user.language = de
    awt.toolkit = sun.awt.windows.WToolkit
    file.separator = \
    sun.io.unicode.encoding = UnicodeLittle
    sun.cpu.endian = little
    sun.desktop = windows
    sun.cpu.isalist = pentium_pro+mmx pentium_pro pentium+mmx pentium i486 i386 i86
2012-09-24 16:16:30.999+0000: --- STARTUP diagnostics END ---
2012-09-24 16:16:31.061+0000: Extension org.neo4j.kernel.KernelExtension[kernel jmx] loaded ok
2012-09-24 16:16:31.063+0000: Extension org.neo4j.kernel.KernelExtension[shell] loaded ok
2012-09-24 16:16:31.087+0000: Extension org.neo4j.kernel.KernelExtension[kernel udc] loaded ok
2012-09-24 16:16:31.091+0000: --- STARTUP diagnostics for KernelDiagnostics:Versions START ---
2012-09-24 16:16:31.091+0000: Graph Database: org.neo4j.kernel.EmbeddedGraphDatabase StoreId[time:1348503386916, id:1910106300018533813, store version: 13561656364791302]
2012-09-24 16:16:31.091+0000: Kernel version: Neo4j - Graph Database Kernel 1.7.2
2012-09-24 16:16:31.091+0000: Neo4j component versions:
2012-09-24 16:16:31.092+0000:   Neo4j - Graph Database Kernel 1.7.2
2012-09-24 16:16:31.092+0000: --- STARTUP diagnostics for KernelDiagnostics:Versions END ---
2012-09-24 16:16:31.095+0000: --- STARTUP diagnostics for NEO_STORE_VERSIONS START ---
2012-09-24 16:16:31.096+0000: Store versions:
    Store versions:
      NeoStore v0.A.0
      NodeStore v0.A.0
      RelationshipStore v0.A.0
      RelationshipTypeStore v0.A.0
      PropertyStore v0.A.0
      PropertyIndexStore v0.A.0
      StringPropertyStore v0.A.0
      ArrayPropertyStore v0.A.0
2012-09-24 16:16:31.096+0000: --- STARTUP diagnostics for NEO_STORE_VERSIONS END ---
2012-09-24 16:16:31.097+0000: --- STARTUP diagnostics for NEO_STORE_ID_USAGE START ---
2012-09-24 16:16:31.097+0000: Id usage:
    Id usage:
      NodeStore: used=1 high=0
      RelationshipStore: used=0 high=-1
      RelationshipTypeStore: used=0 high=-1
      PropertyStore: used=0 high=-1
      PropertyIndexStore: used=0 high=-1
      StringPropertyStore: used=1 high=0
      ArrayPropertyStore: used=1 high=0
2012-09-24 16:16:31.098+0000: --- STARTUP diagnostics for NEO_STORE_ID_USAGE END ---
2012-09-24 16:16:31.098+0000: --- STARTUP diagnostics for KernelDiagnostics:StoreFiles START ---
2012-09-24 16:16:31.098+0000: Storage files:
    active_tx_log: 11,00 B
    index:
      lucene-store.db: 40,00 B
      lucene.log.1: 16,00 B
      lucene.log.active: 4,00 B
    - Total: 60,00 B
    lock: 0,00 B
    messages.log: 16,90 kB
    neostore: 54,00 B
    neostore.id: 9,00 B
    neostore.nodestore.db: 9,00 B
    neostore.nodestore.db.id: 9,00 B
    neostore.propertystore.db: 0,00 B
    neostore.propertystore.db.arrays: 128,00 B
    neostore.propertystore.db.arrays.id: 9,00 B
    neostore.propertystore.db.id: 9,00 B
    neostore.propertystore.db.index: 0,00 B
    neostore.propertystore.db.index.id: 9,00 B
    neostore.propertystore.db.index.keys: 38,00 B
    neostore.propertystore.db.index.keys.id: 9,00 B
    neostore.propertystore.db.strings: 128,00 B
    neostore.propertystore.db.strings.id: 9,00 B
    neostore.relationshipstore.db: 0,00 B
    neostore.relationshipstore.db.id: 9,00 B
    neostore.relationshiptypestore.db: 0,00 B
    neostore.relationshiptypestore.db.id: 9,00 B
    neostore.relationshiptypestore.db.names: 38,00 B
    neostore.relationshiptypestore.db.names.id: 9,00 B
    nioneo_logical.log.1: 16,00 B
    nioneo_logical.log.active: 4,00 B
    tm_tx_log.1: 0,00 B
2012-09-24 16:16:31.105+0000: --- STARTUP diagnostics for KernelDiagnostics:StoreFiles END ---
2012-09-24 16:16:31.108+0000: Started - database is now available
2012-09-24 16:16:31.109+0000: GC Monitor started. 
2012-09-24 16:17:11.694+0000: Stopping - database is now unavailable
2012-09-24 16:17:11.743+0000: TM shutting down
2012-09-24 16:17:11.784+0000: GC Monitor stopped. 
2012-09-24 16:17:12.608+0000: Closed log C:\Users\Julian\Documents\NetBeansProjects\gitprojects\Kompetenzmanager\Kompetenzmanager\gwt\KompetenzManager\database\store\store4\index\lucene.log
2012-09-24 16:17:13.127+0000: Closed log C:\Users\Julian\Documents\NetBeansProjects\gitprojects\Kompetenzmanager\Kompetenzmanager\gwt\KompetenzManager\database\store\store4\nioneo_logical.log
2012-09-24 16:17:14.941+0000: NeoStore closed
2012-09-24 16:17:14.942+0000: --- SHUTDOWN diagnostics START ---
2012-09-24 16:17:14.942+0000: --- SHUTDOWN diagnostics END ---
